#
# A fatal error has been detected by the Java Runtime Environment:
#
#  EXCEPTION_ACCESS_VIOLATION (0xc0000005) at pc=0x00007ffc049ce0a9, pid=3784, tid=12900
#
# JRE version: OpenJDK Runtime Environment Microsoft-8035246 (17.0.8+7) (build 17.0.8+7-LTS)
# Java VM: OpenJDK 64-Bit Server VM Microsoft-8035246 (17.0.8+7-LTS, mixed mode, sharing, tiered, compressed oops, compressed class ptrs, g1 gc, windows-amd64)
# Problematic frame:
# V  [jvm.dll+0x2be0a9]
#
# No core dump will be written. Minidumps are not enabled by default on client versions of Windows
#
# If you would like to submit a bug report, please visit:
#   https://github.com/microsoft/openjdk/issues
#

---------------  S U M M A R Y ------------

Command Line: -XX:MaxMetaspaceSize=512m --add-opens=java.base/java.util=ALL-UNNAMED --add-opens=java.base/java.lang=ALL-UNNAMED --add-opens=java.base/java.lang.invoke=ALL-UNNAMED --add-opens=java.prefs/java.util.prefs=ALL-UNNAMED --add-opens=java.base/java.nio.charset=ALL-UNNAMED --add-opens=java.base/java.net=ALL-UNNAMED --add-opens=java.base/java.util.concurrent.atomic=ALL-UNNAMED -Xmx2048m -Dfile.encoding=windows-1252 -Duser.country=US -Duser.language=en -Duser.variant -javaagent:C:\Users\Hissam\.gradle\wrapper\dists\gradle-8.8-all\6gdy1pgp427xkqcjbxw3ylt6h\gradle-8.8\lib\agents\gradle-instrumentation-agent-8.8.jar org.gradle.launcher.daemon.bootstrap.GradleDaemon 8.8

Host: Intel(R) Core(TM) i5-6200U CPU @ 2.30GHz, 4 cores, 7G,  Windows 10 , 64 bit Build 19041 (10.0.19041.4717)
Time: Sat Aug 24 15:26:56 2024 Pakistan Standard Time elapsed time: 48.678261 seconds (0d 0h 0m 48s)

---------------  T H R E A D  ---------------

Current thread (0x0000016c7f89f990):  JavaThread "C2 CompilerThread0" daemon [_thread_in_native, id=12900, stack(0x00000013f5400000,0x00000013f5500000)]


Current CompileTask:
C2:  48678 12948       4       org.gradle.cache.internal.ExclusiveCacheAccessingWorker$1::call (10 bytes)

Stack: [0x00000013f5400000,0x00000013f5500000],  sp=0x00000013f54fb6f0,  free space=1005k
Native frames: (J=compiled Java code, j=interpreted, Vv=VM code, C=native code)
V  [jvm.dll+0x2be0a9]
V  [jvm.dll+0x21ba8b]
V  [jvm.dll+0x21944b]
V  [jvm.dll+0x1a56b6]
V  [jvm.dll+0x2291ea]
V  [jvm.dll+0x22724c]
V  [jvm.dll+0x7efd0c]
V  [jvm.dll+0x7ea13a]
V  [jvm.dll+0x67ad85]
C  [ucrtbase.dll+0x21bb2]
C  [KERNEL32.DLL+0x17374]
C  [ntdll.dll+0x4cc91]


siginfo: EXCEPTION_ACCESS_VIOLATION (0xc0000005), reading address 0x0000000000000028


Register to memory mapping:

RIP=0x00007ffc049ce0a9 jvm.dll
RAX=0x0000016c3fad8340 points into unknown readable memory: 0x0000000000000000 | 00 00 00 00 00 00 00 00
RBX=0x000000000000180d is an unknown value
RCX=0x0 is NULL
RDX=0x0 is NULL
RSP=0x00000013f54fb6f0 is pointing into the stack for thread: 0x0000016c7f89f990
RBP=0x00000013f54fb760 is pointing into the stack for thread: 0x0000016c7f89f990
RSI=0x0 is NULL
RDI=0x0000000000000048 is an unknown value
R8 =0x000000000000ffe0 is an unknown value
R9 =0x0 is NULL
R10=0x00007ffc3cdf0000 VCRUNTIME140.dll
R11=0x0000016c3fad8360 points into unknown readable memory: 0x0000000000000000 | 00 00 00 00 00 00 00 00
R12=0x0000000000000050 is an unknown value
R13=0x0 is NULL
R14=0x0 is NULL
R15=0x00000013f54fe910 is pointing into the stack for thread: 0x0000016c7f89f990


Registers:
RAX=0x0000016c3fad8340, RBX=0x000000000000180d, RCX=0x0000000000000000, RDX=0x0000000000000000
RSP=0x00000013f54fb6f0, RBP=0x00000013f54fb760, RSI=0x0000000000000000, RDI=0x0000000000000048
R8 =0x000000000000ffe0, R9 =0x0000000000000000, R10=0x00007ffc3cdf0000, R11=0x0000016c3fad8360
R12=0x0000000000000050, R13=0x0000000000000000, R14=0x0000000000000000, R15=0x00000013f54fe910
RIP=0x00007ffc049ce0a9, EFLAGS=0x0000000000010202

Top of Stack: (sp=0x00000013f54fb6f0)
0x00000013f54fb6f0:   000000000000180d 0000000000000000
0x00000013f54fb700:   00000013f54fe910 00007ffc049338d1
0x00000013f54fb710:   0000016c7f890270 00007ffc00002000
0x00000013f54fb720:   0000016c3fad8340 0000016c00000000
0x00000013f54fb730:   0000000000000002 0000016c3d6f4260
0x00000013f54fb740:   0000000000000002 0000016c7f890270
0x00000013f54fb750:   0000000000000000 0000000000000000
0x00000013f54fb760:   0000016c7f72eae0 0000016c7c6fbab0
0x00000013f54fb770:   0000000000000048 00007ffc05054c08
0x00000013f54fb780:   00000013f54fb890 00007ffc0492ba8b
0x00000013f54fb790:   00000013f54fe910 00007ffc05054c08
0x00000013f54fb7a0:   00000013f54fe910 00000013f54fb890
0x00000013f54fb7b0:   0000001300000000 00000013f54ff470
0x00000013f54fb7c0:   000000130000000f 00000013f54fe910
0x00000013f54fb7d0:   00000013f54fb940 00007ffc00000000
0x00000013f54fb7e0:   0000016c00000100 00007ffc05054c08 

Instructions: (pc=0x00007ffc049ce0a9)
0x00007ffc049cdfa9:   3b d0 75 0b ff c1 41 3b c9 7c dc 48 8b c2 c3 33
0x00007ffc049cdfb9:   c0 c3 cc cc cc cc cc 48 89 5c 24 18 55 56 57 41
0x00007ffc049cdfc9:   55 41 57 48 8b ec 48 83 ec 70 65 48 8b 04 25 58
0x00007ffc049cdfd9:   00 00 00 48 8b f2 44 8b 05 d2 8b 90 00 4c 8b f9
0x00007ffc049cdfe9:   4a 8b 1c c0 b8 50 00 00 00 80 3c 18 00 75 05 e8
0x00007ffc049cdff9:   8b 6f 5d 00 b8 20 00 00 00 48 8b 04 18 48 8b 98
0x00007ffc049ce009:   38 02 00 00 48 89 5d b0 c7 45 b8 04 00 00 00 48
0x00007ffc049ce019:   8b 43 18 48 83 f8 df 76 18 4c 8d 05 37 a9 65 00
0x00007ffc049ce029:   ba 20 00 00 00 48 8b cb e8 5a eb de ff 48 8b 43
0x00007ffc049ce039:   18 48 8d 48 20 48 3b 4b 20 76 11 45 33 c0 48 8b
0x00007ffc049ce049:   cb 41 8d 50 20 e8 fd e8 de ff eb 04 48 89 4b 18
0x00007ffc049ce059:   44 8b 45 b8 33 d2 49 c1 e0 03 48 8b c8 48 89 45
0x00007ffc049ce069:   c0 e8 e3 80 5d 00 45 33 ed 48 8d 4d d0 44 89 6d
0x00007ffc049ce079:   c8 e8 01 59 56 00 41 8b 9f 40 02 00 00 41 2b 9f
0x00007ffc049ce089:   68 02 00 00 44 89 6d f0 3b 5d b8 72 0b 8b d3 48
0x00007ffc049ce099:   8d 4d b0 e8 6f b3 39 00 48 8b 45 c0 4c 89 2c d8
0x00007ffc049ce0a9:   8b 7e 28 8b df c1 eb 05 3b 5d d0 72 0b 8b d3 48
0x00007ffc049ce0b9:   8d 4d d0 e8 1f 59 56 00 48 8b 45 d8 83 e7 1f 48
0x00007ffc049ce0c9:   8d 14 98 40 0f b6 cf 41 b8 01 00 00 00 41 d3 e0
0x00007ffc049ce0d9:   8b 0a 8b c1 41 0b c0 89 02 41 85 c8 75 21 8b 5d
0x00007ffc049ce0e9:   c8 8d 43 01 89 45 c8 3b 5d b8 72 0b 8b d3 48 8d
0x00007ffc049ce0f9:   4d b0 e8 10 b3 39 00 48 8b 45 c0 48 89 34 d8 44
0x00007ffc049ce109:   39 6d c8 0f 86 77 01 00 00 4c 89 a4 24 a0 00 00
0x00007ffc049ce119:   00 4c 89 b4 24 a8 00 00 00 48 8b 45 c0 41 8b cd
0x00007ffc049ce129:   48 8b 34 c8 8b 46 2c 25 ff 1f 00 00 3d 04 10 00
0x00007ffc049ce139:   00 0f 85 a7 00 00 00 bb 01 00 00 00 39 5e 18 76
0x00007ffc049ce149:   39 66 0f 1f 44 00 00 48 8b 46 08 8b cb 48 8b 14
0x00007ffc049ce159:   c8 48 85 d2 74 1d 48 83 7a 10 00 74 16 80 7a 2c
0x00007ffc049ce169:   84 74 10 e8 7f 7e ee ff 48 8b d0 49 8b cf e8 a4
0x00007ffc049ce179:   61 f6 ff ff c3 3b 5e 18 72 cd 48 8b 5e 10 8b 46
0x00007ffc049ce189:   20 4c 8d 34 c3 49 3b de 73 54 48 8b 3b 8b 47 2c
0x00007ffc049ce199:   83 e0 03 3c 03 75 2e 48 8b 07 48 8b cf ff 90 88 


Stack slot to memory mapping:
stack at sp + 0 slots: 0x000000000000180d is an unknown value
stack at sp + 1 slots: 0x0 is NULL
stack at sp + 2 slots: 0x00000013f54fe910 is pointing into the stack for thread: 0x0000016c7f89f990
stack at sp + 3 slots: 0x00007ffc049338d1 jvm.dll
stack at sp + 4 slots: 0x0000016c7f890270 points into unknown readable memory: 0x0000016c00000006 | 06 00 00 00 6c 01 00 00
stack at sp + 5 slots: 0x00007ffc00002000 is an unknown value
stack at sp + 6 slots: 0x0000016c3fad8340 points into unknown readable memory: 0x0000000000000000 | 00 00 00 00 00 00 00 00
stack at sp + 7 slots: 0x0000016c00000000 points into unknown readable memory: 0x00010000cafedada | da da fe ca 00 00 01 00


---------------  P R O C E S S  ---------------

Threads class SMR info:
_java_thread_list=0x0000016c3fe86500, length=90, elements={
0x0000016c7c6e4880, 0x0000016c7f8795e0, 0x0000016c7f87a370, 0x0000016c7f891e20,
0x0000016c7f8949c0, 0x0000016c7f896400, 0x0000016c7f89ece0, 0x0000016c7f89f990,
0x0000016c7f8a3850, 0x0000016c7f8a7180, 0x0000016c7f863b70, 0x0000016c1acf5d00,
0x0000016c3af906a0, 0x0000016c3b592b30, 0x0000016c3b60c020, 0x0000016c3b7f85b0,
0x0000016c3b516e50, 0x0000016c3b5f25c0, 0x0000016c3b5f3f10, 0x0000016c3b5f1180,
0x0000016c3b5f20b0, 0x0000016c3b5f1690, 0x0000016c3b5f2fe0, 0x0000016c3b5f2ad0,
0x0000016c3b5f1ba0, 0x0000016c3d0822f0, 0x0000016c3d087900, 0x0000016c3d082800,
0x0000016c3d088320, 0x0000016c3d089250, 0x0000016c3d088d40, 0x0000016c3d0873f0,
0x0000016c3d083220, 0x0000016c3d0869d0, 0x0000016c3d083c40, 0x0000016c3d084150,
0x0000016c3d0864c0, 0x0000016c3d084660, 0x0000016c3d085080, 0x0000016c3d085fb0,
0x0000016c3d085590, 0x0000016c3d085aa0, 0x0000016c3cf1c4a0, 0x0000016c3cf1bf90,
0x0000016c3cf1c9b0, 0x0000016c3cf1e810, 0x0000016c3cf1ba80, 0x0000016c3cf1d8e0,
0x0000016c3cf1b060, 0x0000016c3cf1cec0, 0x0000016c3cf1d3d0, 0x0000016c3cf1b570,
0x0000016c3aa04320, 0x0000016c3aa03900, 0x0000016c3aa01fb0, 0x0000016c3aa024c0,
0x0000016c3aa04830, 0x0000016c3aa03e10, 0x0000016c3aa04d40, 0x0000016c3aa033f0,
0x0000016c3aa02ee0, 0x0000016c3aa05250, 0x0000016c3aa01aa0, 0x0000016c3aa029d0,
0x0000016c3ef6b650, 0x0000016c3ef688c0, 0x0000016c3ef6ac30, 0x0000016c3ef6b140,
0x0000016c3ef6bb60, 0x0000016c3ef683b0, 0x0000016c3ef6a720, 0x0000016c3ef68dd0,
0x0000016c3ef692e0, 0x0000016c3ef697f0, 0x0000016c3ef6a210, 0x0000016c3c3f45a0,
0x0000016c3c3f2c50, 0x0000016c3c3f3670, 0x0000016c3c3f1d20, 0x0000016c3c3eea80,
0x0000016c3c3ef4a0, 0x0000016c3c3ef9b0, 0x0000016c3c3f3b80, 0x0000016c3c3f08e0,
0x0000016c3c3efec0, 0x0000016c3c3f4ab0, 0x0000016c3c3f4fc0, 0x0000016c3c3f1300,
0x0000016c3abd4490, 0x0000016c3c3eef90
}

Java Threads: ( => current thread )
  0x0000016c7c6e4880 JavaThread "main" [_thread_blocked, id=10940, stack(0x00000013f4700000,0x00000013f4800000)]
  0x0000016c7f8795e0 JavaThread "Reference Handler" daemon [_thread_blocked, id=2792, stack(0x00000013f4e00000,0x00000013f4f00000)]
  0x0000016c7f87a370 JavaThread "Finalizer" daemon [_thread_blocked, id=1900, stack(0x00000013f4f00000,0x00000013f5000000)]
  0x0000016c7f891e20 JavaThread "Signal Dispatcher" daemon [_thread_blocked, id=12892, stack(0x00000013f5000000,0x00000013f5100000)]
  0x0000016c7f8949c0 JavaThread "Attach Listener" daemon [_thread_blocked, id=1532, stack(0x00000013f5100000,0x00000013f5200000)]
  0x0000016c7f896400 JavaThread "Service Thread" daemon [_thread_blocked, id=9452, stack(0x00000013f5200000,0x00000013f5300000)]
  0x0000016c7f89ece0 JavaThread "Monitor Deflation Thread" daemon [_thread_blocked, id=4780, stack(0x00000013f5300000,0x00000013f5400000)]
=>0x0000016c7f89f990 JavaThread "C2 CompilerThread0" daemon [_thread_in_native, id=12900, stack(0x00000013f5400000,0x00000013f5500000)]
  0x0000016c7f8a3850 JavaThread "C1 CompilerThread0" daemon [_thread_blocked, id=8876, stack(0x00000013f5500000,0x00000013f5600000)]
  0x0000016c7f8a7180 JavaThread "Sweeper thread" daemon [_thread_blocked, id=11516, stack(0x00000013f5600000,0x00000013f5700000)]
  0x0000016c7f863b70 JavaThread "Common-Cleaner" daemon [_thread_blocked, id=12880, stack(0x00000013f5700000,0x00000013f5800000)]
  0x0000016c1acf5d00 JavaThread "Notification Thread" daemon [_thread_blocked, id=12884, stack(0x00000013f5800000,0x00000013f5900000)]
  0x0000016c3af906a0 JavaThread "Daemon health stats" [_thread_blocked, id=3524, stack(0x00000013f5e00000,0x00000013f5f00000)]
  0x0000016c3b592b30 JavaThread "Incoming local TCP Connector on port 50174" [_thread_in_native, id=3060, stack(0x00000013f5f00000,0x00000013f6000000)]
  0x0000016c3b60c020 JavaThread "Daemon periodic checks" [_thread_blocked, id=3488, stack(0x00000013f6000000,0x00000013f6100000)]
  0x0000016c3b7f85b0 JavaThread "Daemon" [_thread_blocked, id=12928, stack(0x00000013f6100000,0x00000013f6200000)]
  0x0000016c3b516e50 JavaThread "Handler for socket connection from /127.0.0.1:50174 to /127.0.0.1:50175" [_thread_in_native, id=12936, stack(0x00000013f6200000,0x00000013f6300000)]
  0x0000016c3b5f25c0 JavaThread "Cancel handler" [_thread_blocked, id=10748, stack(0x00000013f6300000,0x00000013f6400000)]
  0x0000016c3b5f3f10 JavaThread "Daemon worker" [_thread_in_native, id=12728, stack(0x00000013f6400000,0x00000013f6500000)]
  0x0000016c3b5f1180 JavaThread "Asynchronous log dispatcher for DefaultDaemonConnection: socket connection from /127.0.0.1:50174 to /127.0.0.1:50175" [_thread_blocked, id=12960, stack(0x00000013f6500000,0x00000013f6600000)]
  0x0000016c3b5f20b0 JavaThread "Stdin handler" [_thread_blocked, id=4116, stack(0x00000013f6600000,0x00000013f6700000)]
  0x0000016c3b5f1690 JavaThread "Daemon client event forwarder" [_thread_blocked, id=10268, stack(0x00000013f6700000,0x00000013f6800000)]
  0x0000016c3b5f2fe0 JavaThread "Cache worker for journal cache (C:\Users\Hissam\.gradle\caches\journal-1)" [_thread_blocked, id=10444, stack(0x00000013f5a00000,0x00000013f5b00000)]
  0x0000016c3b5f2ad0 JavaThread "File lock request listener" [_thread_in_native, id=4388, stack(0x00000013f6800000,0x00000013f6900000)]
  0x0000016c3b5f1ba0 JavaThread "Cache worker for file hash cache (C:\Users\Hissam\.gradle\caches\8.8\fileHashes)" [_thread_blocked, id=12912, stack(0x00000013f6900000,0x00000013f6a00000)]
  0x0000016c3d0822f0 JavaThread "Cache worker for file hash cache (C:\Users\Hissam\Downloads\nymvp-main\android\.gradle\8.8\fileHashes)" [_thread_blocked, id=6672, stack(0x00000013f6b00000,0x00000013f6c00000)]
  0x0000016c3d087900 JavaThread "File watcher server" daemon [_thread_in_native, id=12720, stack(0x00000013f6c00000,0x00000013f6d00000)]
  0x0000016c3d082800 JavaThread "File watcher consumer" daemon [_thread_blocked, id=1868, stack(0x00000013f6d00000,0x00000013f6e00000)]
  0x0000016c3d088320 JavaThread "Cache worker for checksums cache (C:\Users\Hissam\Downloads\nymvp-main\android\.gradle\8.8\checksums)" [_thread_blocked, id=2756, stack(0x00000013f6e00000,0x00000013f6f00000)]
  0x0000016c3d089250 JavaThread "Cache worker for file content cache (C:\Users\Hissam\.gradle\caches\8.8\fileContent)" [_thread_blocked, id=8032, stack(0x00000013f6f00000,0x00000013f7000000)]
  0x0000016c3d088d40 JavaThread "Cache worker for cache directory md-rule (C:\Users\Hissam\.gradle\caches\8.8\md-rule)" [_thread_blocked, id=2680, stack(0x00000013f7000000,0x00000013f7100000)]
  0x0000016c3d0873f0 JavaThread "Cache worker for cache directory md-supplier (C:\Users\Hissam\.gradle\caches\8.8\md-supplier)" [_thread_blocked, id=3088, stack(0x00000013f7100000,0x00000013f7200000)]
  0x0000016c3d083220 JavaThread "jar transforms" [_thread_blocked, id=3576, stack(0x00000013f7200000,0x00000013f7300000)]
  0x0000016c3d0869d0 JavaThread "Unconstrained build operations" [_thread_blocked, id=8516, stack(0x00000013f7400000,0x00000013f7500000)]
  0x0000016c3d083c40 JavaThread "Unconstrained build operations Thread 2" [_thread_blocked, id=6652, stack(0x00000013f7500000,0x00000013f7600000)]
  0x0000016c3d084150 JavaThread "Unconstrained build operations Thread 3" [_thread_blocked, id=12388, stack(0x00000013f7600000,0x00000013f7700000)]
  0x0000016c3d0864c0 JavaThread "Unconstrained build operations Thread 4" [_thread_blocked, id=5308, stack(0x00000013f7700000,0x00000013f7800000)]
  0x0000016c3d084660 JavaThread "Unconstrained build operations Thread 5" [_thread_blocked, id=8200, stack(0x00000013f7800000,0x00000013f7900000)]
  0x0000016c3d085080 JavaThread "Unconstrained build operations Thread 6" [_thread_blocked, id=9108, stack(0x00000013f7900000,0x00000013f7a00000)]
  0x0000016c3d085fb0 JavaThread "Cache worker for Build Output Cleanup Cache (C:\Users\Hissam\Downloads\nymvp-main\node_modules\@react-native\gradle-plugin\.gradle\buildOutputCleanup)" [_thread_blocked, id=1688, stack(0x00000013f7a00000,0x00000013f7b00000)]
  0x0000016c3d085590 JavaThread "Unconstrained build operations Thread 7" [_thread_blocked, id=12332, stack(0x00000013f7b00000,0x00000013f7c00000)]
  0x0000016c3d085aa0 JavaThread "Unconstrained build operations Thread 8" [_thread_blocked, id=13256, stack(0x00000013f7c00000,0x00000013f7d00000)]
  0x0000016c3cf1c4a0 JavaThread "Unconstrained build operations Thread 9" [_thread_blocked, id=12344, stack(0x00000013f7d00000,0x00000013f7e00000)]
  0x0000016c3cf1bf90 JavaThread "Unconstrained build operations Thread 10" [_thread_blocked, id=3684, stack(0x00000013f7e00000,0x00000013f7f00000)]
  0x0000016c3cf1c9b0 JavaThread "Unconstrained build operations Thread 11" [_thread_blocked, id=5344, stack(0x00000013f7f00000,0x00000013f8000000)]
  0x0000016c3cf1e810 JavaThread "Unconstrained build operations Thread 12" [_thread_blocked, id=11184, stack(0x00000013f8000000,0x00000013f8100000)]
  0x0000016c3cf1ba80 JavaThread "Unconstrained build operations Thread 13" [_thread_blocked, id=6128, stack(0x00000013f8100000,0x00000013f8200000)]
  0x0000016c3cf1d8e0 JavaThread "Unconstrained build operations Thread 14" [_thread_blocked, id=3712, stack(0x00000013f8200000,0x00000013f8300000)]
  0x0000016c3cf1b060 JavaThread "Unconstrained build operations Thread 15" [_thread_blocked, id=12264, stack(0x00000013f8300000,0x00000013f8400000)]
  0x0000016c3cf1cec0 JavaThread "Memory manager" [_thread_blocked, id=4812, stack(0x00000013f8400000,0x00000013f8500000)]
  0x0000016c3cf1d3d0 JavaThread "build event listener" [_thread_blocked, id=7492, stack(0x00000013f8500000,0x00000013f8600000)]
  0x0000016c3cf1b570 JavaThread "ForkJoinPool.commonPool-worker-1" daemon [_thread_blocked, id=9696, stack(0x00000013f8600000,0x00000013f8700000)]
  0x0000016c3aa04320 JavaThread "ForkJoinPool.commonPool-worker-2" daemon [_thread_blocked, id=8908, stack(0x00000013f8700000,0x00000013f8800000)]
  0x0000016c3aa03900 JavaThread "ForkJoinPool.commonPool-worker-3" daemon [_thread_blocked, id=6548, stack(0x00000013f8800000,0x00000013f8900000)]
  0x0000016c3aa01fb0 JavaThread "included builds" [_thread_blocked, id=3032, stack(0x00000013f8900000,0x00000013f8a00000)]
  0x0000016c3aa024c0 JavaThread "Execution worker" [_thread_blocked, id=9416, stack(0x00000013f8a00000,0x00000013f8b00000)]
  0x0000016c3aa04830 JavaThread "Execution worker Thread 2" [_thread_blocked, id=3156, stack(0x00000013f8b00000,0x00000013f8c00000)]
  0x0000016c3aa03e10 JavaThread "Execution worker Thread 3" [_thread_blocked, id=10688, stack(0x00000013f8c00000,0x00000013f8d00000)]
  0x0000016c3aa04d40 JavaThread "Cache worker for execution history cache (C:\Users\Hissam\Downloads\nymvp-main\node_modules\@react-native\gradle-plugin\.gradle\8.8\executionHistory)" [_thread_blocked, id=5892, stack(0x00000013f8d00000,0x00000013f8e00000)]
  0x0000016c3aa033f0 JavaThread "Unconstrained build operations Thread 16" [_thread_blocked, id=9524, stack(0x00000013f6a00000,0x00000013f6b00000)]
  0x0000016c3aa02ee0 JavaThread "Unconstrained build operations Thread 17" [_thread_blocked, id=812, stack(0x00000013f8e00000,0x00000013f8f00000)]
  0x0000016c3aa05250 JavaThread "Unconstrained build operations Thread 18" [_thread_blocked, id=9820, stack(0x00000013f8f00000,0x00000013f9000000)]
  0x0000016c3aa01aa0 JavaThread "Unconstrained build operations Thread 19" [_thread_blocked, id=8492, stack(0x00000013f9000000,0x00000013f9100000)]
  0x0000016c3aa029d0 JavaThread "Unconstrained build operations Thread 20" [_thread_blocked, id=7416, stack(0x00000013f9100000,0x00000013f9200000)]
  0x0000016c3ef6b650 JavaThread "Unconstrained build operations Thread 21" [_thread_blocked, id=6104, stack(0x00000013f9200000,0x00000013f9300000)]
  0x0000016c3ef688c0 JavaThread "Unconstrained build operations Thread 22" [_thread_blocked, id=3096, stack(0x00000013f9300000,0x00000013f9400000)]
  0x0000016c3ef6ac30 JavaThread "Unconstrained build operations Thread 23" [_thread_blocked, id=2648, stack(0x00000013f9400000,0x00000013f9500000)]
  0x0000016c3ef6b140 JavaThread "Unconstrained build operations Thread 24" [_thread_blocked, id=11304, stack(0x00000013f9500000,0x00000013f9600000)]
  0x0000016c3ef6bb60 JavaThread "Unconstrained build operations Thread 25" [_thread_blocked, id=6844, stack(0x00000013f9600000,0x00000013f9700000)]
  0x0000016c3ef683b0 JavaThread "Unconstrained build operations Thread 26" [_thread_in_native, id=944, stack(0x00000013f9700000,0x00000013f9800000)]
  0x0000016c3ef6a720 JavaThread "Unconstrained build operations Thread 27" [_thread_blocked, id=12664, stack(0x00000013f9800000,0x00000013f9900000)]
  0x0000016c3ef68dd0 JavaThread "Unconstrained build operations Thread 28" [_thread_in_native, id=8244, stack(0x00000013f9900000,0x00000013f9a00000)]
  0x0000016c3ef692e0 JavaThread "Unconstrained build operations Thread 29" [_thread_blocked, id=996, stack(0x00000013f9a00000,0x00000013f9b00000)]
  0x0000016c3ef697f0 JavaThread "Unconstrained build operations Thread 30" [_thread_in_native, id=10356, stack(0x00000013f9b00000,0x00000013f9c00000)]
  0x0000016c3ef6a210 JavaThread "Unconstrained build operations Thread 31" [_thread_blocked, id=8280, stack(0x00000013f9c00000,0x00000013f9d00000)]
  0x0000016c3c3f45a0 JavaThread "Unconstrained build operations Thread 32" [_thread_blocked, id=6640, stack(0x00000013f9d00000,0x00000013f9e00000)]
  0x0000016c3c3f2c50 JavaThread "Unconstrained build operations Thread 33" [_thread_blocked, id=2768, stack(0x00000013f9e00000,0x00000013f9f00000)]
  0x0000016c3c3f3670 JavaThread "Unconstrained build operations Thread 34" [_thread_blocked, id=12996, stack(0x00000013f9f00000,0x00000013fa000000)]
  0x0000016c3c3f1d20 JavaThread "Unconstrained build operations Thread 35" [_thread_blocked, id=11648, stack(0x00000013fa000000,0x00000013fa100000)]
  0x0000016c3c3eea80 JavaThread "Unconstrained build operations Thread 36" [_thread_blocked, id=12732, stack(0x00000013fa100000,0x00000013fa200000)]
  0x0000016c3c3ef4a0 JavaThread "jar transforms Thread 2" [_thread_blocked, id=5416, stack(0x00000013fa200000,0x00000013fa300000)]
  0x0000016c3c3ef9b0 JavaThread "Cache worker for Build Output Cleanup Cache (C:\Users\Hissam\Downloads\nymvp-main\android\.gradle\buildOutputCleanup)" [_thread_blocked, id=10916, stack(0x00000013fa400000,0x00000013fa500000)]
  0x0000016c3c3f3b80 JavaThread "jar transforms Thread 3" [_thread_blocked, id=4032, stack(0x00000013fa500000,0x00000013fa600000)]
  0x0000016c3c3f08e0 JavaThread "Unconstrained build operations Thread 37" [_thread_blocked, id=920, stack(0x00000013fa800000,0x00000013fa900000)]
  0x0000016c3c3efec0 JavaThread "Unconstrained build operations Thread 38" [_thread_blocked, id=6012, stack(0x00000013fa900000,0x00000013faa00000)]
  0x0000016c3c3f4ab0 JavaThread "Unconstrained build operations Thread 39" [_thread_blocked, id=6992, stack(0x00000013faa00000,0x00000013fab00000)]
  0x0000016c3c3f4fc0 JavaThread "Unconstrained build operations Thread 40" [_thread_blocked, id=12076, stack(0x00000013fab00000,0x00000013fac00000)]
  0x0000016c3c3f1300 JavaThread "jar transforms Thread 4" [_thread_blocked, id=8732, stack(0x00000013fac00000,0x00000013fad00000)]
  0x0000016c3abd4490 JavaThread "C2 CompilerThread1" daemon [_thread_in_native, id=1248, stack(0x00000013fa300000,0x00000013fa400000)]
  0x0000016c3c3eef90 JavaThread "build event listener" [_thread_blocked, id=6312, stack(0x00000013fad00000,0x00000013fae00000)]

Other Threads:
  0x0000016c7f873ab0 VMThread "VM Thread" [stack: 0x00000013f4d00000,0x00000013f4e00000] [id=2164]
  0x0000016c1acf2a30 WatcherThread [stack: 0x00000013f5900000,0x00000013f5a00000] [id=6032]
  0x0000016c7a54e7d0 GCTaskThread "GC Thread#0" [stack: 0x00000013f4800000,0x00000013f4900000] [id=7548]
  0x0000016c1add8f20 GCTaskThread "GC Thread#1" [stack: 0x00000013f5b00000,0x00000013f5c00000] [id=6688]
  0x0000016c1add91e0 GCTaskThread "GC Thread#2" [stack: 0x00000013f5c00000,0x00000013f5d00000] [id=2644]
  0x0000016c3aa48cf0 GCTaskThread "GC Thread#3" [stack: 0x00000013f5d00000,0x00000013f5e00000] [id=12964]
  0x0000016c7c751310 ConcurrentGCThread "G1 Main Marker" [stack: 0x00000013f4900000,0x00000013f4a00000] [id=1536]
  0x0000016c7c751c30 ConcurrentGCThread "G1 Conc#0" [stack: 0x00000013f4a00000,0x00000013f4b00000] [id=7056]
  0x0000016c7f72d5c0 ConcurrentGCThread "G1 Refine#0" [stack: 0x00000013f4b00000,0x00000013f4c00000] [id=9296]
  0x0000016c3bd35640 ConcurrentGCThread "G1 Refine#1" [stack: 0x00000013f7300000,0x00000013f7400000] [id=5688]
  0x0000016c7f72de00 ConcurrentGCThread "G1 Service" [stack: 0x00000013f4c00000,0x00000013f4d00000] [id=10896]

Threads with active compile tasks:
C2 CompilerThread0    48875 12948       4       org.gradle.cache.internal.ExclusiveCacheAccessingWorker$1::call (10 bytes)
C2 CompilerThread1    48875 12958       4       org.gradle.internal.vfs.impl.DefaultFileSystemAccess::readSnapshotFromLocation (27 bytes)

VM state: not at safepoint (normal execution)

VM Mutex/Monitor currently owned by a thread: None

Heap address: 0x0000000080000000, size: 2048 MB, Compressed Oops mode: 32-bit

CDS archive(s) mapped at: [0x0000016c1b000000-0x0000016c1bbd0000-0x0000016c1bbd0000), size 12386304, SharedBaseAddress: 0x0000016c1b000000, ArchiveRelocationMode: 1.
Compressed class space mapped at: 0x0000016c1c000000-0x0000016c36000000, reserved size: 436207616
Narrow klass base: 0x0000016c1b000000, Narrow klass shift: 0, Narrow klass range: 0x100000000

GC Precious Log:
 CPUs: 4 total, 4 available
 Memory: 8071M
 Large Page Support: Disabled
 NUMA Support: Disabled
 Compressed Oops: Enabled (32-bit)
 Heap Region Size: 1M
 Heap Min Capacity: 8M
 Heap Initial Capacity: 128M
 Heap Max Capacity: 2G
 Pre-touch: Disabled
 Parallel Workers: 4
 Concurrent Workers: 1
 Concurrent Refinement Workers: 4
 Periodic GC: Disabled

Heap:
 garbage-first heap   total 243712K, used 198594K [0x0000000080000000, 0x0000000100000000)
  region size 1024K, 81 young (82944K), 11 survivors (11264K)
 Metaspace       used 97579K, committed 98560K, reserved 557056K
  class space    used 13653K, committed 14080K, reserved 425984K

Heap Regions: E=young(eden), S=young(survivor), O=old, HS=humongous(starts), HC=humongous(continues), CS=collection set, F=free, OA=open archive, CA=closed archive, TAMS=top-at-mark-start (previous, next)
|   0|0x0000000080000000, 0x0000000080100000, 0x0000000080100000|100%|HS|  |TAMS 0x0000000080100000, 0x0000000080000000| Complete 
|   1|0x0000000080100000, 0x0000000080200000, 0x0000000080200000|100%|HC|  |TAMS 0x0000000080200000, 0x0000000080100000| Complete 
|   2|0x0000000080200000, 0x0000000080300000, 0x0000000080300000|100%|HC|  |TAMS 0x0000000080300000, 0x0000000080200000| Complete 
|   3|0x0000000080300000, 0x0000000080400000, 0x0000000080400000|100%|HC|  |TAMS 0x0000000080400000, 0x0000000080300000| Complete 
|   4|0x0000000080400000, 0x0000000080500000, 0x0000000080500000|100%| O|  |TAMS 0x0000000080500000, 0x0000000080400000| Untracked 
|   5|0x0000000080500000, 0x0000000080600000, 0x0000000080600000|100%| O|  |TAMS 0x0000000080600000, 0x0000000080500000| Untracked 
|   6|0x0000000080600000, 0x0000000080700000, 0x0000000080700000|100%| O|  |TAMS 0x0000000080700000, 0x0000000080600000| Untracked 
|   7|0x0000000080700000, 0x0000000080800000, 0x0000000080800000|100%| O|  |TAMS 0x0000000080800000, 0x0000000080700000| Untracked 
|   8|0x0000000080800000, 0x0000000080900000, 0x0000000080900000|100%| O|  |TAMS 0x0000000080900000, 0x0000000080800000| Untracked 
|   9|0x0000000080900000, 0x0000000080a00000, 0x0000000080a00000|100%| O|  |TAMS 0x0000000080a00000, 0x0000000080900000| Untracked 
|  10|0x0000000080a00000, 0x0000000080b00000, 0x0000000080b00000|100%| O|  |TAMS 0x0000000080b00000, 0x0000000080a00000| Untracked 
|  11|0x0000000080b00000, 0x0000000080c00000, 0x0000000080c00000|100%|HS|  |TAMS 0x0000000080c00000, 0x0000000080b00000| Complete 
|  12|0x0000000080c00000, 0x0000000080d00000, 0x0000000080d00000|100%| O|  |TAMS 0x0000000080d00000, 0x0000000080c00000| Untracked 
|  13|0x0000000080d00000, 0x0000000080e00000, 0x0000000080e00000|100%| O|  |TAMS 0x0000000080e00000, 0x0000000080d00000| Untracked 
|  14|0x0000000080e00000, 0x0000000080f00000, 0x0000000080f00000|100%| O|  |TAMS 0x0000000080f00000, 0x0000000080e00000| Untracked 
|  15|0x0000000080f00000, 0x0000000081000000, 0x0000000081000000|100%| O|  |TAMS 0x0000000081000000, 0x0000000080f00000| Untracked 
|  16|0x0000000081000000, 0x0000000081100000, 0x0000000081100000|100%| O|  |TAMS 0x0000000081100000, 0x0000000081000000| Untracked 
|  17|0x0000000081100000, 0x0000000081200000, 0x0000000081200000|100%| O|  |TAMS 0x0000000081200000, 0x0000000081100000| Untracked 
|  18|0x0000000081200000, 0x0000000081300000, 0x0000000081300000|100%| O|  |TAMS 0x0000000081300000, 0x0000000081200000| Untracked 
|  19|0x0000000081300000, 0x0000000081400000, 0x0000000081400000|100%| O|  |TAMS 0x0000000081400000, 0x0000000081300000| Untracked 
|  20|0x0000000081400000, 0x0000000081500000, 0x0000000081500000|100%| O|  |TAMS 0x0000000081400000, 0x0000000081400000| Untracked 
|  21|0x0000000081500000, 0x0000000081600000, 0x0000000081600000|100%| O|  |TAMS 0x0000000081600000, 0x0000000081500000| Untracked 
|  22|0x0000000081600000, 0x0000000081700000, 0x0000000081700000|100%| O|  |TAMS 0x0000000081700000, 0x0000000081600000| Untracked 
|  23|0x0000000081700000, 0x0000000081800000, 0x0000000081800000|100%| O|  |TAMS 0x0000000081800000, 0x0000000081700000| Untracked 
|  24|0x0000000081800000, 0x0000000081900000, 0x0000000081900000|100%| O|  |TAMS 0x0000000081900000, 0x0000000081800000| Untracked 
|  25|0x0000000081900000, 0x0000000081a00000, 0x0000000081a00000|100%| O|  |TAMS 0x0000000081a00000, 0x0000000081900000| Untracked 
|  26|0x0000000081a00000, 0x0000000081b00000, 0x0000000081b00000|100%| O|  |TAMS 0x0000000081b00000, 0x0000000081a00000| Untracked 
|  27|0x0000000081b00000, 0x0000000081c00000, 0x0000000081c00000|100%| O|  |TAMS 0x0000000081c00000, 0x0000000081b00000| Untracked 
|  28|0x0000000081c00000, 0x0000000081d00000, 0x0000000081d00000|100%| O|  |TAMS 0x0000000081d00000, 0x0000000081c00000| Untracked 
|  29|0x0000000081d00000, 0x0000000081e00000, 0x0000000081e00000|100%| O|  |TAMS 0x0000000081e00000, 0x0000000081d00000| Untracked 
|  30|0x0000000081e00000, 0x0000000081f00000, 0x0000000081f00000|100%| O|  |TAMS 0x0000000081f00000, 0x0000000081e00000| Untracked 
|  31|0x0000000081f00000, 0x0000000082000000, 0x0000000082000000|100%| O|  |TAMS 0x0000000082000000, 0x0000000081f00000| Untracked 
|  32|0x0000000082000000, 0x0000000082100000, 0x0000000082100000|100%| O|  |TAMS 0x0000000082100000, 0x0000000082000000| Untracked 
|  33|0x0000000082100000, 0x0000000082200000, 0x0000000082200000|100%| O|  |TAMS 0x0000000082200000, 0x0000000082100000| Untracked 
|  34|0x0000000082200000, 0x0000000082300000, 0x0000000082300000|100%| O|  |TAMS 0x0000000082300000, 0x0000000082200000| Untracked 
|  35|0x0000000082300000, 0x0000000082400000, 0x0000000082400000|100%| O|  |TAMS 0x0000000082400000, 0x0000000082300000| Untracked 
|  36|0x0000000082400000, 0x0000000082500000, 0x0000000082500000|100%| O|  |TAMS 0x0000000082500000, 0x0000000082400000| Untracked 
|  37|0x0000000082500000, 0x0000000082600000, 0x0000000082600000|100%| O|  |TAMS 0x0000000082600000, 0x0000000082500000| Untracked 
|  38|0x0000000082600000, 0x0000000082700000, 0x0000000082700000|100%| O|  |TAMS 0x0000000082700000, 0x0000000082600000| Untracked 
|  39|0x0000000082700000, 0x0000000082800000, 0x0000000082800000|100%| O|  |TAMS 0x0000000082800000, 0x0000000082700000| Untracked 
|  40|0x0000000082800000, 0x0000000082900000, 0x0000000082900000|100%| O|  |TAMS 0x0000000082900000, 0x0000000082800000| Untracked 
|  41|0x0000000082900000, 0x0000000082a00000, 0x0000000082a00000|100%| O|  |TAMS 0x0000000082a00000, 0x0000000082900000| Untracked 
|  42|0x0000000082a00000, 0x0000000082b00000, 0x0000000082b00000|100%| O|  |TAMS 0x0000000082b00000, 0x0000000082a00000| Untracked 
|  43|0x0000000082b00000, 0x0000000082c00000, 0x0000000082c00000|100%|HS|  |TAMS 0x0000000082b00000, 0x0000000082b00000| Complete 
|  44|0x0000000082c00000, 0x0000000082d00000, 0x0000000082d00000|100%| O|  |TAMS 0x0000000082d00000, 0x0000000082c00000| Untracked 
|  45|0x0000000082d00000, 0x0000000082e00000, 0x0000000082e00000|100%|HS|  |TAMS 0x0000000082e00000, 0x0000000082d00000| Complete 
|  46|0x0000000082e00000, 0x0000000082f00000, 0x0000000082f00000|100%|HC|  |TAMS 0x0000000082f00000, 0x0000000082e00000| Complete 
|  47|0x0000000082f00000, 0x0000000083000000, 0x0000000083000000|100%|HS|  |TAMS 0x0000000083000000, 0x0000000082f00000| Complete 
|  48|0x0000000083000000, 0x0000000083100000, 0x0000000083100000|100%|HC|  |TAMS 0x0000000083100000, 0x0000000083000000| Complete 
|  49|0x0000000083100000, 0x0000000083200000, 0x0000000083200000|100%|HS|  |TAMS 0x0000000083200000, 0x0000000083100000| Complete 
|  50|0x0000000083200000, 0x0000000083300000, 0x0000000083300000|100%|HC|  |TAMS 0x0000000083300000, 0x0000000083200000| Complete 
|  51|0x0000000083300000, 0x0000000083400000, 0x0000000083400000|100%|HC|  |TAMS 0x0000000083400000, 0x0000000083300000| Complete 
|  52|0x0000000083400000, 0x0000000083500000, 0x0000000083500000|100%|HC|  |TAMS 0x0000000083500000, 0x0000000083400000| Complete 
|  53|0x0000000083500000, 0x0000000083600000, 0x0000000083600000|100%|HS|  |TAMS 0x0000000083600000, 0x0000000083500000| Complete 
|  54|0x0000000083600000, 0x0000000083700000, 0x0000000083700000|100%|HC|  |TAMS 0x0000000083700000, 0x0000000083600000| Complete 
|  55|0x0000000083700000, 0x0000000083800000, 0x0000000083800000|100%|HC|  |TAMS 0x0000000083800000, 0x0000000083700000| Complete 
|  56|0x0000000083800000, 0x0000000083900000, 0x0000000083900000|100%|HC|  |TAMS 0x0000000083900000, 0x0000000083800000| Complete 
|  57|0x0000000083900000, 0x0000000083a00000, 0x0000000083a00000|100%| O|  |TAMS 0x0000000083a00000, 0x0000000083900000| Untracked 
|  58|0x0000000083a00000, 0x0000000083b00000, 0x0000000083b00000|100%| O|  |TAMS 0x0000000083b00000, 0x0000000083a00000| Untracked 
|  59|0x0000000083b00000, 0x0000000083c00000, 0x0000000083c00000|100%| O|  |TAMS 0x0000000083c00000, 0x0000000083b00000| Untracked 
|  60|0x0000000083c00000, 0x0000000083d00000, 0x0000000083d00000|100%| O|  |TAMS 0x0000000083d00000, 0x0000000083c00000| Untracked 
|  61|0x0000000083d00000, 0x0000000083e00000, 0x0000000083e00000|100%| O|  |TAMS 0x0000000083e00000, 0x0000000083d00000| Untracked 
|  62|0x0000000083e00000, 0x0000000083f00000, 0x0000000083f00000|100%| O|  |TAMS 0x0000000083f00000, 0x0000000083e00000| Untracked 
|  63|0x0000000083f00000, 0x0000000084000000, 0x0000000084000000|100%| O|  |TAMS 0x0000000084000000, 0x0000000083f00000| Untracked 
|  64|0x0000000084000000, 0x0000000084100000, 0x0000000084100000|100%| O|  |TAMS 0x0000000084100000, 0x0000000084000000| Untracked 
|  65|0x0000000084100000, 0x0000000084200000, 0x0000000084200000|100%| O|  |TAMS 0x0000000084200000, 0x0000000084100000| Untracked 
|  66|0x0000000084200000, 0x0000000084300000, 0x0000000084300000|100%| O|  |TAMS 0x0000000084300000, 0x0000000084200000| Untracked 
|  67|0x0000000084300000, 0x0000000084400000, 0x0000000084400000|100%| O|  |TAMS 0x0000000084354400, 0x0000000084300000| Untracked 
|  68|0x0000000084400000, 0x0000000084500000, 0x0000000084500000|100%| O|  |TAMS 0x0000000084400000, 0x0000000084400000| Untracked 
|  69|0x0000000084500000, 0x0000000084600000, 0x0000000084600000|100%| O|  |TAMS 0x0000000084500000, 0x0000000084500000| Untracked 
|  70|0x0000000084600000, 0x0000000084700000, 0x0000000084700000|100%| O|  |TAMS 0x0000000084600000, 0x0000000084600000| Untracked 
|  71|0x0000000084700000, 0x0000000084800000, 0x0000000084800000|100%| O|  |TAMS 0x0000000084700000, 0x0000000084700000| Untracked 
|  72|0x0000000084800000, 0x0000000084900000, 0x0000000084900000|100%| O|  |TAMS 0x0000000084800000, 0x0000000084800000| Untracked 
|  73|0x0000000084900000, 0x0000000084a00000, 0x0000000084a00000|100%| O|  |TAMS 0x0000000084900000, 0x0000000084900000| Untracked 
|  74|0x0000000084a00000, 0x0000000084b00000, 0x0000000084b00000|100%| O|  |TAMS 0x0000000084a00000, 0x0000000084a00000| Untracked 
|  75|0x0000000084b00000, 0x0000000084c00000, 0x0000000084c00000|100%| O|  |TAMS 0x0000000084b00000, 0x0000000084b00000| Untracked 
|  76|0x0000000084c00000, 0x0000000084d00000, 0x0000000084d00000|100%| O|  |TAMS 0x0000000084c00000, 0x0000000084c00000| Untracked 
|  77|0x0000000084d00000, 0x0000000084e00000, 0x0000000084e00000|100%| O|  |TAMS 0x0000000084d00000, 0x0000000084d00000| Untracked 
|  78|0x0000000084e00000, 0x0000000084f00000, 0x0000000084f00000|100%| O|  |TAMS 0x0000000084e00000, 0x0000000084e00000| Untracked 
|  79|0x0000000084f00000, 0x0000000085000000, 0x0000000085000000|100%|HS|  |TAMS 0x0000000084f00000, 0x0000000084f00000| Complete 
|  80|0x0000000085000000, 0x0000000085100000, 0x0000000085100000|100%|HS|  |TAMS 0x0000000085000000, 0x0000000085000000| Complete 
|  81|0x0000000085100000, 0x0000000085200000, 0x0000000085200000|100%|HS|  |TAMS 0x0000000085100000, 0x0000000085100000| Complete 
|  82|0x0000000085200000, 0x0000000085300000, 0x0000000085300000|100%| O|  |TAMS 0x0000000085200000, 0x0000000085200000| Untracked 
|  83|0x0000000085300000, 0x0000000085400000, 0x0000000085400000|100%|HS|  |TAMS 0x0000000085300000, 0x0000000085300000| Complete 
|  84|0x0000000085400000, 0x0000000085500000, 0x0000000085500000|100%|HS|  |TAMS 0x0000000085400000, 0x0000000085400000| Complete 
|  85|0x0000000085500000, 0x0000000085600000, 0x0000000085600000|100%| O|  |TAMS 0x0000000085500000, 0x0000000085500000| Untracked 
|  86|0x0000000085600000, 0x0000000085700000, 0x0000000085700000|100%| O|  |TAMS 0x0000000085600000, 0x0000000085600000| Untracked 
|  87|0x0000000085700000, 0x0000000085800000, 0x0000000085800000|100%| O|  |TAMS 0x0000000085700000, 0x0000000085700000| Untracked 
|  88|0x0000000085800000, 0x0000000085900000, 0x0000000085900000|100%|HS|  |TAMS 0x0000000085800000, 0x0000000085800000| Complete 
|  89|0x0000000085900000, 0x0000000085a00000, 0x0000000085a00000|100%| O|  |TAMS 0x0000000085900000, 0x0000000085900000| Untracked 
|  90|0x0000000085a00000, 0x0000000085b00000, 0x0000000085b00000|100%| O|  |TAMS 0x0000000085a00000, 0x0000000085a00000| Untracked 
|  91|0x0000000085b00000, 0x0000000085c00000, 0x0000000085c00000|100%| O|  |TAMS 0x0000000085b00000, 0x0000000085b00000| Untracked 
|  92|0x0000000085c00000, 0x0000000085d00000, 0x0000000085d00000|100%| O|  |TAMS 0x0000000085c00000, 0x0000000085c00000| Untracked 
|  93|0x0000000085d00000, 0x0000000085e00000, 0x0000000085e00000|100%| O|  |TAMS 0x0000000085d00000, 0x0000000085d00000| Untracked 
|  94|0x0000000085e00000, 0x0000000085f00000, 0x0000000085f00000|100%| O|  |TAMS 0x0000000085e00000, 0x0000000085e00000| Untracked 
|  95|0x0000000085f00000, 0x0000000086000000, 0x0000000086000000|100%| O|  |TAMS 0x0000000085f00000, 0x0000000085f00000| Untracked 
|  96|0x0000000086000000, 0x0000000086100000, 0x0000000086100000|100%| O|  |TAMS 0x0000000086000000, 0x0000000086000000| Untracked 
|  97|0x0000000086100000, 0x0000000086200000, 0x0000000086200000|100%| O|  |TAMS 0x0000000086100000, 0x0000000086100000| Untracked 
|  98|0x0000000086200000, 0x0000000086300000, 0x0000000086300000|100%| O|  |TAMS 0x0000000086200000, 0x0000000086200000| Untracked 
|  99|0x0000000086300000, 0x0000000086400000, 0x0000000086400000|100%| O|  |TAMS 0x0000000086300000, 0x0000000086300000| Untracked 
| 100|0x0000000086400000, 0x0000000086500000, 0x0000000086500000|100%| O|  |TAMS 0x0000000086400000, 0x0000000086400000| Untracked 
| 101|0x0000000086500000, 0x0000000086600000, 0x0000000086600000|100%| O|  |TAMS 0x0000000086500000, 0x0000000086500000| Untracked 
| 102|0x0000000086600000, 0x0000000086700000, 0x0000000086700000|100%| O|  |TAMS 0x0000000086600000, 0x0000000086600000| Untracked 
| 103|0x0000000086700000, 0x0000000086800000, 0x0000000086800000|100%| O|  |TAMS 0x0000000086700000, 0x0000000086700000| Untracked 
| 104|0x0000000086800000, 0x0000000086900000, 0x0000000086900000|100%| O|  |TAMS 0x0000000086800000, 0x0000000086800000| Untracked 
| 105|0x0000000086900000, 0x0000000086a00000, 0x0000000086a00000|100%| O|  |TAMS 0x0000000086900000, 0x0000000086900000| Untracked 
| 106|0x0000000086a00000, 0x0000000086b00000, 0x0000000086b00000|100%| O|  |TAMS 0x0000000086a00000, 0x0000000086a00000| Untracked 
| 107|0x0000000086b00000, 0x0000000086c00000, 0x0000000086c00000|100%| O|  |TAMS 0x0000000086b00000, 0x0000000086b00000| Untracked 
| 108|0x0000000086c00000, 0x0000000086d00000, 0x0000000086d00000|100%| O|  |TAMS 0x0000000086c00000, 0x0000000086c00000| Untracked 
| 109|0x0000000086d00000, 0x0000000086e00000, 0x0000000086e00000|100%| O|  |TAMS 0x0000000086d00000, 0x0000000086d00000| Untracked 
| 110|0x0000000086e00000, 0x0000000086f00000, 0x0000000086f00000|100%| O|  |TAMS 0x0000000086e00000, 0x0000000086e00000| Untracked 
| 111|0x0000000086f00000, 0x0000000087000000, 0x0000000087000000|100%| O|  |TAMS 0x0000000086f00000, 0x0000000086f00000| Untracked 
| 112|0x0000000087000000, 0x0000000087100000, 0x0000000087100000|100%| O|  |TAMS 0x0000000087000000, 0x0000000087000000| Untracked 
| 113|0x0000000087100000, 0x0000000087200000, 0x0000000087200000|100%| O|  |TAMS 0x0000000087100000, 0x0000000087100000| Untracked 
| 114|0x0000000087200000, 0x00000000872f0800, 0x0000000087300000| 93%| O|  |TAMS 0x0000000087200000, 0x0000000087200000| Untracked 
| 115|0x0000000087300000, 0x0000000087300000, 0x0000000087400000|  0%| F|  |TAMS 0x0000000087300000, 0x0000000087300000| Untracked 
| 116|0x0000000087400000, 0x0000000087400000, 0x0000000087500000|  0%| F|  |TAMS 0x0000000087400000, 0x0000000087400000| Untracked 
| 117|0x0000000087500000, 0x0000000087500000, 0x0000000087600000|  0%| F|  |TAMS 0x0000000087500000, 0x0000000087500000| Untracked 
| 118|0x0000000087600000, 0x0000000087600000, 0x0000000087700000|  0%| F|  |TAMS 0x0000000087600000, 0x0000000087600000| Untracked 
| 119|0x0000000087700000, 0x0000000087700000, 0x0000000087800000|  0%| F|  |TAMS 0x0000000087700000, 0x0000000087700000| Untracked 
| 120|0x0000000087800000, 0x0000000087800000, 0x0000000087900000|  0%| F|  |TAMS 0x0000000087800000, 0x0000000087800000| Untracked 
| 121|0x0000000087900000, 0x0000000087900000, 0x0000000087a00000|  0%| F|  |TAMS 0x0000000087900000, 0x0000000087900000| Untracked 
| 122|0x0000000087a00000, 0x0000000087a00000, 0x0000000087b00000|  0%| F|  |TAMS 0x0000000087a00000, 0x0000000087a00000| Untracked 
| 123|0x0000000087b00000, 0x0000000087b00000, 0x0000000087c00000|  0%| F|  |TAMS 0x0000000087b00000, 0x0000000087b00000| Untracked 
| 124|0x0000000087c00000, 0x0000000087c00000, 0x0000000087d00000|  0%| F|  |TAMS 0x0000000087c00000, 0x0000000087c00000| Untracked 
| 125|0x0000000087d00000, 0x0000000087d00000, 0x0000000087e00000|  0%| F|  |TAMS 0x0000000087d00000, 0x0000000087d00000| Untracked 
| 126|0x0000000087e00000, 0x0000000087e00000, 0x0000000087f00000|  0%| F|  |TAMS 0x0000000087e00000, 0x0000000087e00000| Untracked 
| 127|0x0000000087f00000, 0x0000000087f00000, 0x0000000088000000|  0%| F|  |TAMS 0x0000000087f00000, 0x0000000087f00000| Untracked 
| 128|0x0000000088000000, 0x0000000088000000, 0x0000000088100000|  0%| F|  |TAMS 0x0000000088000000, 0x0000000088000000| Untracked 
| 129|0x0000000088100000, 0x0000000088100000, 0x0000000088200000|  0%| F|  |TAMS 0x0000000088100000, 0x0000000088100000| Untracked 
| 130|0x0000000088200000, 0x0000000088200000, 0x0000000088300000|  0%| F|  |TAMS 0x0000000088200000, 0x0000000088200000| Untracked 
| 131|0x0000000088300000, 0x0000000088300000, 0x0000000088400000|  0%| F|  |TAMS 0x0000000088300000, 0x0000000088300000| Untracked 
| 132|0x0000000088400000, 0x0000000088400000, 0x0000000088500000|  0%| F|  |TAMS 0x0000000088400000, 0x0000000088400000| Untracked 
| 133|0x0000000088500000, 0x0000000088500000, 0x0000000088600000|  0%| F|  |TAMS 0x0000000088500000, 0x0000000088500000| Untracked 
| 134|0x0000000088600000, 0x0000000088600000, 0x0000000088700000|  0%| F|  |TAMS 0x0000000088600000, 0x0000000088600000| Untracked 
| 135|0x0000000088700000, 0x0000000088700000, 0x0000000088800000|  0%| F|  |TAMS 0x0000000088700000, 0x0000000088700000| Untracked 
| 136|0x0000000088800000, 0x0000000088800000, 0x0000000088900000|  0%| F|  |TAMS 0x0000000088800000, 0x0000000088800000| Untracked 
| 137|0x0000000088900000, 0x0000000088900000, 0x0000000088a00000|  0%| F|  |TAMS 0x0000000088900000, 0x0000000088900000| Untracked 
| 138|0x0000000088a00000, 0x0000000088a00000, 0x0000000088b00000|  0%| F|  |TAMS 0x0000000088a00000, 0x0000000088a00000| Untracked 
| 139|0x0000000088b00000, 0x0000000088b00000, 0x0000000088c00000|  0%| F|  |TAMS 0x0000000088b00000, 0x0000000088b00000| Untracked 
| 140|0x0000000088c00000, 0x0000000088c00000, 0x0000000088d00000|  0%| F|  |TAMS 0x0000000088c00000, 0x0000000088c00000| Untracked 
| 141|0x0000000088d00000, 0x0000000088d00000, 0x0000000088e00000|  0%| F|  |TAMS 0x0000000088d00000, 0x0000000088d00000| Untracked 
| 142|0x0000000088e00000, 0x0000000088f00000, 0x0000000088f00000|100%| S|CS|TAMS 0x0000000088e00000, 0x0000000088e00000| Complete 
| 143|0x0000000088f00000, 0x0000000089000000, 0x0000000089000000|100%| S|CS|TAMS 0x0000000088f00000, 0x0000000088f00000| Complete 
| 144|0x0000000089000000, 0x0000000089100000, 0x0000000089100000|100%| S|CS|TAMS 0x0000000089000000, 0x0000000089000000| Complete 
| 145|0x0000000089100000, 0x0000000089200000, 0x0000000089200000|100%| S|CS|TAMS 0x0000000089100000, 0x0000000089100000| Complete 
| 146|0x0000000089200000, 0x0000000089300000, 0x0000000089300000|100%| S|CS|TAMS 0x0000000089200000, 0x0000000089200000| Complete 
| 147|0x0000000089300000, 0x0000000089400000, 0x0000000089400000|100%| S|CS|TAMS 0x0000000089300000, 0x0000000089300000| Complete 
| 148|0x0000000089400000, 0x0000000089500000, 0x0000000089500000|100%| S|CS|TAMS 0x0000000089400000, 0x0000000089400000| Complete 
| 149|0x0000000089500000, 0x0000000089500000, 0x0000000089600000|  0%| F|  |TAMS 0x0000000089500000, 0x0000000089500000| Untracked 
| 150|0x0000000089600000, 0x0000000089600000, 0x0000000089700000|  0%| F|  |TAMS 0x0000000089600000, 0x0000000089600000| Untracked 
| 151|0x0000000089700000, 0x0000000089700000, 0x0000000089800000|  0%| F|  |TAMS 0x0000000089700000, 0x0000000089700000| Untracked 
| 152|0x0000000089800000, 0x0000000089800000, 0x0000000089900000|  0%| F|  |TAMS 0x0000000089800000, 0x0000000089800000| Untracked 
| 153|0x0000000089900000, 0x0000000089900000, 0x0000000089a00000|  0%| F|  |TAMS 0x0000000089900000, 0x0000000089900000| Untracked 
| 154|0x0000000089a00000, 0x0000000089b00000, 0x0000000089b00000|100%| S|CS|TAMS 0x0000000089a00000, 0x0000000089a00000| Complete 
| 155|0x0000000089b00000, 0x0000000089c00000, 0x0000000089c00000|100%| S|CS|TAMS 0x0000000089b00000, 0x0000000089b00000| Complete 
| 156|0x0000000089c00000, 0x0000000089c00000, 0x0000000089d00000|  0%| F|  |TAMS 0x0000000089c00000, 0x0000000089c00000| Untracked 
| 157|0x0000000089d00000, 0x0000000089e00000, 0x0000000089e00000|100%| S|CS|TAMS 0x0000000089d00000, 0x0000000089d00000| Complete 
| 158|0x0000000089e00000, 0x0000000089f00000, 0x0000000089f00000|100%| S|CS|TAMS 0x0000000089e00000, 0x0000000089e00000| Complete 
| 159|0x0000000089f00000, 0x0000000089f00000, 0x000000008a000000|  0%| F|  |TAMS 0x0000000089f00000, 0x0000000089f00000| Untracked 
| 160|0x000000008a000000, 0x000000008a000000, 0x000000008a100000|  0%| F|  |TAMS 0x000000008a000000, 0x000000008a000000| Untracked 
| 161|0x000000008a100000, 0x000000008a100000, 0x000000008a200000|  0%| F|  |TAMS 0x000000008a100000, 0x000000008a100000| Untracked 
| 162|0x000000008a200000, 0x000000008a200000, 0x000000008a300000|  0%| F|  |TAMS 0x000000008a200000, 0x000000008a200000| Untracked 
| 163|0x000000008a300000, 0x000000008a300000, 0x000000008a400000|  0%| F|  |TAMS 0x000000008a300000, 0x000000008a300000| Untracked 
| 164|0x000000008a400000, 0x000000008a400000, 0x000000008a500000|  0%| F|  |TAMS 0x000000008a400000, 0x000000008a400000| Untracked 
| 165|0x000000008a500000, 0x000000008a500000, 0x000000008a600000|  0%| F|  |TAMS 0x000000008a500000, 0x000000008a500000| Untracked 
| 166|0x000000008a600000, 0x000000008a600000, 0x000000008a700000|  0%| F|  |TAMS 0x000000008a600000, 0x000000008a600000| Untracked 
| 167|0x000000008a700000, 0x000000008a700000, 0x000000008a800000|  0%| F|  |TAMS 0x000000008a700000, 0x000000008a700000| Untracked 
| 168|0x000000008a800000, 0x000000008a897e78, 0x000000008a900000| 59%| E|  |TAMS 0x000000008a800000, 0x000000008a800000| Complete 
| 169|0x000000008a900000, 0x000000008aa00000, 0x000000008aa00000|100%| E|CS|TAMS 0x000000008a900000, 0x000000008a900000| Complete 
| 170|0x000000008aa00000, 0x000000008ab00000, 0x000000008ab00000|100%| E|CS|TAMS 0x000000008aa00000, 0x000000008aa00000| Complete 
| 171|0x000000008ab00000, 0x000000008ac00000, 0x000000008ac00000|100%| E|CS|TAMS 0x000000008ab00000, 0x000000008ab00000| Complete 
| 172|0x000000008ac00000, 0x000000008ad00000, 0x000000008ad00000|100%| E|CS|TAMS 0x000000008ac00000, 0x000000008ac00000| Complete 
| 173|0x000000008ad00000, 0x000000008ae00000, 0x000000008ae00000|100%| E|CS|TAMS 0x000000008ad00000, 0x000000008ad00000| Complete 
| 174|0x000000008ae00000, 0x000000008af00000, 0x000000008af00000|100%| E|CS|TAMS 0x000000008ae00000, 0x000000008ae00000| Complete 
| 175|0x000000008af00000, 0x000000008b000000, 0x000000008b000000|100%| E|CS|TAMS 0x000000008af00000, 0x000000008af00000| Complete 
| 176|0x000000008b000000, 0x000000008b100000, 0x000000008b100000|100%| E|  |TAMS 0x000000008b000000, 0x000000008b000000| Complete 
| 177|0x000000008b100000, 0x000000008b200000, 0x000000008b200000|100%| E|CS|TAMS 0x000000008b100000, 0x000000008b100000| Complete 
| 178|0x000000008b200000, 0x000000008b300000, 0x000000008b300000|100%| E|CS|TAMS 0x000000008b200000, 0x000000008b200000| Complete 
| 179|0x000000008b300000, 0x000000008b400000, 0x000000008b400000|100%| E|CS|TAMS 0x000000008b300000, 0x000000008b300000| Complete 
| 180|0x000000008b400000, 0x000000008b500000, 0x000000008b500000|100%| E|CS|TAMS 0x000000008b400000, 0x000000008b400000| Complete 
| 181|0x000000008b500000, 0x000000008b600000, 0x000000008b600000|100%| E|CS|TAMS 0x000000008b500000, 0x000000008b500000| Complete 
| 182|0x000000008b600000, 0x000000008b700000, 0x000000008b700000|100%| E|CS|TAMS 0x000000008b600000, 0x000000008b600000| Complete 
| 183|0x000000008b700000, 0x000000008b800000, 0x000000008b800000|100%| E|CS|TAMS 0x000000008b700000, 0x000000008b700000| Complete 
| 184|0x000000008b800000, 0x000000008b900000, 0x000000008b900000|100%| E|CS|TAMS 0x000000008b800000, 0x000000008b800000| Complete 
| 185|0x000000008b900000, 0x000000008ba00000, 0x000000008ba00000|100%| E|CS|TAMS 0x000000008b900000, 0x000000008b900000| Complete 
| 186|0x000000008ba00000, 0x000000008bb00000, 0x000000008bb00000|100%| E|CS|TAMS 0x000000008ba00000, 0x000000008ba00000| Complete 
| 187|0x000000008bb00000, 0x000000008bc00000, 0x000000008bc00000|100%| E|CS|TAMS 0x000000008bb00000, 0x000000008bb00000| Complete 
| 188|0x000000008bc00000, 0x000000008bd00000, 0x000000008bd00000|100%| E|CS|TAMS 0x000000008bc00000, 0x000000008bc00000| Complete 
| 189|0x000000008bd00000, 0x000000008be00000, 0x000000008be00000|100%| E|CS|TAMS 0x000000008bd00000, 0x000000008bd00000| Complete 
| 190|0x000000008be00000, 0x000000008bf00000, 0x000000008bf00000|100%| E|CS|TAMS 0x000000008be00000, 0x000000008be00000| Complete 
| 191|0x000000008bf00000, 0x000000008c000000, 0x000000008c000000|100%| E|CS|TAMS 0x000000008bf00000, 0x000000008bf00000| Complete 
| 192|0x000000008c000000, 0x000000008c100000, 0x000000008c100000|100%| E|CS|TAMS 0x000000008c000000, 0x000000008c000000| Complete 
| 193|0x000000008c100000, 0x000000008c200000, 0x000000008c200000|100%| E|CS|TAMS 0x000000008c100000, 0x000000008c100000| Complete 
| 194|0x000000008c200000, 0x000000008c300000, 0x000000008c300000|100%| E|CS|TAMS 0x000000008c200000, 0x000000008c200000| Complete 
| 195|0x000000008c300000, 0x000000008c400000, 0x000000008c400000|100%| E|CS|TAMS 0x000000008c300000, 0x000000008c300000| Complete 
| 196|0x000000008c400000, 0x000000008c500000, 0x000000008c500000|100%| E|CS|TAMS 0x000000008c400000, 0x000000008c400000| Complete 
| 197|0x000000008c500000, 0x000000008c600000, 0x000000008c600000|100%| E|CS|TAMS 0x000000008c500000, 0x000000008c500000| Complete 
| 198|0x000000008c600000, 0x000000008c700000, 0x000000008c700000|100%| E|CS|TAMS 0x000000008c600000, 0x000000008c600000| Complete 
| 199|0x000000008c700000, 0x000000008c800000, 0x000000008c800000|100%| E|CS|TAMS 0x000000008c700000, 0x000000008c700000| Complete 
| 200|0x000000008c800000, 0x000000008c900000, 0x000000008c900000|100%| E|CS|TAMS 0x000000008c800000, 0x000000008c800000| Complete 
| 201|0x000000008c900000, 0x000000008ca00000, 0x000000008ca00000|100%| E|CS|TAMS 0x000000008c900000, 0x000000008c900000| Complete 
| 202|0x000000008ca00000, 0x000000008cb00000, 0x000000008cb00000|100%| E|CS|TAMS 0x000000008ca00000, 0x000000008ca00000| Complete 
| 203|0x000000008cb00000, 0x000000008cc00000, 0x000000008cc00000|100%| E|CS|TAMS 0x000000008cb00000, 0x000000008cb00000| Complete 
| 204|0x000000008cc00000, 0x000000008cd00000, 0x000000008cd00000|100%| E|CS|TAMS 0x000000008cc00000, 0x000000008cc00000| Complete 
| 205|0x000000008cd00000, 0x000000008ce00000, 0x000000008ce00000|100%| E|CS|TAMS 0x000000008cd00000, 0x000000008cd00000| Complete 
| 206|0x000000008ce00000, 0x000000008cf00000, 0x000000008cf00000|100%| E|CS|TAMS 0x000000008ce00000, 0x000000008ce00000| Complete 
| 207|0x000000008cf00000, 0x000000008d000000, 0x000000008d000000|100%| E|CS|TAMS 0x000000008cf00000, 0x000000008cf00000| Complete 
| 208|0x000000008d000000, 0x000000008d100000, 0x000000008d100000|100%| E|CS|TAMS 0x000000008d000000, 0x000000008d000000| Complete 
| 209|0x000000008d100000, 0x000000008d200000, 0x000000008d200000|100%| E|CS|TAMS 0x000000008d100000, 0x000000008d100000| Complete 
| 210|0x000000008d200000, 0x000000008d300000, 0x000000008d300000|100%| E|CS|TAMS 0x000000008d200000, 0x000000008d200000| Complete 
| 211|0x000000008d300000, 0x000000008d400000, 0x000000008d400000|100%| E|CS|TAMS 0x000000008d300000, 0x000000008d300000| Complete 
| 212|0x000000008d400000, 0x000000008d500000, 0x000000008d500000|100%| E|CS|TAMS 0x000000008d400000, 0x000000008d400000| Complete 
| 213|0x000000008d500000, 0x000000008d600000, 0x000000008d600000|100%| E|CS|TAMS 0x000000008d500000, 0x000000008d500000| Complete 
| 214|0x000000008d600000, 0x000000008d700000, 0x000000008d700000|100%| E|CS|TAMS 0x000000008d600000, 0x000000008d600000| Complete 
| 215|0x000000008d700000, 0x000000008d800000, 0x000000008d800000|100%| E|CS|TAMS 0x000000008d700000, 0x000000008d700000| Complete 
| 216|0x000000008d800000, 0x000000008d900000, 0x000000008d900000|100%| E|CS|TAMS 0x000000008d800000, 0x000000008d800000| Complete 
| 217|0x000000008d900000, 0x000000008da00000, 0x000000008da00000|100%| E|CS|TAMS 0x000000008d900000, 0x000000008d900000| Complete 
| 218|0x000000008da00000, 0x000000008db00000, 0x000000008db00000|100%| E|CS|TAMS 0x000000008da00000, 0x000000008da00000| Complete 
| 219|0x000000008db00000, 0x000000008dc00000, 0x000000008dc00000|100%| E|CS|TAMS 0x000000008db00000, 0x000000008db00000| Complete 
| 220|0x000000008dc00000, 0x000000008dd00000, 0x000000008dd00000|100%| E|CS|TAMS 0x000000008dc00000, 0x000000008dc00000| Complete 
| 221|0x000000008dd00000, 0x000000008de00000, 0x000000008de00000|100%| E|CS|TAMS 0x000000008dd00000, 0x000000008dd00000| Complete 
| 222|0x000000008de00000, 0x000000008df00000, 0x000000008df00000|100%| E|CS|TAMS 0x000000008de00000, 0x000000008de00000| Complete 
| 223|0x000000008df00000, 0x000000008e000000, 0x000000008e000000|100%| E|CS|TAMS 0x000000008df00000, 0x000000008df00000| Complete 
| 224|0x000000008e000000, 0x000000008e100000, 0x000000008e100000|100%| E|CS|TAMS 0x000000008e000000, 0x000000008e000000| Complete 
| 225|0x000000008e100000, 0x000000008e200000, 0x000000008e200000|100%| E|CS|TAMS 0x000000008e100000, 0x000000008e100000| Complete 
| 226|0x000000008e200000, 0x000000008e300000, 0x000000008e300000|100%| E|CS|TAMS 0x000000008e200000, 0x000000008e200000| Complete 
| 227|0x000000008e300000, 0x000000008e400000, 0x000000008e400000|100%| E|CS|TAMS 0x000000008e300000, 0x000000008e300000| Complete 
| 228|0x000000008e400000, 0x000000008e500000, 0x000000008e500000|100%| E|CS|TAMS 0x000000008e400000, 0x000000008e400000| Complete 
| 229|0x000000008e500000, 0x000000008e600000, 0x000000008e600000|100%| E|CS|TAMS 0x000000008e500000, 0x000000008e500000| Complete 
| 230|0x000000008e600000, 0x000000008e700000, 0x000000008e700000|100%| E|CS|TAMS 0x000000008e600000, 0x000000008e600000| Complete 
| 231|0x000000008e700000, 0x000000008e800000, 0x000000008e800000|100%| E|CS|TAMS 0x000000008e700000, 0x000000008e700000| Complete 
| 232|0x000000008e800000, 0x000000008e900000, 0x000000008e900000|100%| E|CS|TAMS 0x000000008e800000, 0x000000008e800000| Complete 
| 233|0x000000008e900000, 0x000000008ea00000, 0x000000008ea00000|100%| E|CS|TAMS 0x000000008e900000, 0x000000008e900000| Complete 
| 234|0x000000008ea00000, 0x000000008eb00000, 0x000000008eb00000|100%| E|CS|TAMS 0x000000008ea00000, 0x000000008ea00000| Complete 
| 235|0x000000008eb00000, 0x000000008ec00000, 0x000000008ec00000|100%| E|CS|TAMS 0x000000008eb00000, 0x000000008eb00000| Complete 
| 236|0x000000008ec00000, 0x000000008ed00000, 0x000000008ed00000|100%| E|CS|TAMS 0x000000008ec00000, 0x000000008ec00000| Complete 
| 237|0x000000008ed00000, 0x000000008ee00000, 0x000000008ee00000|100%| E|CS|TAMS 0x000000008ed00000, 0x000000008ed00000| Complete 

Card table byte_map: [0x0000016c7cba0000,0x0000016c7cfa0000] _byte_map_base: 0x0000016c7c7a0000

Marking Bits (Prev, Next): (CMBitMap*) 0x0000016c7c73f470, (CMBitMap*) 0x0000016c7c73f4b0
 Prev Bits: [0x0000016c7d3a0000, 0x0000016c7f3a0000)
 Next Bits: [0x0000016c16a40000, 0x0000016c18a40000)

Polling page: 0x0000016c7a430000

Metaspace:

Usage:
  Non-class:     81.96 MB used.
      Class:     13.33 MB used.
       Both:     95.29 MB used.

Virtual space:
  Non-class space:      128.00 MB reserved,      82.50 MB ( 64%) committed,  2 nodes.
      Class space:      416.00 MB reserved,      13.75 MB (  3%) committed,  1 nodes.
             Both:      544.00 MB reserved,      96.25 MB ( 18%) committed. 

Chunk freelists:
   Non-Class:  12.73 MB
       Class:  2.13 MB
        Both:  14.87 MB

MaxMetaspaceSize: 512.00 MB
CompressedClassSpaceSize: 416.00 MB
Initial GC threshold: 21.00 MB
Current GC threshold: 107.44 MB
CDS: on
MetaspaceReclaimPolicy: balanced
 - commit_granule_bytes: 65536.
 - commit_granule_words: 8192.
 - virtual_space_node_default_size: 8388608.
 - enlarge_chunks_in_place: 1.
 - new_chunks_are_fully_committed: 0.
 - uncommit_free_chunks: 1.
 - use_allocation_guard: 0.
 - handle_deallocations: 1.


Internal statistics:

num_allocs_failed_limit: 6.
num_arena_births: 1282.
num_arena_deaths: 0.
num_vsnodes_births: 3.
num_vsnodes_deaths: 0.
num_space_committed: 1540.
num_space_uncommitted: 0.
num_chunks_returned_to_freelist: 6.
num_chunks_taken_from_freelist: 5620.
num_chunk_merges: 6.
num_chunk_splits: 3640.
num_chunks_enlarged: 2321.
num_inconsistent_stats: 0.

CodeHeap 'non-profiled nmethods': size=120000Kb used=7459Kb max_used=7459Kb free=112541Kb
 bounds [0x0000016c0f510000, 0x0000016c0fc60000, 0x0000016c16a40000]
CodeHeap 'profiled nmethods': size=120000Kb used=22538Kb max_used=22538Kb free=97462Kb
 bounds [0x0000016c07a40000, 0x0000016c09050000, 0x0000016c0ef70000]
CodeHeap 'non-nmethods': size=5760Kb used=2410Kb max_used=2512Kb free=3349Kb
 bounds [0x0000016c0ef70000, 0x0000016c0f1f0000, 0x0000016c0f510000]
 total_blobs=12259 nmethods=11311 adapters=860
 compilation: enabled
              stopped_count=0, restarted_count=0
 full_count=0

Compilation events (20 events):
Event: 48.566 Thread 0x0000016c7f8a3850 12951       3       org.gradle.internal.snapshot.impl.DefaultIsolatableFactory$IsolatableVisitor::fileValue (9 bytes)
Event: 48.567 Thread 0x0000016c7f8a3850 nmethod 12951 0x0000016c07e65b90 code [0x0000016c07e65d40, 0x0000016c07e66058]
Event: 48.567 Thread 0x0000016c7f8a3850 12954       3       org.gradle.internal.snapshot.impl.FileValueSnapshot::<init> (9 bytes)
Event: 48.567 Thread 0x0000016c7f8a3850 nmethod 12954 0x0000016c07f6b710 code [0x0000016c07f6b8c0, 0x0000016c07f6baf8]
Event: 48.567 Thread 0x0000016c7f8a3850 12952       3       org.gradle.internal.snapshot.impl.FileValueSnapshot::hashCode (5 bytes)
Event: 48.568 Thread 0x0000016c7f8a3850 nmethod 12952 0x0000016c0903ee10 code [0x0000016c0903efc0, 0x0000016c0903f1e8]
Event: 48.568 Thread 0x0000016c7f8a3850 12953       3       org.gradle.internal.snapshot.impl.FileValueSnapshot::equals (6 bytes)
Event: 48.568 Thread 0x0000016c7f8a3850 nmethod 12953 0x0000016c07e65810 code [0x0000016c07e659a0, 0x0000016c07e65ae8]
Event: 48.568 Thread 0x0000016c7f8a3850 12955       3       org.gradle.internal.snapshot.impl.FileValueSnapshot::isolate (5 bytes)
Event: 48.568 Thread 0x0000016c7f8a3850 nmethod 12955 0x0000016c0903f310 code [0x0000016c0903f4e0, 0x0000016c0903f888]
Event: 48.568 Thread 0x0000016c7f8a3850 12956       3       org.gradle.internal.snapshot.impl.FileValueSnapshot::isolate (15 bytes)
Event: 48.569 Thread 0x0000016c7f8a3850 nmethod 12956 0x0000016c0903f990 code [0x0000016c0903fb40, 0x0000016c0903fe68]
Event: 48.569 Thread 0x0000016c7f8a3850 12957       3       org.gradle.internal.snapshot.impl.FileValueSnapshot::getValue (5 bytes)
Event: 48.569 Thread 0x0000016c7f8a3850 nmethod 12957 0x0000016c0903ff90 code [0x0000016c09040120, 0x0000016c09040238]
Event: 48.569 Thread 0x0000016c7f8a3850 12960       3       org.gradle.internal.fingerprint.impl.NameOnlyFingerprintingStrategy$1::visitAcceptedEntry (105 bytes)
Event: 48.570 Thread 0x0000016c7f8a3850 nmethod 12960 0x0000016c09040310 code [0x0000016c09040560, 0x0000016c090411c8]
Event: 48.573 Thread 0x0000016c7f8a3850 12962       3       org.gradle.api.internal.artifacts.ivyservice.resolveengine.artifact.ArtifactVisitor::prepareForVisit (4 bytes)
Event: 48.573 Thread 0x0000016c7f8a3850 nmethod 12962 0x0000016c09041590 code [0x0000016c09041720, 0x0000016c09041838]
Event: 48.575 Thread 0x0000016c7f8a3850 12963       3       org.gradle.internal.Deferrable$$Lambda$934/0x0000016c1c5ec6b0::get (14 bytes)
Event: 48.576 Thread 0x0000016c7f8a3850 nmethod 12963 0x0000016c09041910 code [0x0000016c09041b40, 0x0000016c090424c8]

GC Heap History (20 events):
Event: 20.651 GC heap before
{Heap before GC invocations=28 (full 0):
 garbage-first heap   total 121856K, used 98308K [0x0000000080000000, 0x0000000100000000)
  region size 1024K, 31 young (31744K), 1 survivors (1024K)
 Metaspace       used 64912K, committed 65664K, reserved 491520K
  class space    used 9177K, committed 9536K, reserved 425984K
}
Event: 20.664 GC heap after
{Heap after GC invocations=29 (full 0):
 garbage-first heap   total 243712K, used 71315K [0x0000000080000000, 0x0000000100000000)
  region size 1024K, 4 young (4096K), 4 survivors (4096K)
 Metaspace       used 64912K, committed 65664K, reserved 491520K
  class space    used 9177K, committed 9536K, reserved 425984K
}
Event: 33.603 GC heap before
{Heap before GC invocations=30 (full 0):
 garbage-first heap   total 243712K, used 178835K [0x0000000080000000, 0x0000000100000000)
  region size 1024K, 109 young (111616K), 4 survivors (4096K)
 Metaspace       used 69719K, committed 70464K, reserved 491520K
  class space    used 9894K, committed 10240K, reserved 425984K
}
Event: 33.625 GC heap after
{Heap after GC invocations=31 (full 0):
 garbage-first heap   total 243712K, used 80745K [0x0000000080000000, 0x0000000100000000)
  region size 1024K, 13 young (13312K), 13 survivors (13312K)
 Metaspace       used 69719K, committed 70464K, reserved 491520K
  class space    used 9894K, committed 10240K, reserved 425984K
}
Event: 33.639 GC heap before
{Heap before GC invocations=31 (full 0):
 garbage-first heap   total 243712K, used 81769K [0x0000000080000000, 0x0000000100000000)
  region size 1024K, 14 young (14336K), 13 survivors (13312K)
 Metaspace       used 69723K, committed 70464K, reserved 491520K
  class space    used 9894K, committed 10240K, reserved 425984K
}
Event: 33.658 GC heap after
{Heap after GC invocations=32 (full 0):
 garbage-first heap   total 243712K, used 81902K [0x0000000080000000, 0x0000000100000000)
  region size 1024K, 2 young (2048K), 2 survivors (2048K)
 Metaspace       used 69723K, committed 70464K, reserved 491520K
  class space    used 9894K, committed 10240K, reserved 425984K
}
Event: 35.835 GC heap before
{Heap before GC invocations=32 (full 0):
 garbage-first heap   total 243712K, used 182254K [0x0000000080000000, 0x0000000100000000)
  region size 1024K, 101 young (103424K), 2 survivors (2048K)
 Metaspace       used 69841K, committed 70592K, reserved 491520K
  class space    used 9894K, committed 10240K, reserved 425984K
}
Event: 35.844 GC heap after
{Heap after GC invocations=33 (full 0):
 garbage-first heap   total 243712K, used 85505K [0x0000000080000000, 0x0000000100000000)
  region size 1024K, 6 young (6144K), 6 survivors (6144K)
 Metaspace       used 69841K, committed 70592K, reserved 491520K
  class space    used 9894K, committed 10240K, reserved 425984K
}
Event: 38.185 GC heap before
{Heap before GC invocations=33 (full 0):
 garbage-first heap   total 243712K, used 194049K [0x0000000080000000, 0x0000000100000000)
  region size 1024K, 106 young (108544K), 6 survivors (6144K)
 Metaspace       used 75786K, committed 76608K, reserved 557056K
  class space    used 10531K, committed 10944K, reserved 425984K
}
Event: 38.203 GC heap after
{Heap after GC invocations=34 (full 0):
 garbage-first heap   total 243712K, used 100027K [0x0000000080000000, 0x0000000100000000)
  region size 1024K, 14 young (14336K), 14 survivors (14336K)
 Metaspace       used 75786K, committed 76608K, reserved 557056K
  class space    used 10531K, committed 10944K, reserved 425984K
}
Event: 40.656 GC heap before
{Heap before GC invocations=34 (full 0):
 garbage-first heap   total 243712K, used 196283K [0x0000000080000000, 0x0000000100000000)
  region size 1024K, 103 young (105472K), 14 survivors (14336K)
 Metaspace       used 81949K, committed 82752K, reserved 557056K
  class space    used 11333K, committed 11712K, reserved 425984K
}
Event: 40.681 GC heap after
{Heap after GC invocations=35 (full 0):
 garbage-first heap   total 243712K, used 107357K [0x0000000080000000, 0x0000000100000000)
  region size 1024K, 7 young (7168K), 7 survivors (7168K)
 Metaspace       used 81949K, committed 82752K, reserved 557056K
  class space    used 11333K, committed 11712K, reserved 425984K
}
Event: 42.324 GC heap before
{Heap before GC invocations=35 (full 0):
 garbage-first heap   total 243712K, used 193373K [0x0000000080000000, 0x0000000100000000)
  region size 1024K, 91 young (93184K), 7 survivors (7168K)
 Metaspace       used 85495K, committed 86336K, reserved 557056K
  class space    used 11806K, committed 12224K, reserved 425984K
}
Event: 42.339 GC heap after
{Heap after GC invocations=36 (full 0):
 garbage-first heap   total 243712K, used 112597K [0x0000000080000000, 0x0000000100000000)
  region size 1024K, 5 young (5120K), 5 survivors (5120K)
 Metaspace       used 85495K, committed 86336K, reserved 557056K
  class space    used 11806K, committed 12224K, reserved 425984K
}
Event: 44.098 GC heap before
{Heap before GC invocations=36 (full 0):
 garbage-first heap   total 243712K, used 196565K [0x0000000080000000, 0x0000000100000000)
  region size 1024K, 87 young (89088K), 5 survivors (5120K)
 Metaspace       used 89943K, committed 90816K, reserved 557056K
  class space    used 12453K, committed 12864K, reserved 425984K
}
Event: 44.113 GC heap after
{Heap after GC invocations=37 (full 0):
 garbage-first heap   total 243712K, used 115931K [0x0000000080000000, 0x0000000100000000)
  region size 1024K, 9 young (9216K), 9 survivors (9216K)
 Metaspace       used 89943K, committed 90816K, reserved 557056K
  class space    used 12453K, committed 12864K, reserved 425984K
}
Event: 45.717 GC heap before
{Heap before GC invocations=37 (full 0):
 garbage-first heap   total 243712K, used 198875K [0x0000000080000000, 0x0000000100000000)
  region size 1024K, 90 young (92160K), 9 survivors (9216K)
 Metaspace       used 94730K, committed 95616K, reserved 557056K
  class space    used 13243K, committed 13696K, reserved 425984K
}
Event: 45.735 GC heap after
{Heap after GC invocations=38 (full 0):
 garbage-first heap   total 243712K, used 120157K [0x0000000080000000, 0x0000000100000000)
  region size 1024K, 8 young (8192K), 8 survivors (8192K)
 Metaspace       used 94730K, committed 95616K, reserved 557056K
  class space    used 13243K, committed 13696K, reserved 425984K
}
Event: 47.277 GC heap before
{Heap before GC invocations=38 (full 0):
 garbage-first heap   total 243712K, used 200029K [0x0000000080000000, 0x0000000100000000)
  region size 1024K, 87 young (89088K), 8 survivors (8192K)
 Metaspace       used 96557K, committed 97536K, reserved 557056K
  class space    used 13491K, committed 13952K, reserved 425984K
}
Event: 47.301 GC heap after
{Heap after GC invocations=39 (full 0):
 garbage-first heap   total 243712K, used 128962K [0x0000000080000000, 0x0000000100000000)
  region size 1024K, 11 young (11264K), 11 survivors (11264K)
 Metaspace       used 96557K, committed 97536K, reserved 557056K
  class space    used 13491K, committed 13952K, reserved 425984K
}

Dll operation events (14 events):
Event: 0.010 Loaded shared library C:\Program Files\Microsoft\jdk-17.0.8.7-hotspot\bin\java.dll
Event: 0.032 Loaded shared library C:\Program Files\Microsoft\jdk-17.0.8.7-hotspot\bin\jsvml.dll
Event: 0.100 Loaded shared library C:\Program Files\Microsoft\jdk-17.0.8.7-hotspot\bin\zip.dll
Event: 0.103 Loaded shared library C:\Program Files\Microsoft\jdk-17.0.8.7-hotspot\bin\instrument.dll
Event: 0.109 Loaded shared library C:\Program Files\Microsoft\jdk-17.0.8.7-hotspot\bin\net.dll
Event: 0.111 Loaded shared library C:\Program Files\Microsoft\jdk-17.0.8.7-hotspot\bin\nio.dll
Event: 0.116 Loaded shared library C:\Program Files\Microsoft\jdk-17.0.8.7-hotspot\bin\zip.dll
Event: 0.540 Loaded shared library C:\Program Files\Microsoft\jdk-17.0.8.7-hotspot\bin\jimage.dll
Event: 0.769 Loaded shared library C:\Program Files\Microsoft\jdk-17.0.8.7-hotspot\bin\verify.dll
Event: 1.104 Loaded shared library C:\Users\Hissam\.gradle\native\c067742578af261105cb4f569cf0c3c89f3d7b1fecec35dd04571415982c5e48\windows-amd64\native-platform.dll
Event: 1.127 Loaded shared library C:\Users\Hissam\.gradle\native\100fb08df4bc3b14c8652ba06237920a3bd2aa13389f12d3474272988ae205f9\windows-amd64\native-platform-file-events.dll
Event: 3.088 Loaded shared library C:\Program Files\Microsoft\jdk-17.0.8.7-hotspot\bin\management.dll
Event: 3.091 Loaded shared library C:\Program Files\Microsoft\jdk-17.0.8.7-hotspot\bin\management_ext.dll
Event: 3.698 Loaded shared library C:\Program Files\Microsoft\jdk-17.0.8.7-hotspot\bin\sunmscapi.dll

Deoptimization events (20 events):
Event: 46.814 Thread 0x0000016c3b5f3f10 DEOPT PACKING pc=0x0000016c08ec8a60 sp=0x00000013f64f5f70
Event: 46.814 Thread 0x0000016c3b5f3f10 DEOPT UNPACKING pc=0x0000016c0efc7143 sp=0x00000013f64f5478 mode 0
Event: 46.819 Thread 0x0000016c3b5f3f10 DEOPT PACKING pc=0x0000016c08ecf6fb sp=0x00000013f64f5f50
Event: 46.819 Thread 0x0000016c3b5f3f10 DEOPT UNPACKING pc=0x0000016c0efc7143 sp=0x00000013f64f5470 mode 0
Event: 46.875 Thread 0x0000016c3b5f3f10 DEOPT PACKING pc=0x0000016c08ecf6fb sp=0x00000013f64f8440
Event: 46.876 Thread 0x0000016c3b5f3f10 DEOPT UNPACKING pc=0x0000016c0efc7143 sp=0x00000013f64f7960 mode 0
Event: 46.911 Thread 0x0000016c3b5f3f10 Uncommon trap: trap_request=0xffffffde fr.pc=0x0000016c0fabe6e0 relative=0x00000000000000c0
Event: 46.911 Thread 0x0000016c3b5f3f10 Uncommon trap: reason=class_check action=maybe_recompile pc=0x0000016c0fabe6e0 method=java.util.Collections$UnmodifiableList.get(I)Ljava/lang/Object; @ 5 c2
Event: 46.911 Thread 0x0000016c3b5f3f10 DEOPT PACKING pc=0x0000016c0fabe6e0 sp=0x00000013f64f8510
Event: 46.911 Thread 0x0000016c3b5f3f10 DEOPT UNPACKING pc=0x0000016c0efc69a3 sp=0x00000013f64f84a8 mode 2
Event: 46.911 Thread 0x0000016c3b5f3f10 Uncommon trap: trap_request=0xffffffde fr.pc=0x0000016c0fabe6e0 relative=0x00000000000000c0
Event: 46.911 Thread 0x0000016c3b5f3f10 Uncommon trap: reason=class_check action=maybe_recompile pc=0x0000016c0fabe6e0 method=java.util.Collections$UnmodifiableList.get(I)Ljava/lang/Object; @ 5 c2
Event: 46.911 Thread 0x0000016c3b5f3f10 DEOPT PACKING pc=0x0000016c0fabe6e0 sp=0x00000013f64f84a0
Event: 46.911 Thread 0x0000016c3b5f3f10 DEOPT UNPACKING pc=0x0000016c0efc69a3 sp=0x00000013f64f8438 mode 2
Event: 47.177 Thread 0x0000016c3b5f3f10 DEOPT PACKING pc=0x0000016c08d302ee sp=0x00000013f64f4c90
Event: 47.177 Thread 0x0000016c3b5f3f10 DEOPT UNPACKING pc=0x0000016c0efc7143 sp=0x00000013f64f4140 mode 0
Event: 47.235 Thread 0x0000016c3b5f3f10 Uncommon trap: trap_request=0xffffff45 fr.pc=0x0000016c0f81a6ec relative=0x0000000000000eac
Event: 47.235 Thread 0x0000016c3b5f3f10 Uncommon trap: reason=unstable_if action=reinterpret pc=0x0000016c0f81a6ec method=java.lang.ClassLoader.checkCerts(Ljava/lang/String;Ljava/security/CodeSource;)V @ 30 c2
Event: 47.235 Thread 0x0000016c3b5f3f10 DEOPT PACKING pc=0x0000016c0f81a6ec sp=0x00000013f64f3560
Event: 47.235 Thread 0x0000016c3b5f3f10 DEOPT UNPACKING pc=0x0000016c0efc69a3 sp=0x00000013f64f3550 mode 2

Classes unloaded (0 events):
No events

Classes redefined (0 events):
No events

Internal exceptions (20 events):
Event: 47.211 Thread 0x0000016c3b5f3f10 Exception <a 'java/lang/ClassNotFoundException'{0x000000008a245350}: org/gradle/api/internal/artifacts/repositories/AbstractResolutionAwareArtifactRepositoryBeanInfo> (0x000000008a245350) 
thrown [s\src\hotspot\share\classfile\systemDictionary.cpp, line 256]
Event: 47.212 Thread 0x0000016c3b5f3f10 Exception <a 'java/lang/ClassNotFoundException'{0x000000008a2636b0}: org/gradle/api/internal/artifacts/repositories/AbstractArtifactRepositoryBeanInfo> (0x000000008a2636b0) 
thrown [s\src\hotspot\share\classfile\systemDictionary.cpp, line 256]
Event: 47.214 Thread 0x0000016c3b5f3f10 Exception <a 'java/lang/ClassNotFoundException'{0x000000008a281238}: org/gradle/api/internal/artifacts/repositories/AbstractArtifactRepositoryCustomizer> (0x000000008a281238) 
thrown [s\src\hotspot\share\classfile\systemDictionary.cpp, line 256]
Event: 47.218 Thread 0x0000016c3b5f3f10 Exception <a 'java/lang/ClassNotFoundException'{0x000000008a2bf870}: org/gradle/api/internal/artifacts/repositories/AbstractResolutionAwareArtifactRepositoryCustomizer> (0x000000008a2bf870) 
thrown [s\src\hotspot\share\classfile\systemDictionary.cpp, line 256]
Event: 47.220 Thread 0x0000016c3b5f3f10 Exception <a 'java/lang/ClassNotFoundException'{0x000000008a2e8b10}: org/gradle/api/internal/artifacts/repositories/AbstractAuthenticationSupportedRepositoryCustomizer> (0x000000008a2e8b10) 
thrown [s\src\hotspot\share\classfile\systemDictionary.cpp, line 256]
Event: 47.222 Thread 0x0000016c3b5f3f10 Exception <a 'java/lang/ClassNotFoundException'{0x000000008a11b958}: org/gradle/api/internal/artifacts/repositories/DefaultMavenArtifactRepositoryCustomizer> (0x000000008a11b958) 
thrown [s\src\hotspot\share\classfile\systemDictionary.cpp, line 256]
Event: 47.225 Thread 0x0000016c3b5f3f10 Exception <a 'java/lang/ClassNotFoundException'{0x000000008a1526d0}: org/gradle/api/internal/artifacts/repositories/DefaultMavenArtifactRepository_DecoratedCustomizer> (0x000000008a1526d0) 
thrown [s\src\hotspot\share\classfile\systemDictionary.cpp, line 256]
Event: 47.232 Thread 0x0000016c3b5f3f10 Exception <a 'java/lang/ClassNotFoundException'{0x000000008a1db570}: java/io/FileBeanInfo> (0x000000008a1db570) 
thrown [s\src\hotspot\share\classfile\systemDictionary.cpp, line 256]
Event: 47.233 Thread 0x0000016c3b5f3f10 Exception <a 'java/lang/ClassNotFoundException'{0x000000008a1e7e18}: java/io/FileCustomizer> (0x000000008a1e7e18) 
thrown [s\src\hotspot\share\classfile\systemDictionary.cpp, line 256]
Event: 47.235 Thread 0x0000016c3b5f3f10 Implicit null exception at 0x0000016c0f819b74 to 0x0000016c0f81a6d8
Event: 47.241 Thread 0x0000016c3b5f3f10 Exception <a 'java/lang/ClassNotFoundException'{0x000000008a0a7450}: sun/nio/fs/WindowsPathBeanInfo> (0x000000008a0a7450) 
thrown [s\src\hotspot\share\classfile\systemDictionary.cpp, line 256]
Event: 47.241 Thread 0x0000016c3b5f3f10 Exception <a 'java/lang/ClassNotFoundException'{0x000000008a0b3f00}: sun/nio/fs/WindowsPathCustomizer> (0x000000008a0b3f00) 
thrown [s\src\hotspot\share\classfile\systemDictionary.cpp, line 256]
Event: 47.254 Thread 0x0000016c3b5f3f10 Exception <a 'java/lang/ClassNotFoundException'{0x0000000089f226a0}: java/nio/file/PathsBeanInfo> (0x0000000089f226a0) 
thrown [s\src\hotspot\share\classfile\systemDictionary.cpp, line 256]
Event: 47.255 Thread 0x0000016c3b5f3f10 Exception <a 'java/lang/ClassNotFoundException'{0x0000000089f2ee20}: java/nio/file/PathsCustomizer> (0x0000000089f2ee20) 
thrown [s\src\hotspot\share\classfile\systemDictionary.cpp, line 256]
Event: 47.548 Thread 0x0000016c3b5f3f10 Exception <a 'java/lang/ClassNotFoundException'{0x000000008e1c8ee8}: com/android/build/gradle/internal/api/LibraryVariantOutputImpl_DecoratedBeanInfo> (0x000000008e1c8ee8) 
thrown [s\src\hotspot\share\classfile\systemDictionary.cpp, line 256]
Event: 47.549 Thread 0x0000016c3b5f3f10 Exception <a 'java/lang/ClassNotFoundException'{0x000000008e1d78e0}: com/android/build/gradle/internal/api/LibraryVariantOutputImplBeanInfo> (0x000000008e1d78e0) 
thrown [s\src\hotspot\share\classfile\systemDictionary.cpp, line 256]
Event: 47.550 Thread 0x0000016c3b5f3f10 Exception <a 'java/lang/ClassNotFoundException'{0x000000008e1e5608}: com/android/build/gradle/internal/api/LibraryVariantOutputImplCustomizer> (0x000000008e1e5608) 
thrown [s\src\hotspot\share\classfile\systemDictionary.cpp, line 256]
Event: 47.552 Thread 0x0000016c3b5f3f10 Exception <a 'java/lang/ClassNotFoundException'{0x000000008e1fbb88}: com/android/build/gradle/internal/api/LibraryVariantOutputImpl_DecoratedCustomizer> (0x000000008e1fbb88) 
thrown [s\src\hotspot\share\classfile\systemDictionary.cpp, line 256]
Event: 47.592 Thread 0x0000016c3b5f3f10 Exception <a 'java/lang/ClassNotFoundException'{0x000000008dfa9528}: build_5c3n25jkh0mltr7s7nzkn2u3dBeanInfo> (0x000000008dfa9528) 
thrown [s\src\hotspot\share\classfile\systemDictionary.cpp, line 256]
Event: 47.592 Thread 0x0000016c3b5f3f10 Exception <a 'java/lang/ClassNotFoundException'{0x000000008dfb0830}: build_5c3n25jkh0mltr7s7nzkn2u3dCustomizer> (0x000000008dfb0830) 
thrown [s\src\hotspot\share\classfile\systemDictionary.cpp, line 256]

VM Operations (20 events):
Event: 43.902 Executing VM operation: Cleanup
Event: 43.903 Executing VM operation: Cleanup done
Event: 44.098 Executing VM operation: G1CollectForAllocation
Event: 44.113 Executing VM operation: G1CollectForAllocation done
Event: 45.116 Executing VM operation: Cleanup
Event: 45.116 Executing VM operation: Cleanup done
Event: 45.717 Executing VM operation: G1CollectForAllocation
Event: 45.735 Executing VM operation: G1CollectForAllocation done
Event: 46.113 Executing VM operation: HandshakeAllThreads
Event: 46.113 Executing VM operation: HandshakeAllThreads done
Event: 46.448 Executing VM operation: ICBufferFull
Event: 46.448 Executing VM operation: ICBufferFull done
Event: 47.277 Executing VM operation: G1CollectForAllocation
Event: 47.301 Executing VM operation: G1CollectForAllocation done
Event: 47.956 Executing VM operation: ICBufferFull
Event: 47.957 Executing VM operation: ICBufferFull done
Event: 48.274 Executing VM operation: HandshakeAllThreads
Event: 48.274 Executing VM operation: HandshakeAllThreads done
Event: 48.570 Executing VM operation: ICBufferFull
Event: 48.570 Executing VM operation: ICBufferFull done

Events (20 events):
Event: 47.240 loading class sun/nio/fs/WindowsPathBeanInfo done
Event: 47.241 loading class sun/nio/fs/WindowsPathBeanInfo
Event: 47.241 loading class sun/nio/fs/WindowsPathBeanInfo done
Event: 47.241 loading class sun/nio/fs/WindowsPathCustomizer
Event: 47.241 loading class sun/nio/fs/WindowsPathCustomizer done
Event: 47.241 loading class sun/nio/fs/WindowsPathCustomizer
Event: 47.241 loading class sun/nio/fs/WindowsPathCustomizer done
Event: 47.244 loading class java/nio/file/WatchEvent
Event: 47.247 loading class java/nio/file/WatchEvent done
Event: 47.253 loading class java/nio/file/PathsBeanInfo
Event: 47.253 loading class java/nio/file/PathsBeanInfo done
Event: 47.253 loading class java/nio/file/PathsBeanInfo
Event: 47.253 loading class java/nio/file/PathsBeanInfo done
Event: 47.254 loading class java/nio/file/PathsCustomizer
Event: 47.254 loading class java/nio/file/PathsCustomizer done
Event: 47.254 loading class java/nio/file/PathsCustomizer
Event: 47.254 loading class java/nio/file/PathsCustomizer done
Event: 48.283 Thread 0x0000016c7f8a7180 flushing nmethod 0x0000016c07e65810
Event: 48.284 Thread 0x0000016c7f8a7180 flushing nmethod 0x0000016c07f6b710
Event: 48.291 Thread 0x0000016c7f8a7180 flushing nmethod 0x0000016c08560f10


Dynamic libraries:
0x00007ff76dc40000 - 0x00007ff76dc4e000 	C:\Program Files\Microsoft\jdk-17.0.8.7-hotspot\bin\java.exe
0x00007ffc81210000 - 0x00007ffc81408000 	C:\Windows\SYSTEM32\ntdll.dll
0x00007ffc7f6a0000 - 0x00007ffc7f761000 	C:\Windows\System32\KERNEL32.DLL
0x00007ffc7e970000 - 0x00007ffc7ec6d000 	C:\Windows\System32\KERNELBASE.dll
0x00007ffc7ecf0000 - 0x00007ffc7edf0000 	C:\Windows\System32\ucrtbase.dll
0x00007ffc3cdf0000 - 0x00007ffc3ce0b000 	C:\Program Files\Microsoft\jdk-17.0.8.7-hotspot\bin\VCRUNTIME140.dll
0x00007ffc3d0d0000 - 0x00007ffc3d0e7000 	C:\Program Files\Microsoft\jdk-17.0.8.7-hotspot\bin\jli.dll
0x00007ffc80d40000 - 0x00007ffc80edd000 	C:\Windows\System32\USER32.dll
0x00007ffc7ef10000 - 0x00007ffc7ef32000 	C:\Windows\System32\win32u.dll
0x00007ffc62310000 - 0x00007ffc625aa000 	C:\Windows\WinSxS\amd64_microsoft.windows.common-controls_6595b64144ccf1df_6.0.19041.4355_none_60b8b9eb71f62e16\COMCTL32.dll
0x00007ffc7f9c0000 - 0x00007ffc7f9eb000 	C:\Windows\System32\GDI32.dll
0x00007ffc80430000 - 0x00007ffc804ce000 	C:\Windows\System32\msvcrt.dll
0x00007ffc7edf0000 - 0x00007ffc7ef07000 	C:\Windows\System32\gdi32full.dll
0x00007ffc7f040000 - 0x00007ffc7f0dd000 	C:\Windows\System32\msvcp_win.dll
0x00007ffc7f310000 - 0x00007ffc7f33f000 	C:\Windows\System32\IMM32.DLL
0x00007ffc73300000 - 0x00007ffc7330c000 	C:\Program Files\Microsoft\jdk-17.0.8.7-hotspot\bin\vcruntime140_1.dll
0x00007ffc05380000 - 0x00007ffc0540d000 	C:\Program Files\Microsoft\jdk-17.0.8.7-hotspot\bin\msvcp140.dll
0x00007ffc04710000 - 0x00007ffc05375000 	C:\Program Files\Microsoft\jdk-17.0.8.7-hotspot\bin\server\jvm.dll
0x00007ffc7f260000 - 0x00007ffc7f310000 	C:\Windows\System32\ADVAPI32.dll
0x00007ffc7f920000 - 0x00007ffc7f9c0000 	C:\Windows\System32\sechost.dll
0x00007ffc7fce0000 - 0x00007ffc7fe03000 	C:\Windows\System32\RPCRT4.dll
0x00007ffc7ec70000 - 0x00007ffc7ec97000 	C:\Windows\System32\bcrypt.dll
0x00007ffc7e710000 - 0x00007ffc7e75b000 	C:\Windows\SYSTEM32\POWRPROF.dll
0x00007ffc67970000 - 0x00007ffc67979000 	C:\Windows\SYSTEM32\WSOCK32.dll
0x00007ffc67f30000 - 0x00007ffc67f57000 	C:\Windows\SYSTEM32\WINMM.dll
0x00007ffc81040000 - 0x00007ffc810ab000 	C:\Windows\System32\WS2_32.dll
0x00007ffc74430000 - 0x00007ffc7443a000 	C:\Windows\SYSTEM32\VERSION.dll
0x00007ffc7e6f0000 - 0x00007ffc7e702000 	C:\Windows\SYSTEM32\UMPDC.dll
0x00007ffc7d120000 - 0x00007ffc7d132000 	C:\Windows\SYSTEM32\kernel.appcore.dll
0x00007ffc6c420000 - 0x00007ffc6c42a000 	C:\Program Files\Microsoft\jdk-17.0.8.7-hotspot\bin\jimage.dll
0x00007ffc7c710000 - 0x00007ffc7c8f4000 	C:\Windows\SYSTEM32\DBGHELP.DLL
0x00007ffc5c710000 - 0x00007ffc5c744000 	C:\Windows\SYSTEM32\dbgcore.DLL
0x00007ffc7efb0000 - 0x00007ffc7f032000 	C:\Windows\System32\bcryptPrimitives.dll
0x00007ffc61fc0000 - 0x00007ffc61fce000 	C:\Program Files\Microsoft\jdk-17.0.8.7-hotspot\bin\instrument.dll
0x00007ffc046e0000 - 0x00007ffc04705000 	C:\Program Files\Microsoft\jdk-17.0.8.7-hotspot\bin\java.dll
0x00007ffc04600000 - 0x00007ffc046d7000 	C:\Program Files\Microsoft\jdk-17.0.8.7-hotspot\bin\jsvml.dll
0x00007ffc80530000 - 0x00007ffc80c9f000 	C:\Windows\System32\SHELL32.dll
0x00007ffc7c900000 - 0x00007ffc7d09f000 	C:\Windows\SYSTEM32\windows.storage.dll
0x00007ffc7f340000 - 0x00007ffc7f693000 	C:\Windows\System32\combase.dll
0x00007ffc7e210000 - 0x00007ffc7e23e000 	C:\Windows\SYSTEM32\Wldp.dll
0x00007ffc80f70000 - 0x00007ffc8103d000 	C:\Windows\System32\OLEAUT32.dll
0x00007ffc7fb00000 - 0x00007ffc7fbad000 	C:\Windows\System32\SHCORE.dll
0x00007ffc803d0000 - 0x00007ffc80425000 	C:\Windows\System32\shlwapi.dll
0x00007ffc7e7f0000 - 0x00007ffc7e814000 	C:\Windows\SYSTEM32\profapi.dll
0x00007ffc045c0000 - 0x00007ffc045d8000 	C:\Program Files\Microsoft\jdk-17.0.8.7-hotspot\bin\zip.dll
0x00007ffc3b710000 - 0x00007ffc3b729000 	C:\Program Files\Microsoft\jdk-17.0.8.7-hotspot\bin\net.dll
0x00007ffc6c8e0000 - 0x00007ffc6c9ed000 	C:\Windows\SYSTEM32\WINHTTP.dll
0x00007ffc7df70000 - 0x00007ffc7dfda000 	C:\Windows\system32\mswsock.dll
0x00007ffc045e0000 - 0x00007ffc045f6000 	C:\Program Files\Microsoft\jdk-17.0.8.7-hotspot\bin\nio.dll
0x00007ffc75980000 - 0x00007ffc75990000 	C:\Program Files\Microsoft\jdk-17.0.8.7-hotspot\bin\verify.dll
0x00007ffc62020000 - 0x00007ffc62047000 	C:\Users\Hissam\.gradle\native\c067742578af261105cb4f569cf0c3c89f3d7b1fecec35dd04571415982c5e48\windows-amd64\native-platform.dll
0x00007ffc3c000000 - 0x00007ffc3c144000 	C:\Users\Hissam\.gradle\native\100fb08df4bc3b14c8652ba06237920a3bd2aa13389f12d3474272988ae205f9\windows-amd64\native-platform-file-events.dll
0x00007ffc6c330000 - 0x00007ffc6c339000 	C:\Program Files\Microsoft\jdk-17.0.8.7-hotspot\bin\management.dll
0x00007ffc51cb0000 - 0x00007ffc51cbb000 	C:\Program Files\Microsoft\jdk-17.0.8.7-hotspot\bin\management_ext.dll
0x00007ffc80ee0000 - 0x00007ffc80ee8000 	C:\Windows\System32\PSAPI.DLL
0x00007ffc7e170000 - 0x00007ffc7e188000 	C:\Windows\SYSTEM32\CRYPTSP.dll
0x00007ffc7d890000 - 0x00007ffc7d8c4000 	C:\Windows\system32\rsaenh.dll
0x00007ffc7e7a0000 - 0x00007ffc7e7ce000 	C:\Windows\SYSTEM32\USERENV.dll
0x00007ffc7e160000 - 0x00007ffc7e16c000 	C:\Windows\SYSTEM32\CRYPTBASE.dll
0x00007ffc7dc50000 - 0x00007ffc7dc8b000 	C:\Windows\SYSTEM32\IPHLPAPI.DLL
0x00007ffc80ca0000 - 0x00007ffc80ca8000 	C:\Windows\System32\NSI.dll
0x00007ffc6caf0000 - 0x00007ffc6cb07000 	C:\Windows\SYSTEM32\dhcpcsvc6.DLL
0x00007ffc71b80000 - 0x00007ffc71b9d000 	C:\Windows\SYSTEM32\dhcpcsvc.DLL
0x00007ffc7dc90000 - 0x00007ffc7dd5a000 	C:\Windows\SYSTEM32\DNSAPI.dll
0x00007ffc51c50000 - 0x00007ffc51c5e000 	C:\Program Files\Microsoft\jdk-17.0.8.7-hotspot\bin\sunmscapi.dll
0x00007ffc7f0e0000 - 0x00007ffc7f23e000 	C:\Windows\System32\CRYPT32.dll
0x00007ffc7e280000 - 0x00007ffc7e2a9000 	C:\Windows\SYSTEM32\ncrypt.dll
0x00007ffc7e240000 - 0x00007ffc7e27b000 	C:\Windows\SYSTEM32\NTASN1.dll
0x00007ffc56f20000 - 0x00007ffc56f27000 	C:\Windows\system32\wshunix.dll
0x00007ffc5fbc0000 - 0x00007ffc5fbd7000 	C:\Windows\system32\napinsp.dll
0x00007ffc5f7d0000 - 0x00007ffc5f7eb000 	C:\Windows\system32\pnrpnsp.dll
0x00007ffc780e0000 - 0x00007ffc780f5000 	C:\Windows\system32\wshbth.dll
0x00007ffc75b30000 - 0x00007ffc75b4d000 	C:\Windows\system32\NLAapi.dll
0x00007ffc5f750000 - 0x00007ffc5f762000 	C:\Windows\System32\winrnr.dll
0x0000000054080000 - 0x00000000540a6000 	C:\Program Files\Bonjour\mdnsNSP.dll
0x00007ffc742c0000 - 0x00007ffc742ca000 	C:\Windows\System32\rasadhlp.dll
0x00007ffc6b920000 - 0x00007ffc6b9a0000 	C:\Windows\System32\fwpuclnt.dll

dbghelp: loaded successfully - version: 4.0.5 - missing functions: none
symbol engine: initialized successfully - sym options: 0x614 - pdb path: .;C:\Program Files\Microsoft\jdk-17.0.8.7-hotspot\bin;C:\Windows\SYSTEM32;C:\Windows\WinSxS\amd64_microsoft.windows.common-controls_6595b64144ccf1df_6.0.19041.4355_none_60b8b9eb71f62e16;C:\Program Files\Microsoft\jdk-17.0.8.7-hotspot\bin\server;C:\Users\Hissam\.gradle\native\c067742578af261105cb4f569cf0c3c89f3d7b1fecec35dd04571415982c5e48\windows-amd64;C:\Users\Hissam\.gradle\native\100fb08df4bc3b14c8652ba06237920a3bd2aa13389f12d3474272988ae205f9\windows-amd64;C:\Program Files\Bonjour

VM Arguments:
jvm_args: -XX:MaxMetaspaceSize=512m --add-opens=java.base/java.util=ALL-UNNAMED --add-opens=java.base/java.lang=ALL-UNNAMED --add-opens=java.base/java.lang.invoke=ALL-UNNAMED --add-opens=java.prefs/java.util.prefs=ALL-UNNAMED --add-opens=java.base/java.nio.charset=ALL-UNNAMED --add-opens=java.base/java.net=ALL-UNNAMED --add-opens=java.base/java.util.concurrent.atomic=ALL-UNNAMED -Xmx2048m -Dfile.encoding=windows-1252 -Duser.country=US -Duser.language=en -Duser.variant -javaagent:C:\Users\Hissam\.gradle\wrapper\dists\gradle-8.8-all\6gdy1pgp427xkqcjbxw3ylt6h\gradle-8.8\lib\agents\gradle-instrumentation-agent-8.8.jar 
java_command: org.gradle.launcher.daemon.bootstrap.GradleDaemon 8.8
java_class_path (initial): C:\Users\Hissam\.gradle\wrapper\dists\gradle-8.8-all\6gdy1pgp427xkqcjbxw3ylt6h\gradle-8.8\lib\gradle-launcher-8.8.jar
Launcher Type: SUN_STANDARD

[Global flags]
     intx CICompilerCount                          = 3                                         {product} {ergonomic}
   size_t CompressedClassSpaceSize                 = 436207616                                 {product} {ergonomic}
     uint ConcGCThreads                            = 1                                         {product} {ergonomic}
     uint G1ConcRefinementThreads                  = 4                                         {product} {ergonomic}
   size_t G1HeapRegionSize                         = 1048576                                   {product} {ergonomic}
    uintx GCDrainStackTargetSize                   = 64                                        {product} {ergonomic}
   size_t InitialHeapSize                          = 134217728                                 {product} {ergonomic}
   size_t MarkStackSize                            = 4194304                                   {product} {ergonomic}
   size_t MaxHeapSize                              = 2147483648                                {product} {command line}
   size_t MaxMetaspaceSize                         = 536870912                                 {product} {command line}
   size_t MaxNewSize                               = 1287651328                                {product} {ergonomic}
   size_t MinHeapDeltaBytes                        = 1048576                                   {product} {ergonomic}
   size_t MinHeapSize                              = 8388608                                   {product} {ergonomic}
    uintx NonNMethodCodeHeapSize                   = 5832780                                {pd product} {ergonomic}
    uintx NonProfiledCodeHeapSize                  = 122912730                              {pd product} {ergonomic}
    uintx ProfiledCodeHeapSize                     = 122912730                              {pd product} {ergonomic}
    uintx ReservedCodeCacheSize                    = 251658240                              {pd product} {ergonomic}
     bool SegmentedCodeCache                       = true                                      {product} {ergonomic}
   size_t SoftMaxHeapSize                          = 2147483648                             {manageable} {ergonomic}
     bool UseCompressedClassPointers               = true                           {product lp64_product} {ergonomic}
     bool UseCompressedOops                        = true                           {product lp64_product} {ergonomic}
     bool UseG1GC                                  = true                                      {product} {ergonomic}
     bool UseLargePagesIndividualAllocation        = false                                  {pd product} {ergonomic}

Logging:
Log output configuration:
 #0: stdout all=warning uptime,level,tags
 #1: stderr all=off uptime,level,tags

Environment Variables:
JAVA_HOME=C:\Program Files\Microsoft\jdk-17.0.8.7-hotspot\
CLASSPATH=C:\Users\Hissam\Downloads\nymvp-main\android\\gradle\wrapper\gradle-wrapper.jar
PATH=C:\Users\Hissam\Downloads\nymvp-main\node_modules\.bin;C:\Users\Hissam\Downloads\node_modules\.bin;C:\Users\Hissam\node_modules\.bin;C:\Users\node_modules\.bin;C:\node_modules\.bin;C:\Users\Hissam\AppData\Roaming\npm\node_modules\npm\node_modules\@npmcli\run-script\lib\node-gyp-bin;C:\oraclexe\app\oracle\product\11.2.0\server\bin;;C:\Program Files\Microsoft\jdk-17.0.8.7-hotspot\bin;C:\Windows\system32;C:\Windows;C:\Windows\System32\Wbem;C:\Windows\System32\WindowsPowerShell\v1.0\;C:\Windows\System32\OpenSSH\;C:\ProgramData\chocolatey\bin;C:\Program Files\nodejs\;C:\Program Files\Git\cmd;C:\Users\Hissam\AppData\Local\Android\Sdk\tools;C:\Users\Hissam\AppData\Local\Microsoft\WindowsApps;C:\Users\Hissam\AppData\Local\Programs\Microsoft VS Code\bin;C:\Users\Hissam\AppData\Roaming\npm;C:\Users\Hissam\AppData\Local\Android\Sdk\platform-tools;
USERNAME=Hissam
LANG=en_US.UTF-8
OS=Windows_NT
PROCESSOR_IDENTIFIER=Intel64 Family 6 Model 78 Stepping 3, GenuineIntel
TMP=C:\Users\Hissam\AppData\Local\Temp
TEMP=C:\Users\Hissam\AppData\Local\Temp



---------------  S Y S T E M  ---------------

OS:
 Windows 10 , 64 bit Build 19041 (10.0.19041.4717)
OS uptime: 0 days 0:09 hours

CPU: total 4 (initial active 4) (2 cores per cpu, 2 threads per core) family 6 model 78 stepping 3 microcode 0xf0, cx8, cmov, fxsr, ht, mmx, 3dnowpref, sse, sse2, sse3, ssse3, sse4.1, sse4.2, popcnt, lzcnt, tsc, tscinvbit, avx, avx2, aes, erms, clmul, bmi1, bmi2, adx, fma, vzeroupper, clflush, clflushopt
Processor Information for all 4 processors :
  Max Mhz: 2400, Current Mhz: 2300, Mhz Limit: 2280

Memory: 4k page, system-wide physical 8071M (407M free)
TotalPageFile size 28551M (AvailPageFile size 18611M)
current process WorkingSet (physical memory assigned to process): 513M, peak: 514M
current process commit charge ("private bytes"): 549M, peak: 550M

vm_info: OpenJDK 64-Bit Server VM (17.0.8+7-LTS) for windows-amd64 JRE (17.0.8+7-LTS), built on Jul  7 2023 17:21:55 by "MicrosoftCorporation" with MS VC++ 16.10 / 16.11 (VS2019)

END.
