#
# A fatal error has been detected by the Java Runtime Environment:
#
#  EXCEPTION_ACCESS_VIOLATION (0xc0000005) at pc=0x00007fff38d0e0a9, pid=1908, tid=11216
#
# JRE version: OpenJDK Runtime Environment Microsoft-8035246 (17.0.8+7) (build 17.0.8+7-LTS)
# Java VM: OpenJDK 64-Bit Server VM Microsoft-8035246 (17.0.8+7-LTS, mixed mode, sharing, tiered, compressed oops, compressed class ptrs, g1 gc, windows-amd64)
# Problematic frame:
# V  [jvm.dll+0x2be0a9]
#
# No core dump will be written. Minidumps are not enabled by default on client versions of Windows
#
# If you would like to submit a bug report, please visit:
#   https://github.com/microsoft/openjdk/issues
#

---------------  S U M M A R Y ------------

Command Line: -XX:MaxMetaspaceSize=512m --add-opens=java.base/java.util=ALL-UNNAMED --add-opens=java.base/java.lang=ALL-UNNAMED --add-opens=java.base/java.lang.invoke=ALL-UNNAMED --add-opens=java.prefs/java.util.prefs=ALL-UNNAMED --add-opens=java.base/java.nio.charset=ALL-UNNAMED --add-opens=java.base/java.net=ALL-UNNAMED --add-opens=java.base/java.util.concurrent.atomic=ALL-UNNAMED -Xmx2048m -Dfile.encoding=windows-1252 -Duser.country=US -Duser.language=en -Duser.variant -javaagent:C:\Users\Hissam\.gradle\wrapper\dists\gradle-8.8-all\6gdy1pgp427xkqcjbxw3ylt6h\gradle-8.8\lib\agents\gradle-instrumentation-agent-8.8.jar org.gradle.launcher.daemon.bootstrap.GradleDaemon 8.8

Host: Intel(R) Core(TM) i5-6200U CPU @ 2.30GHz, 4 cores, 7G,  Windows 10 , 64 bit Build 19041 (10.0.19041.4717)
Time: Sat Aug 24 11:12:38 2024 Pakistan Standard Time elapsed time: 45.466562 seconds (0d 0h 0m 45s)

---------------  T H R E A D  ---------------

Current thread (0x000002512a304c40):  JavaThread "C2 CompilerThread0" daemon [_thread_in_native, id=11216, stack(0x000000b5ecf00000,0x000000b5ed000000)]


Current CompileTask:
C2:  45466 10760       4       org.gradle.cache.internal.ExclusiveCacheAccessingWorker$1::call (10 bytes)

Stack: [0x000000b5ecf00000,0x000000b5ed000000],  sp=0x000000b5ecffb8d0,  free space=1006k
Native frames: (J=compiled Java code, j=interpreted, Vv=VM code, C=native code)
V  [jvm.dll+0x2be0a9]
V  [jvm.dll+0x21ba8b]
V  [jvm.dll+0x21944b]
V  [jvm.dll+0x1a56b6]
V  [jvm.dll+0x2291ea]
V  [jvm.dll+0x22724c]
V  [jvm.dll+0x7efd0c]
V  [jvm.dll+0x7ea13a]
V  [jvm.dll+0x67ad85]
C  [ucrtbase.dll+0x21bb2]
C  [KERNEL32.DLL+0x17374]
C  [ntdll.dll+0x4cc91]


siginfo: EXCEPTION_ACCESS_VIOLATION (0xc0000005), reading address 0x0000000000000028


Register to memory mapping:

RIP=0x00007fff38d0e0a9 jvm.dll
RAX=0x000002514d2e4870 points into unknown readable memory: 0x0000000000000000 | 00 00 00 00 00 00 00 00
RBX=0x00000000000017d7 is an unknown value
RCX=0x0 is NULL
RDX=0x0 is NULL
RSP=0x000000b5ecffb8d0 is pointing into the stack for thread: 0x000002512a304c40
RBP=0x000000b5ecffb940 is pointing into the stack for thread: 0x000002512a304c40
RSI=0x0 is NULL
RDI=0x0000000000000049 is an unknown value
R8 =0x000000000000ffe0 is an unknown value
R9 =0x0 is NULL
R10=0x00007fff8cc80000 VCRUNTIME140.dll
R11=0x000002514d2e4890 points into unknown readable memory: 0x0000000000000000 | 00 00 00 00 00 00 00 00
R12=0x0000000000000050 is an unknown value
R13=0x0 is NULL
R14=0x0 is NULL
R15=0x000000b5ecffeaf0 is pointing into the stack for thread: 0x000002512a304c40


Registers:
RAX=0x000002514d2e4870, RBX=0x00000000000017d7, RCX=0x0000000000000000, RDX=0x0000000000000000
RSP=0x000000b5ecffb8d0, RBP=0x000000b5ecffb940, RSI=0x0000000000000000, RDI=0x0000000000000049
R8 =0x000000000000ffe0, R9 =0x0000000000000000, R10=0x00007fff8cc80000, R11=0x000002514d2e4890
R12=0x0000000000000050, R13=0x0000000000000000, R14=0x0000000000000000, R15=0x000000b5ecffeaf0
RIP=0x00007fff38d0e0a9, EFLAGS=0x0000000000010202

Top of Stack: (sp=0x000000b5ecffb8d0)
0x000000b5ecffb8d0:   00000000000017d7 0000000000000000
0x000000b5ecffb8e0:   000000b5ecffeaf0 00007fff38c738d1
0x000000b5ecffb8f0:   000002512a2fe660 00007fff00002000
0x000000b5ecffb900:   000002514d2e4870 0000025100000000
0x000000b5ecffb910:   0000000000000002 000002514b7e7cd0
0x000000b5ecffb920:   0000000000000002 000002512a2fe660
0x000000b5ecffb930:   0000000000000000 0000000000000000
0x000000b5ecffb940:   000002512a1a4530 000002510c75d680
0x000000b5ecffb950:   0000000000000049 00007fff39394c08
0x000000b5ecffb960:   000000b5ecffba70 00007fff38c6ba8b
0x000000b5ecffb970:   000000b5ecffeaf0 00007fff39394c08
0x000000b5ecffb980:   000000b5ecffeaf0 000000b5ecffba70
0x000000b5ecffb990:   000000b500000000 000000b5ecfff650
0x000000b5ecffb9a0:   000000b50000000f 000000b5ecffeaf0
0x000000b5ecffb9b0:   000000b5ecffbb20 00007fff00000000
0x000000b5ecffb9c0:   0000025100000100 00007fff39394c08 

Instructions: (pc=0x00007fff38d0e0a9)
0x00007fff38d0dfa9:   3b d0 75 0b ff c1 41 3b c9 7c dc 48 8b c2 c3 33
0x00007fff38d0dfb9:   c0 c3 cc cc cc cc cc 48 89 5c 24 18 55 56 57 41
0x00007fff38d0dfc9:   55 41 57 48 8b ec 48 83 ec 70 65 48 8b 04 25 58
0x00007fff38d0dfd9:   00 00 00 48 8b f2 44 8b 05 d2 8b 90 00 4c 8b f9
0x00007fff38d0dfe9:   4a 8b 1c c0 b8 50 00 00 00 80 3c 18 00 75 05 e8
0x00007fff38d0dff9:   8b 6f 5d 00 b8 20 00 00 00 48 8b 04 18 48 8b 98
0x00007fff38d0e009:   38 02 00 00 48 89 5d b0 c7 45 b8 04 00 00 00 48
0x00007fff38d0e019:   8b 43 18 48 83 f8 df 76 18 4c 8d 05 37 a9 65 00
0x00007fff38d0e029:   ba 20 00 00 00 48 8b cb e8 5a eb de ff 48 8b 43
0x00007fff38d0e039:   18 48 8d 48 20 48 3b 4b 20 76 11 45 33 c0 48 8b
0x00007fff38d0e049:   cb 41 8d 50 20 e8 fd e8 de ff eb 04 48 89 4b 18
0x00007fff38d0e059:   44 8b 45 b8 33 d2 49 c1 e0 03 48 8b c8 48 89 45
0x00007fff38d0e069:   c0 e8 e3 80 5d 00 45 33 ed 48 8d 4d d0 44 89 6d
0x00007fff38d0e079:   c8 e8 01 59 56 00 41 8b 9f 40 02 00 00 41 2b 9f
0x00007fff38d0e089:   68 02 00 00 44 89 6d f0 3b 5d b8 72 0b 8b d3 48
0x00007fff38d0e099:   8d 4d b0 e8 6f b3 39 00 48 8b 45 c0 4c 89 2c d8
0x00007fff38d0e0a9:   8b 7e 28 8b df c1 eb 05 3b 5d d0 72 0b 8b d3 48
0x00007fff38d0e0b9:   8d 4d d0 e8 1f 59 56 00 48 8b 45 d8 83 e7 1f 48
0x00007fff38d0e0c9:   8d 14 98 40 0f b6 cf 41 b8 01 00 00 00 41 d3 e0
0x00007fff38d0e0d9:   8b 0a 8b c1 41 0b c0 89 02 41 85 c8 75 21 8b 5d
0x00007fff38d0e0e9:   c8 8d 43 01 89 45 c8 3b 5d b8 72 0b 8b d3 48 8d
0x00007fff38d0e0f9:   4d b0 e8 10 b3 39 00 48 8b 45 c0 48 89 34 d8 44
0x00007fff38d0e109:   39 6d c8 0f 86 77 01 00 00 4c 89 a4 24 a0 00 00
0x00007fff38d0e119:   00 4c 89 b4 24 a8 00 00 00 48 8b 45 c0 41 8b cd
0x00007fff38d0e129:   48 8b 34 c8 8b 46 2c 25 ff 1f 00 00 3d 04 10 00
0x00007fff38d0e139:   00 0f 85 a7 00 00 00 bb 01 00 00 00 39 5e 18 76
0x00007fff38d0e149:   39 66 0f 1f 44 00 00 48 8b 46 08 8b cb 48 8b 14
0x00007fff38d0e159:   c8 48 85 d2 74 1d 48 83 7a 10 00 74 16 80 7a 2c
0x00007fff38d0e169:   84 74 10 e8 7f 7e ee ff 48 8b d0 49 8b cf e8 a4
0x00007fff38d0e179:   61 f6 ff ff c3 3b 5e 18 72 cd 48 8b 5e 10 8b 46
0x00007fff38d0e189:   20 4c 8d 34 c3 49 3b de 73 54 48 8b 3b 8b 47 2c
0x00007fff38d0e199:   83 e0 03 3c 03 75 2e 48 8b 07 48 8b cf ff 90 88 


Stack slot to memory mapping:
stack at sp + 0 slots: 0x00000000000017d7 is an unknown value
stack at sp + 1 slots: 0x0 is NULL
stack at sp + 2 slots: 0x000000b5ecffeaf0 is pointing into the stack for thread: 0x000002512a304c40
stack at sp + 3 slots: 0x00007fff38c738d1 jvm.dll
stack at sp + 4 slots: 0x000002512a2fe660 points into unknown readable memory: 0x0000000000000006 | 06 00 00 00 00 00 00 00
stack at sp + 5 slots: 0x00007fff00002000 is an unknown value
stack at sp + 6 slots: 0x000002514d2e4870 points into unknown readable memory: 0x0000000000000000 | 00 00 00 00 00 00 00 00
stack at sp + 7 slots: 0x0000025100000000 is an unknown value


---------------  P R O C E S S  ---------------

Threads class SMR info:
_java_thread_list=0x000002514cfac830, length=89, elements={
0x000002510c7465a0, 0x000002512a2e81e0, 0x000002512a2e8f70, 0x000002512a2fefe0,
0x000002512a301c80, 0x000002512a3036c0, 0x000002512a303f90, 0x000002512a304c40,
0x000002512a34c830, 0x000002512a480800, 0x000002512a2d1010, 0x000002512a5e0250,
0x000002514b4b2890, 0x000002514b430920, 0x000002514b2c55f0, 0x000002514aeaf4f0,
0x000002514b234160, 0x000002514b292bc0, 0x000002514b290850, 0x000002514b2926b0,
0x000002514b2930d0, 0x000002514b293af0, 0x000002514b291270, 0x000002514b290340,
0x000002514b290d60, 0x000002514b776350, 0x000002514b775420, 0x000002514b770830,
0x000002514b772ba0, 0x000002514b777ca0, 0x000002514b770d40, 0x000002514b771760,
0x000002514b776860, 0x000002514b7735c0, 0x000002514b773ad0, 0x000002514b773fe0,
0x000002514b7744f0, 0x000002514b774a00, 0x000002514b774f10, 0x000002514c6f53e0,
0x000002514c6f7750, 0x000002514c6f9fd0, 0x000002514c6fbe30, 0x000002514c6fa4e0,
0x000002514c6fcd60, 0x000002514c6f7c60, 0x000002514c6f8170, 0x000002514c6f6820,
0x000002514c6f8680, 0x000002514c6f90a0, 0x000002514c6f6d30, 0x000002514c6f95b0,
0x000002514c6faf00, 0x000002514c6f9ac0, 0x000002514c6fb410, 0x000002514c6f58f0,
0x000002514c6f5e00, 0x000002514c6f6310, 0x000002514b2921a0, 0x000002514cc19730,
0x000002514cc210b0, 0x000002514cc1e830, 0x000002514cc1ed40, 0x000002514cc1d3f0,
0x000002514cc1b590, 0x000002514cc1f250, 0x000002514cc1ab70, 0x000002514cc1f760,
0x000002514cc1fc70, 0x000002514cc1cee0, 0x000002514cc1bfb0, 0x000002514cc20690,
0x000002514cc20180, 0x000002514cc20ba0, 0x000002514cc1e320, 0x000002514cc1baa0,
0x000002514cc1b080, 0x000002514cc1a150, 0x000002514cc1a660, 0x000002514cc1c4c0,
0x000002514cc1c9d0, 0x000002514cca5840, 0x000002514cc1d900, 0x000002514dc9a220,
0x000002514dc99d10, 0x000002514dc9b660, 0x000002514dc96f80, 0x000002514dc96050,
0x000002514dc9bb70
}

Java Threads: ( => current thread )
  0x000002510c7465a0 JavaThread "main" [_thread_blocked, id=6752, stack(0x000000b5ec200000,0x000000b5ec300000)]
  0x000002512a2e81e0 JavaThread "Reference Handler" daemon [_thread_blocked, id=7996, stack(0x000000b5ec900000,0x000000b5eca00000)]
  0x000002512a2e8f70 JavaThread "Finalizer" daemon [_thread_blocked, id=8764, stack(0x000000b5eca00000,0x000000b5ecb00000)]
  0x000002512a2fefe0 JavaThread "Signal Dispatcher" daemon [_thread_blocked, id=4184, stack(0x000000b5ecb00000,0x000000b5ecc00000)]
  0x000002512a301c80 JavaThread "Attach Listener" daemon [_thread_blocked, id=7232, stack(0x000000b5ecc00000,0x000000b5ecd00000)]
  0x000002512a3036c0 JavaThread "Service Thread" daemon [_thread_blocked, id=2320, stack(0x000000b5ecd00000,0x000000b5ece00000)]
  0x000002512a303f90 JavaThread "Monitor Deflation Thread" daemon [_thread_blocked, id=11828, stack(0x000000b5ece00000,0x000000b5ecf00000)]
=>0x000002512a304c40 JavaThread "C2 CompilerThread0" daemon [_thread_in_native, id=11216, stack(0x000000b5ecf00000,0x000000b5ed000000)]
  0x000002512a34c830 JavaThread "C1 CompilerThread0" daemon [_thread_blocked, id=13584, stack(0x000000b5ed000000,0x000000b5ed100000)]
  0x000002512a480800 JavaThread "Sweeper thread" daemon [_thread_blocked, id=7596, stack(0x000000b5ed100000,0x000000b5ed200000)]
  0x000002512a2d1010 JavaThread "Common-Cleaner" daemon [_thread_blocked, id=7464, stack(0x000000b5ed200000,0x000000b5ed300000)]
  0x000002512a5e0250 JavaThread "Notification Thread" daemon [_thread_blocked, id=7432, stack(0x000000b5ed300000,0x000000b5ed400000)]
  0x000002514b4b2890 JavaThread "Daemon health stats" [_thread_blocked, id=12808, stack(0x000000b5ed700000,0x000000b5ed800000)]
  0x000002514b430920 JavaThread "Incoming local TCP Connector on port 65023" [_thread_in_native, id=12340, stack(0x000000b5ed900000,0x000000b5eda00000)]
  0x000002514b2c55f0 JavaThread "Daemon periodic checks" [_thread_blocked, id=11428, stack(0x000000b5eda00000,0x000000b5edb00000)]
  0x000002514aeaf4f0 JavaThread "Daemon" [_thread_blocked, id=10128, stack(0x000000b5edb00000,0x000000b5edc00000)]
  0x000002514b234160 JavaThread "Handler for socket connection from /127.0.0.1:65023 to /127.0.0.1:65024" [_thread_in_native, id=6636, stack(0x000000b5edc00000,0x000000b5edd00000)]
  0x000002514b292bc0 JavaThread "Cancel handler" [_thread_blocked, id=5248, stack(0x000000b5edd00000,0x000000b5ede00000)]
  0x000002514b290850 JavaThread "Daemon worker" [_thread_in_native, id=8912, stack(0x000000b5ede00000,0x000000b5edf00000)]
  0x000002514b2926b0 JavaThread "Asynchronous log dispatcher for DefaultDaemonConnection: socket connection from /127.0.0.1:65023 to /127.0.0.1:65024" [_thread_blocked, id=13624, stack(0x000000b5edf00000,0x000000b5ee000000)]
  0x000002514b2930d0 JavaThread "Stdin handler" [_thread_blocked, id=1056, stack(0x000000b5ee000000,0x000000b5ee100000)]
  0x000002514b293af0 JavaThread "Daemon client event forwarder" [_thread_blocked, id=12880, stack(0x000000b5ee100000,0x000000b5ee200000)]
  0x000002514b291270 JavaThread "Cache worker for journal cache (C:\Users\Hissam\.gradle\caches\journal-1)" [_thread_blocked, id=1216, stack(0x000000b5ee200000,0x000000b5ee300000)]
  0x000002514b290340 JavaThread "File lock request listener" [_thread_in_native, id=1692, stack(0x000000b5ee300000,0x000000b5ee400000)]
  0x000002514b290d60 JavaThread "Cache worker for file hash cache (C:\Users\Hissam\.gradle\caches\8.8\fileHashes)" [_thread_blocked, id=12336, stack(0x000000b5ee400000,0x000000b5ee500000)]
  0x000002514b776350 JavaThread "Cache worker for file hash cache (C:\Users\Hissam\Downloads\nymvp-main\android\.gradle\8.8\fileHashes)" [_thread_blocked, id=1728, stack(0x000000b5ee500000,0x000000b5ee600000)]
  0x000002514b775420 JavaThread "File watcher server" daemon [_thread_in_native, id=10324, stack(0x000000b5ee600000,0x000000b5ee700000)]
  0x000002514b770830 JavaThread "File watcher consumer" daemon [_thread_blocked, id=4768, stack(0x000000b5ee700000,0x000000b5ee800000)]
  0x000002514b772ba0 JavaThread "Cache worker for checksums cache (C:\Users\Hissam\Downloads\nymvp-main\android\.gradle\8.8\checksums)" [_thread_blocked, id=4492, stack(0x000000b5ee800000,0x000000b5ee900000)]
  0x000002514b777ca0 JavaThread "Cache worker for file content cache (C:\Users\Hissam\.gradle\caches\8.8\fileContent)" [_thread_blocked, id=7220, stack(0x000000b5ee900000,0x000000b5eea00000)]
  0x000002514b770d40 JavaThread "Cache worker for cache directory md-rule (C:\Users\Hissam\.gradle\caches\8.8\md-rule)" [_thread_blocked, id=11128, stack(0x000000b5eea00000,0x000000b5eeb00000)]
  0x000002514b771760 JavaThread "Cache worker for cache directory md-supplier (C:\Users\Hissam\.gradle\caches\8.8\md-supplier)" [_thread_blocked, id=1244, stack(0x000000b5eeb00000,0x000000b5eec00000)]
  0x000002514b776860 JavaThread "jar transforms" [_thread_blocked, id=1140, stack(0x000000b5eec00000,0x000000b5eed00000)]
  0x000002514b7735c0 JavaThread "Unconstrained build operations" [_thread_blocked, id=2852, stack(0x000000b5eee00000,0x000000b5eef00000)]
  0x000002514b773ad0 JavaThread "Unconstrained build operations Thread 2" [_thread_blocked, id=8928, stack(0x000000b5eef00000,0x000000b5ef000000)]
  0x000002514b773fe0 JavaThread "Unconstrained build operations Thread 3" [_thread_blocked, id=9020, stack(0x000000b5ef000000,0x000000b5ef100000)]
  0x000002514b7744f0 JavaThread "Unconstrained build operations Thread 4" [_thread_blocked, id=13988, stack(0x000000b5ef100000,0x000000b5ef200000)]
  0x000002514b774a00 JavaThread "Unconstrained build operations Thread 5" [_thread_blocked, id=632, stack(0x000000b5ef200000,0x000000b5ef300000)]
  0x000002514b774f10 JavaThread "Unconstrained build operations Thread 6" [_thread_blocked, id=12580, stack(0x000000b5ef300000,0x000000b5ef400000)]
  0x000002514c6f53e0 JavaThread "Cache worker for Build Output Cleanup Cache (C:\Users\Hissam\Downloads\nymvp-main\node_modules\@react-native\gradle-plugin\.gradle\buildOutputCleanup)" [_thread_blocked, id=1228, stack(0x000000b5ef400000,0x000000b5ef500000)]
  0x000002514c6f7750 JavaThread "Unconstrained build operations Thread 7" [_thread_blocked, id=11596, stack(0x000000b5ef500000,0x000000b5ef600000)]
  0x000002514c6f9fd0 JavaThread "Unconstrained build operations Thread 8" [_thread_blocked, id=2704, stack(0x000000b5ef600000,0x000000b5ef700000)]
  0x000002514c6fbe30 JavaThread "Unconstrained build operations Thread 9" [_thread_blocked, id=7656, stack(0x000000b5ef700000,0x000000b5ef800000)]
  0x000002514c6fa4e0 JavaThread "Unconstrained build operations Thread 10" [_thread_blocked, id=11176, stack(0x000000b5ef800000,0x000000b5ef900000)]
  0x000002514c6fcd60 JavaThread "Unconstrained build operations Thread 11" [_thread_blocked, id=10828, stack(0x000000b5ef900000,0x000000b5efa00000)]
  0x000002514c6f7c60 JavaThread "Unconstrained build operations Thread 12" [_thread_blocked, id=14136, stack(0x000000b5efa00000,0x000000b5efb00000)]
  0x000002514c6f8170 JavaThread "Unconstrained build operations Thread 13" [_thread_blocked, id=11260, stack(0x000000b5efb00000,0x000000b5efc00000)]
  0x000002514c6f6820 JavaThread "Unconstrained build operations Thread 14" [_thread_blocked, id=11516, stack(0x000000b5efc00000,0x000000b5efd00000)]
  0x000002514c6f8680 JavaThread "Unconstrained build operations Thread 15" [_thread_blocked, id=13832, stack(0x000000b5efd00000,0x000000b5efe00000)]
  0x000002514c6f90a0 JavaThread "Memory manager" [_thread_blocked, id=8016, stack(0x000000b5efe00000,0x000000b5eff00000)]
  0x000002514c6f6d30 JavaThread "build event listener" [_thread_blocked, id=6252, stack(0x000000b5eff00000,0x000000b5f0000000)]
  0x000002514c6f95b0 JavaThread "ForkJoinPool.commonPool-worker-1" daemon [_thread_blocked, id=1324, stack(0x000000b5f0000000,0x000000b5f0100000)]
  0x000002514c6faf00 JavaThread "ForkJoinPool.commonPool-worker-2" daemon [_thread_blocked, id=10968, stack(0x000000b5f0100000,0x000000b5f0200000)]
  0x000002514c6f9ac0 JavaThread "ForkJoinPool.commonPool-worker-3" daemon [_thread_blocked, id=7284, stack(0x000000b5f0200000,0x000000b5f0300000)]
  0x000002514c6fb410 JavaThread "included builds" [_thread_blocked, id=4192, stack(0x000000b5f0300000,0x000000b5f0400000)]
  0x000002514c6f58f0 JavaThread "Execution worker" [_thread_blocked, id=11928, stack(0x000000b5f0400000,0x000000b5f0500000)]
  0x000002514c6f5e00 JavaThread "Execution worker Thread 2" [_thread_blocked, id=10432, stack(0x000000b5f0500000,0x000000b5f0600000)]
  0x000002514c6f6310 JavaThread "Execution worker Thread 3" [_thread_blocked, id=2536, stack(0x000000b5f0600000,0x000000b5f0700000)]
  0x000002514b2921a0 JavaThread "Cache worker for execution history cache (C:\Users\Hissam\Downloads\nymvp-main\node_modules\@react-native\gradle-plugin\.gradle\8.8\executionHistory)" [_thread_blocked, id=4564, stack(0x000000b5f0700000,0x000000b5f0800000)]
  0x000002514cc19730 JavaThread "Unconstrained build operations Thread 16" [_thread_blocked, id=11412, stack(0x000000b5f0800000,0x000000b5f0900000)]
  0x000002514cc210b0 JavaThread "Unconstrained build operations Thread 17" [_thread_blocked, id=7836, stack(0x000000b5f0900000,0x000000b5f0a00000)]
  0x000002514cc1e830 JavaThread "Unconstrained build operations Thread 18" [_thread_blocked, id=8964, stack(0x000000b5f0a00000,0x000000b5f0b00000)]
  0x000002514cc1ed40 JavaThread "Unconstrained build operations Thread 19" [_thread_blocked, id=8064, stack(0x000000b5f0b00000,0x000000b5f0c00000)]
  0x000002514cc1d3f0 JavaThread "Unconstrained build operations Thread 20" [_thread_blocked, id=11292, stack(0x000000b5f0c00000,0x000000b5f0d00000)]
  0x000002514cc1b590 JavaThread "Unconstrained build operations Thread 21" [_thread_blocked, id=13732, stack(0x000000b5f0d00000,0x000000b5f0e00000)]
  0x000002514cc1f250 JavaThread "Unconstrained build operations Thread 22" [_thread_blocked, id=10544, stack(0x000000b5f0e00000,0x000000b5f0f00000)]
  0x000002514cc1ab70 JavaThread "Unconstrained build operations Thread 23" [_thread_blocked, id=9668, stack(0x000000b5f0f00000,0x000000b5f1000000)]
  0x000002514cc1f760 JavaThread "Unconstrained build operations Thread 24" [_thread_blocked, id=68, stack(0x000000b5f1000000,0x000000b5f1100000)]
  0x000002514cc1fc70 JavaThread "Unconstrained build operations Thread 25" [_thread_blocked, id=9220, stack(0x000000b5f1100000,0x000000b5f1200000)]
  0x000002514cc1cee0 JavaThread "Unconstrained build operations Thread 26" [_thread_blocked, id=4820, stack(0x000000b5f1200000,0x000000b5f1300000)]
  0x000002514cc1bfb0 JavaThread "Unconstrained build operations Thread 27" [_thread_blocked, id=10440, stack(0x000000b5f1300000,0x000000b5f1400000)]
  0x000002514cc20690 JavaThread "Unconstrained build operations Thread 28" [_thread_blocked, id=8896, stack(0x000000b5f1400000,0x000000b5f1500000)]
  0x000002514cc20180 JavaThread "Unconstrained build operations Thread 29" [_thread_blocked, id=10632, stack(0x000000b5f1500000,0x000000b5f1600000)]
  0x000002514cc20ba0 JavaThread "Unconstrained build operations Thread 30" [_thread_blocked, id=12596, stack(0x000000b5f1600000,0x000000b5f1700000)]
  0x000002514cc1e320 JavaThread "Unconstrained build operations Thread 31" [_thread_blocked, id=13620, stack(0x000000b5f1700000,0x000000b5f1800000)]
  0x000002514cc1baa0 JavaThread "Unconstrained build operations Thread 32" [_thread_blocked, id=11636, stack(0x000000b5f1800000,0x000000b5f1900000)]
  0x000002514cc1b080 JavaThread "Unconstrained build operations Thread 33" [_thread_blocked, id=8368, stack(0x000000b5f1900000,0x000000b5f1a00000)]
  0x000002514cc1a150 JavaThread "Unconstrained build operations Thread 34" [_thread_blocked, id=10864, stack(0x000000b5f1a00000,0x000000b5f1b00000)]
  0x000002514cc1a660 JavaThread "Unconstrained build operations Thread 35" [_thread_blocked, id=3540, stack(0x000000b5f1b00000,0x000000b5f1c00000)]
  0x000002514cc1c4c0 JavaThread "Unconstrained build operations Thread 36" [_thread_blocked, id=5352, stack(0x000000b5f1c00000,0x000000b5f1d00000)]
  0x000002514cc1c9d0 JavaThread "jar transforms Thread 2" [_thread_blocked, id=9040, stack(0x000000b5f1d00000,0x000000b5f1e00000)]
  0x000002514cca5840 JavaThread "C2 CompilerThread1" daemon [_thread_in_native, id=8180, stack(0x000000b5f1f00000,0x000000b5f2000000)]
  0x000002514cc1d900 JavaThread "Cache worker for Build Output Cleanup Cache (C:\Users\Hissam\Downloads\nymvp-main\android\.gradle\buildOutputCleanup)" [_thread_blocked, id=2936, stack(0x000000b5f2000000,0x000000b5f2100000)]
  0x000002514dc9a220 JavaThread "jar transforms Thread 3" [_thread_blocked, id=9488, stack(0x000000b5f2100000,0x000000b5f2200000)]
  0x000002514dc99d10 JavaThread "Unconstrained build operations Thread 37" [_thread_blocked, id=2804, stack(0x000000b5f2200000,0x000000b5f2300000)]
  0x000002514dc9b660 JavaThread "Unconstrained build operations Thread 38" [_thread_blocked, id=4568, stack(0x000000b5f2300000,0x000000b5f2400000)]
  0x000002514dc96f80 JavaThread "Unconstrained build operations Thread 39" [_thread_blocked, id=3260, stack(0x000000b5f2400000,0x000000b5f2500000)]
  0x000002514dc96050 JavaThread "Unconstrained build operations Thread 40" [_thread_blocked, id=8356, stack(0x000000b5f2500000,0x000000b5f2600000)]
  0x000002514dc9bb70 JavaThread "jar transforms Thread 4" [_thread_blocked, id=6704, stack(0x000000b5f2600000,0x000000b5f2700000)]

Other Threads:
  0x000002512a2e1220 VMThread "VM Thread" [stack: 0x000000b5ec800000,0x000000b5ec900000] [id=124]
  0x000002512a60e930 WatcherThread [stack: 0x000000b5ed400000,0x000000b5ed500000] [id=10288]
  0x000002510a65e9b0 GCTaskThread "GC Thread#0" [stack: 0x000000b5ec300000,0x000000b5ec400000] [id=10804]
  0x000002512a737420 GCTaskThread "GC Thread#1" [stack: 0x000000b5ed500000,0x000000b5ed600000] [id=10652]
  0x000002512a736e70 GCTaskThread "GC Thread#2" [stack: 0x000000b5ed600000,0x000000b5ed700000] [id=1524]
  0x000002514a5c9550 GCTaskThread "GC Thread#3" [stack: 0x000000b5ed800000,0x000000b5ed900000] [id=4216]
  0x000002510c7afa30 ConcurrentGCThread "G1 Main Marker" [stack: 0x000000b5ec400000,0x000000b5ec500000] [id=12128]
  0x000002510c7b0250 ConcurrentGCThread "G1 Conc#0" [stack: 0x000000b5ec500000,0x000000b5ec600000] [id=10624]
  0x000002510c7fe190 ConcurrentGCThread "G1 Refine#0" [stack: 0x000000b5ec600000,0x000000b5ec700000] [id=3688]
  0x000002514b8b1460 ConcurrentGCThread "G1 Refine#1" [stack: 0x000000b5eed00000,0x000000b5eee00000] [id=9052]
  0x000002510c7fead0 ConcurrentGCThread "G1 Service" [stack: 0x000000b5ec700000,0x000000b5ec800000] [id=12540]

Threads with active compile tasks:
C2 CompilerThread0    45664 10760       4       org.gradle.cache.internal.ExclusiveCacheAccessingWorker$1::call (10 bytes)
C2 CompilerThread1    45664 10759   !   4       java.util.concurrent.FutureTask::run (123 bytes)

VM state: not at safepoint (normal execution)

VM Mutex/Monitor currently owned by a thread: None

Heap address: 0x0000000080000000, size: 2048 MB, Compressed Oops mode: 32-bit

CDS archive(s) mapped at: [0x000002512b000000-0x000002512bbd0000-0x000002512bbd0000), size 12386304, SharedBaseAddress: 0x000002512b000000, ArchiveRelocationMode: 1.
Compressed class space mapped at: 0x000002512c000000-0x0000025146000000, reserved size: 436207616
Narrow klass base: 0x000002512b000000, Narrow klass shift: 0, Narrow klass range: 0x100000000

GC Precious Log:
 CPUs: 4 total, 4 available
 Memory: 8071M
 Large Page Support: Disabled
 NUMA Support: Disabled
 Compressed Oops: Enabled (32-bit)
 Heap Region Size: 1M
 Heap Min Capacity: 8M
 Heap Initial Capacity: 128M
 Heap Max Capacity: 2G
 Pre-touch: Disabled
 Parallel Workers: 4
 Concurrent Workers: 1
 Concurrent Refinement Workers: 4
 Periodic GC: Disabled

Heap:
 garbage-first heap   total 182272K, used 143170K [0x0000000080000000, 0x0000000100000000)
  region size 1024K, 62 young (63488K), 5 survivors (5120K)
 Metaspace       used 69917K, committed 70720K, reserved 491520K
  class space    used 9898K, committed 10304K, reserved 425984K

Heap Regions: E=young(eden), S=young(survivor), O=old, HS=humongous(starts), HC=humongous(continues), CS=collection set, F=free, OA=open archive, CA=closed archive, TAMS=top-at-mark-start (previous, next)
|   0|0x0000000080000000, 0x0000000080100000, 0x0000000080100000|100%|HS|  |TAMS 0x0000000080100000, 0x0000000080000000| Complete 
|   1|0x0000000080100000, 0x0000000080200000, 0x0000000080200000|100%|HC|  |TAMS 0x0000000080200000, 0x0000000080100000| Complete 
|   2|0x0000000080200000, 0x0000000080300000, 0x0000000080300000|100%|HC|  |TAMS 0x0000000080300000, 0x0000000080200000| Complete 
|   3|0x0000000080300000, 0x0000000080400000, 0x0000000080400000|100%|HC|  |TAMS 0x0000000080400000, 0x0000000080300000| Complete 
|   4|0x0000000080400000, 0x0000000080500000, 0x0000000080500000|100%| O|  |TAMS 0x0000000080500000, 0x0000000080400000| Untracked 
|   5|0x0000000080500000, 0x0000000080600000, 0x0000000080600000|100%| O|  |TAMS 0x0000000080600000, 0x0000000080500000| Untracked 
|   6|0x0000000080600000, 0x0000000080700000, 0x0000000080700000|100%| O|  |TAMS 0x0000000080700000, 0x0000000080600000| Untracked 
|   7|0x0000000080700000, 0x0000000080800000, 0x0000000080800000|100%| O|  |TAMS 0x0000000080800000, 0x0000000080700000| Untracked 
|   8|0x0000000080800000, 0x0000000080900000, 0x0000000080900000|100%| O|  |TAMS 0x0000000080900000, 0x0000000080800000| Untracked 
|   9|0x0000000080900000, 0x0000000080a00000, 0x0000000080a00000|100%| O|  |TAMS 0x0000000080a00000, 0x0000000080900000| Untracked 
|  10|0x0000000080a00000, 0x0000000080b00000, 0x0000000080b00000|100%| O|  |TAMS 0x0000000080b00000, 0x0000000080a00000| Untracked 
|  11|0x0000000080b00000, 0x0000000080c00000, 0x0000000080c00000|100%| O|  |TAMS 0x0000000080c00000, 0x0000000080b00000| Untracked 
|  12|0x0000000080c00000, 0x0000000080d00000, 0x0000000080d00000|100%|HS|  |TAMS 0x0000000080d00000, 0x0000000080c00000| Complete 
|  13|0x0000000080d00000, 0x0000000080e00000, 0x0000000080e00000|100%| O|  |TAMS 0x0000000080e00000, 0x0000000080d00000| Untracked 
|  14|0x0000000080e00000, 0x0000000080f00000, 0x0000000080f00000|100%| O|  |TAMS 0x0000000080f00000, 0x0000000080e00000| Untracked 
|  15|0x0000000080f00000, 0x0000000081000000, 0x0000000081000000|100%| O|  |TAMS 0x0000000081000000, 0x0000000080f00000| Untracked 
|  16|0x0000000081000000, 0x0000000081100000, 0x0000000081100000|100%| O|  |TAMS 0x0000000081100000, 0x0000000081000000| Untracked 
|  17|0x0000000081100000, 0x0000000081200000, 0x0000000081200000|100%| O|  |TAMS 0x0000000081200000, 0x0000000081100000| Untracked 
|  18|0x0000000081200000, 0x0000000081300000, 0x0000000081300000|100%| O|  |TAMS 0x0000000081300000, 0x0000000081200000| Untracked 
|  19|0x0000000081300000, 0x0000000081400000, 0x0000000081400000|100%| O|  |TAMS 0x0000000081400000, 0x0000000081300000| Untracked 
|  20|0x0000000081400000, 0x00000000814d0a00, 0x0000000081500000| 81%| O|  |TAMS 0x00000000814d0a00, 0x0000000081400000| Untracked 
|  21|0x0000000081500000, 0x0000000081600000, 0x0000000081600000|100%| O|  |TAMS 0x0000000081600000, 0x0000000081500000| Untracked 
|  22|0x0000000081600000, 0x0000000081700000, 0x0000000081700000|100%| O|  |TAMS 0x0000000081700000, 0x0000000081600000| Untracked 
|  23|0x0000000081700000, 0x0000000081800000, 0x0000000081800000|100%| O|  |TAMS 0x0000000081800000, 0x0000000081700000| Untracked 
|  24|0x0000000081800000, 0x0000000081900000, 0x0000000081900000|100%| O|  |TAMS 0x0000000081900000, 0x0000000081800000| Untracked 
|  25|0x0000000081900000, 0x0000000081a00000, 0x0000000081a00000|100%| O|  |TAMS 0x0000000081a00000, 0x0000000081900000| Untracked 
|  26|0x0000000081a00000, 0x0000000081b00000, 0x0000000081b00000|100%| O|  |TAMS 0x0000000081b00000, 0x0000000081a00000| Untracked 
|  27|0x0000000081b00000, 0x0000000081c00000, 0x0000000081c00000|100%| O|  |TAMS 0x0000000081c00000, 0x0000000081b00000| Untracked 
|  28|0x0000000081c00000, 0x0000000081d00000, 0x0000000081d00000|100%| O|  |TAMS 0x0000000081d00000, 0x0000000081c00000| Untracked 
|  29|0x0000000081d00000, 0x0000000081e00000, 0x0000000081e00000|100%| O|  |TAMS 0x0000000081e00000, 0x0000000081d00000| Untracked 
|  30|0x0000000081e00000, 0x0000000081f00000, 0x0000000081f00000|100%| O|  |TAMS 0x0000000081f00000, 0x0000000081e00000| Untracked 
|  31|0x0000000081f00000, 0x0000000082000000, 0x0000000082000000|100%| O|  |TAMS 0x0000000082000000, 0x0000000081f00000| Untracked 
|  32|0x0000000082000000, 0x0000000082100000, 0x0000000082100000|100%| O|  |TAMS 0x0000000082100000, 0x0000000082000000| Untracked 
|  33|0x0000000082100000, 0x0000000082200000, 0x0000000082200000|100%| O|  |TAMS 0x0000000082200000, 0x0000000082100000| Untracked 
|  34|0x0000000082200000, 0x0000000082300000, 0x0000000082300000|100%| O|  |TAMS 0x0000000082300000, 0x0000000082200000| Untracked 
|  35|0x0000000082300000, 0x0000000082400000, 0x0000000082400000|100%| O|  |TAMS 0x0000000082400000, 0x0000000082300000| Untracked 
|  36|0x0000000082400000, 0x0000000082500000, 0x0000000082500000|100%| O|  |TAMS 0x0000000082400000, 0x0000000082400000| Untracked 
|  37|0x0000000082500000, 0x0000000082600000, 0x0000000082600000|100%| O|  |TAMS 0x0000000082600000, 0x0000000082500000| Untracked 
|  38|0x0000000082600000, 0x0000000082700000, 0x0000000082700000|100%| O|  |TAMS 0x0000000082700000, 0x0000000082600000| Untracked 
|  39|0x0000000082700000, 0x0000000082800000, 0x0000000082800000|100%| O|  |TAMS 0x0000000082700000, 0x0000000082700000| Untracked 
|  40|0x0000000082800000, 0x0000000082900000, 0x0000000082900000|100%| O|  |TAMS 0x0000000082900000, 0x0000000082800000| Untracked 
|  41|0x0000000082900000, 0x0000000082a00000, 0x0000000082a00000|100%| O|  |TAMS 0x0000000082a00000, 0x0000000082900000| Untracked 
|  42|0x0000000082a00000, 0x0000000082b00000, 0x0000000082b00000|100%| O|  |TAMS 0x0000000082b00000, 0x0000000082a00000| Untracked 
|  43|0x0000000082b00000, 0x0000000082c00000, 0x0000000082c00000|100%| O|  |TAMS 0x0000000082c00000, 0x0000000082b00000| Untracked 
|  44|0x0000000082c00000, 0x0000000082d00000, 0x0000000082d00000|100%| O|  |TAMS 0x0000000082d00000, 0x0000000082c00000| Untracked 
|  45|0x0000000082d00000, 0x0000000082e00000, 0x0000000082e00000|100%|HS|  |TAMS 0x0000000082e00000, 0x0000000082d00000| Complete 
|  46|0x0000000082e00000, 0x0000000082f00000, 0x0000000082f00000|100%|HC|  |TAMS 0x0000000082f00000, 0x0000000082e00000| Complete 
|  47|0x0000000082f00000, 0x0000000083000000, 0x0000000083000000|100%|HS|  |TAMS 0x0000000083000000, 0x0000000082f00000| Complete 
|  48|0x0000000083000000, 0x0000000083100000, 0x0000000083100000|100%|HC|  |TAMS 0x0000000083100000, 0x0000000083000000| Complete 
|  49|0x0000000083100000, 0x0000000083200000, 0x0000000083200000|100%|HS|  |TAMS 0x0000000083200000, 0x0000000083100000| Complete 
|  50|0x0000000083200000, 0x0000000083300000, 0x0000000083300000|100%|HC|  |TAMS 0x0000000083300000, 0x0000000083200000| Complete 
|  51|0x0000000083300000, 0x0000000083400000, 0x0000000083400000|100%|HC|  |TAMS 0x0000000083400000, 0x0000000083300000| Complete 
|  52|0x0000000083400000, 0x0000000083500000, 0x0000000083500000|100%|HC|  |TAMS 0x0000000083500000, 0x0000000083400000| Complete 
|  53|0x0000000083500000, 0x0000000083600000, 0x0000000083600000|100%|HS|  |TAMS 0x0000000083600000, 0x0000000083500000| Complete 
|  54|0x0000000083600000, 0x0000000083700000, 0x0000000083700000|100%|HC|  |TAMS 0x0000000083700000, 0x0000000083600000| Complete 
|  55|0x0000000083700000, 0x0000000083800000, 0x0000000083800000|100%|HC|  |TAMS 0x0000000083800000, 0x0000000083700000| Complete 
|  56|0x0000000083800000, 0x0000000083900000, 0x0000000083900000|100%|HC|  |TAMS 0x0000000083900000, 0x0000000083800000| Complete 
|  57|0x0000000083900000, 0x0000000083a00000, 0x0000000083a00000|100%| O|  |TAMS 0x0000000083a00000, 0x0000000083900000| Untracked 
|  58|0x0000000083a00000, 0x0000000083b00000, 0x0000000083b00000|100%| O|  |TAMS 0x0000000083af7800, 0x0000000083a00000| Untracked 
|  59|0x0000000083b00000, 0x0000000083c00000, 0x0000000083c00000|100%| O|  |TAMS 0x0000000083b00000, 0x0000000083b00000| Untracked 
|  60|0x0000000083c00000, 0x0000000083d00000, 0x0000000083d00000|100%| O|  |TAMS 0x0000000083d00000, 0x0000000083c00000| Untracked 
|  61|0x0000000083d00000, 0x0000000083e00000, 0x0000000083e00000|100%| O|  |TAMS 0x0000000083e00000, 0x0000000083d00000| Untracked 
|  62|0x0000000083e00000, 0x0000000083f00000, 0x0000000083f00000|100%| O|  |TAMS 0x0000000083f00000, 0x0000000083e00000| Untracked 
|  63|0x0000000083f00000, 0x0000000084000000, 0x0000000084000000|100%| O|  |TAMS 0x0000000083f00000, 0x0000000083f00000| Untracked 
|  64|0x0000000084000000, 0x0000000084100000, 0x0000000084100000|100%| O|  |TAMS 0x0000000084000000, 0x0000000084000000| Untracked 
|  65|0x0000000084100000, 0x0000000084200000, 0x0000000084200000|100%| O|  |TAMS 0x0000000084100000, 0x0000000084100000| Untracked 
|  66|0x0000000084200000, 0x0000000084300000, 0x0000000084300000|100%| O|  |TAMS 0x0000000084200000, 0x0000000084200000| Untracked 
|  67|0x0000000084300000, 0x0000000084400000, 0x0000000084400000|100%| O|  |TAMS 0x0000000084300000, 0x0000000084300000| Untracked 
|  68|0x0000000084400000, 0x0000000084500000, 0x0000000084500000|100%| O|  |TAMS 0x0000000084400000, 0x0000000084400000| Untracked 
|  69|0x0000000084500000, 0x0000000084600000, 0x0000000084600000|100%| O|  |TAMS 0x0000000084500000, 0x0000000084500000| Untracked 
|  70|0x0000000084600000, 0x0000000084700000, 0x0000000084700000|100%| O|  |TAMS 0x0000000084600000, 0x0000000084600000| Untracked 
|  71|0x0000000084700000, 0x0000000084800000, 0x0000000084800000|100%| O|  |TAMS 0x0000000084700000, 0x0000000084700000| Untracked 
|  72|0x0000000084800000, 0x0000000084900000, 0x0000000084900000|100%| O|  |TAMS 0x0000000084800000, 0x0000000084800000| Untracked 
|  73|0x0000000084900000, 0x0000000084a00000, 0x0000000084a00000|100%| O|  |TAMS 0x0000000084900000, 0x0000000084900000| Untracked 
|  74|0x0000000084a00000, 0x0000000084b00000, 0x0000000084b00000|100%| O|  |TAMS 0x0000000084a00000, 0x0000000084a00000| Untracked 
|  75|0x0000000084b00000, 0x0000000084c00000, 0x0000000084c00000|100%| O|  |TAMS 0x0000000084b00000, 0x0000000084b00000| Untracked 
|  76|0x0000000084c00000, 0x0000000084d00000, 0x0000000084d00000|100%| O|  |TAMS 0x0000000084c00000, 0x0000000084c00000| Untracked 
|  77|0x0000000084d00000, 0x0000000084e00000, 0x0000000084e00000|100%|HS|  |TAMS 0x0000000084d00000, 0x0000000084d00000| Complete 
|  78|0x0000000084e00000, 0x0000000084f00000, 0x0000000084f00000|100%|HS|  |TAMS 0x0000000084e00000, 0x0000000084e00000| Complete 
|  79|0x0000000084f00000, 0x0000000085000000, 0x0000000085000000|100%|HS|  |TAMS 0x0000000084f00000, 0x0000000084f00000| Complete 
|  80|0x0000000085000000, 0x0000000085000000, 0x0000000085100000|  0%| F|  |TAMS 0x0000000085000000, 0x0000000085000000| Untracked 
|  81|0x0000000085100000, 0x0000000085100000, 0x0000000085200000|  0%| F|  |TAMS 0x0000000085100000, 0x0000000085100000| Untracked 
|  82|0x0000000085200000, 0x0000000085200000, 0x0000000085300000|  0%| F|  |TAMS 0x0000000085200000, 0x0000000085200000| Untracked 
|  83|0x0000000085300000, 0x0000000085300000, 0x0000000085400000|  0%| F|  |TAMS 0x0000000085300000, 0x0000000085300000| Untracked 
|  84|0x0000000085400000, 0x0000000085400000, 0x0000000085500000|  0%| F|  |TAMS 0x0000000085400000, 0x0000000085400000| Untracked 
|  85|0x0000000085500000, 0x0000000085500000, 0x0000000085600000|  0%| F|  |TAMS 0x0000000085500000, 0x0000000085500000| Untracked 
|  86|0x0000000085600000, 0x0000000085600000, 0x0000000085700000|  0%| F|  |TAMS 0x0000000085600000, 0x0000000085600000| Untracked 
|  87|0x0000000085700000, 0x0000000085700000, 0x0000000085800000|  0%| F|  |TAMS 0x0000000085700000, 0x0000000085700000| Untracked 
|  88|0x0000000085800000, 0x0000000085800000, 0x0000000085900000|  0%| F|  |TAMS 0x0000000085800000, 0x0000000085800000| Untracked 
|  89|0x0000000085900000, 0x0000000085900000, 0x0000000085a00000|  0%| F|  |TAMS 0x0000000085900000, 0x0000000085900000| Untracked 
|  90|0x0000000085a00000, 0x0000000085a00000, 0x0000000085b00000|  0%| F|  |TAMS 0x0000000085a00000, 0x0000000085a00000| Untracked 
|  91|0x0000000085b00000, 0x0000000085b00000, 0x0000000085c00000|  0%| F|  |TAMS 0x0000000085b00000, 0x0000000085b00000| Untracked 
|  92|0x0000000085c00000, 0x0000000085c00000, 0x0000000085d00000|  0%| F|  |TAMS 0x0000000085c00000, 0x0000000085c00000| Untracked 
|  93|0x0000000085d00000, 0x0000000085d00000, 0x0000000085e00000|  0%| F|  |TAMS 0x0000000085d00000, 0x0000000085d00000| Untracked 
|  94|0x0000000085e00000, 0x0000000085e00000, 0x0000000085f00000|  0%| F|  |TAMS 0x0000000085e00000, 0x0000000085e00000| Untracked 
|  95|0x0000000085f00000, 0x0000000085f00000, 0x0000000086000000|  0%| F|  |TAMS 0x0000000085f00000, 0x0000000085f00000| Untracked 
|  96|0x0000000086000000, 0x0000000086000000, 0x0000000086100000|  0%| F|  |TAMS 0x0000000086000000, 0x0000000086000000| Untracked 
|  97|0x0000000086100000, 0x0000000086100000, 0x0000000086200000|  0%| F|  |TAMS 0x0000000086100000, 0x0000000086100000| Untracked 
|  98|0x0000000086200000, 0x0000000086200000, 0x0000000086300000|  0%| F|  |TAMS 0x0000000086200000, 0x0000000086200000| Untracked 
|  99|0x0000000086300000, 0x0000000086300000, 0x0000000086400000|  0%| F|  |TAMS 0x0000000086300000, 0x0000000086300000| Untracked 
| 100|0x0000000086400000, 0x0000000086400000, 0x0000000086500000|  0%| F|  |TAMS 0x0000000086400000, 0x0000000086400000| Untracked 
| 101|0x0000000086500000, 0x0000000086500000, 0x0000000086600000|  0%| F|  |TAMS 0x0000000086500000, 0x0000000086500000| Untracked 
| 102|0x0000000086600000, 0x0000000086600000, 0x0000000086700000|  0%| F|  |TAMS 0x0000000086600000, 0x0000000086600000| Untracked 
| 103|0x0000000086700000, 0x0000000086700000, 0x0000000086800000|  0%| F|  |TAMS 0x0000000086700000, 0x0000000086700000| Untracked 
| 104|0x0000000086800000, 0x0000000086800000, 0x0000000086900000|  0%| F|  |TAMS 0x0000000086800000, 0x0000000086800000| Untracked 
| 105|0x0000000086900000, 0x0000000086900000, 0x0000000086a00000|  0%| F|  |TAMS 0x0000000086900000, 0x0000000086900000| Untracked 
| 106|0x0000000086a00000, 0x0000000086a00000, 0x0000000086b00000|  0%| F|  |TAMS 0x0000000086a00000, 0x0000000086a00000| Untracked 
| 107|0x0000000086b00000, 0x0000000086b00000, 0x0000000086c00000|  0%| F|  |TAMS 0x0000000086b00000, 0x0000000086b00000| Untracked 
| 108|0x0000000086c00000, 0x0000000086c00000, 0x0000000086d00000|  0%| F|  |TAMS 0x0000000086c00000, 0x0000000086c00000| Untracked 
| 109|0x0000000086d00000, 0x0000000086e00000, 0x0000000086e00000|100%| S|CS|TAMS 0x0000000086d00000, 0x0000000086d00000| Complete 
| 110|0x0000000086e00000, 0x0000000086f00000, 0x0000000086f00000|100%| S|CS|TAMS 0x0000000086e00000, 0x0000000086e00000| Complete 
| 111|0x0000000086f00000, 0x0000000087000000, 0x0000000087000000|100%| S|CS|TAMS 0x0000000086f00000, 0x0000000086f00000| Complete 
| 112|0x0000000087000000, 0x0000000087100000, 0x0000000087100000|100%| S|CS|TAMS 0x0000000087000000, 0x0000000087000000| Complete 
| 113|0x0000000087100000, 0x0000000087200000, 0x0000000087200000|100%| S|CS|TAMS 0x0000000087100000, 0x0000000087100000| Complete 
| 114|0x0000000087200000, 0x0000000087200000, 0x0000000087300000|  0%| F|  |TAMS 0x0000000087200000, 0x0000000087200000| Untracked 
| 115|0x0000000087300000, 0x0000000087300000, 0x0000000087400000|  0%| F|  |TAMS 0x0000000087300000, 0x0000000087300000| Untracked 
| 116|0x0000000087400000, 0x0000000087400000, 0x0000000087500000|  0%| F|  |TAMS 0x0000000087400000, 0x0000000087400000| Untracked 
| 117|0x0000000087500000, 0x0000000087500000, 0x0000000087600000|  0%| F|  |TAMS 0x0000000087500000, 0x0000000087500000| Untracked 
| 118|0x0000000087600000, 0x0000000087600000, 0x0000000087700000|  0%| F|  |TAMS 0x0000000087600000, 0x0000000087600000| Untracked 
| 119|0x0000000087700000, 0x0000000087700000, 0x0000000087800000|  0%| F|  |TAMS 0x0000000087700000, 0x0000000087700000| Untracked 
| 120|0x0000000087800000, 0x0000000087800000, 0x0000000087900000|  0%| F|  |TAMS 0x0000000087800000, 0x0000000087800000| Untracked 
| 121|0x0000000087900000, 0x0000000087a00000, 0x0000000087a00000|100%| E|  |TAMS 0x0000000087900000, 0x0000000087900000| Complete 
| 122|0x0000000087a00000, 0x0000000087b00000, 0x0000000087b00000|100%| E|CS|TAMS 0x0000000087a00000, 0x0000000087a00000| Complete 
| 123|0x0000000087b00000, 0x0000000087c00000, 0x0000000087c00000|100%| E|CS|TAMS 0x0000000087b00000, 0x0000000087b00000| Complete 
| 124|0x0000000087c00000, 0x0000000087d00000, 0x0000000087d00000|100%| E|CS|TAMS 0x0000000087c00000, 0x0000000087c00000| Complete 
| 125|0x0000000087d00000, 0x0000000087e00000, 0x0000000087e00000|100%| E|CS|TAMS 0x0000000087d00000, 0x0000000087d00000| Complete 
| 126|0x0000000087e00000, 0x0000000087f00000, 0x0000000087f00000|100%| E|CS|TAMS 0x0000000087e00000, 0x0000000087e00000| Complete 
| 127|0x0000000087f00000, 0x0000000088000000, 0x0000000088000000|100%| E|CS|TAMS 0x0000000087f00000, 0x0000000087f00000| Complete 
| 128|0x0000000088000000, 0x0000000088100000, 0x0000000088100000|100%| E|CS|TAMS 0x0000000088000000, 0x0000000088000000| Complete 
| 129|0x0000000088100000, 0x0000000088200000, 0x0000000088200000|100%| E|CS|TAMS 0x0000000088100000, 0x0000000088100000| Complete 
| 130|0x0000000088200000, 0x0000000088300000, 0x0000000088300000|100%| E|CS|TAMS 0x0000000088200000, 0x0000000088200000| Complete 
| 131|0x0000000088300000, 0x0000000088400000, 0x0000000088400000|100%| E|CS|TAMS 0x0000000088300000, 0x0000000088300000| Complete 
| 132|0x0000000088400000, 0x0000000088500000, 0x0000000088500000|100%| E|CS|TAMS 0x0000000088400000, 0x0000000088400000| Complete 
| 133|0x0000000088500000, 0x0000000088600000, 0x0000000088600000|100%| E|CS|TAMS 0x0000000088500000, 0x0000000088500000| Complete 
| 134|0x0000000088600000, 0x0000000088700000, 0x0000000088700000|100%| E|CS|TAMS 0x0000000088600000, 0x0000000088600000| Complete 
| 135|0x0000000088700000, 0x0000000088800000, 0x0000000088800000|100%| E|CS|TAMS 0x0000000088700000, 0x0000000088700000| Complete 
| 136|0x0000000088800000, 0x0000000088900000, 0x0000000088900000|100%| E|  |TAMS 0x0000000088800000, 0x0000000088800000| Complete 
| 137|0x0000000088900000, 0x0000000088a00000, 0x0000000088a00000|100%| E|CS|TAMS 0x0000000088900000, 0x0000000088900000| Complete 
| 138|0x0000000088a00000, 0x0000000088b00000, 0x0000000088b00000|100%| E|CS|TAMS 0x0000000088a00000, 0x0000000088a00000| Complete 
| 139|0x0000000088b00000, 0x0000000088c00000, 0x0000000088c00000|100%| E|CS|TAMS 0x0000000088b00000, 0x0000000088b00000| Complete 
| 140|0x0000000088c00000, 0x0000000088d00000, 0x0000000088d00000|100%| E|CS|TAMS 0x0000000088c00000, 0x0000000088c00000| Complete 
| 141|0x0000000088d00000, 0x0000000088e00000, 0x0000000088e00000|100%| E|CS|TAMS 0x0000000088d00000, 0x0000000088d00000| Complete 
| 142|0x0000000088e00000, 0x0000000088f00000, 0x0000000088f00000|100%| E|CS|TAMS 0x0000000088e00000, 0x0000000088e00000| Complete 
| 143|0x0000000088f00000, 0x0000000089000000, 0x0000000089000000|100%| E|CS|TAMS 0x0000000088f00000, 0x0000000088f00000| Complete 
| 144|0x0000000089000000, 0x0000000089100000, 0x0000000089100000|100%| E|CS|TAMS 0x0000000089000000, 0x0000000089000000| Complete 
| 145|0x0000000089100000, 0x0000000089200000, 0x0000000089200000|100%| E|CS|TAMS 0x0000000089100000, 0x0000000089100000| Complete 
| 146|0x0000000089200000, 0x0000000089300000, 0x0000000089300000|100%| E|CS|TAMS 0x0000000089200000, 0x0000000089200000| Complete 
| 147|0x0000000089300000, 0x0000000089400000, 0x0000000089400000|100%| E|CS|TAMS 0x0000000089300000, 0x0000000089300000| Complete 
| 148|0x0000000089400000, 0x0000000089500000, 0x0000000089500000|100%| E|CS|TAMS 0x0000000089400000, 0x0000000089400000| Complete 
| 149|0x0000000089500000, 0x0000000089600000, 0x0000000089600000|100%| E|CS|TAMS 0x0000000089500000, 0x0000000089500000| Complete 
| 150|0x0000000089600000, 0x0000000089700000, 0x0000000089700000|100%| E|CS|TAMS 0x0000000089600000, 0x0000000089600000| Complete 
| 151|0x0000000089700000, 0x0000000089800000, 0x0000000089800000|100%| E|CS|TAMS 0x0000000089700000, 0x0000000089700000| Complete 
| 152|0x0000000089800000, 0x0000000089900000, 0x0000000089900000|100%| E|CS|TAMS 0x0000000089800000, 0x0000000089800000| Complete 
| 153|0x0000000089900000, 0x0000000089a00000, 0x0000000089a00000|100%| E|CS|TAMS 0x0000000089900000, 0x0000000089900000| Complete 
| 154|0x0000000089a00000, 0x0000000089b00000, 0x0000000089b00000|100%| E|CS|TAMS 0x0000000089a00000, 0x0000000089a00000| Complete 
| 155|0x0000000089b00000, 0x0000000089c00000, 0x0000000089c00000|100%| E|CS|TAMS 0x0000000089b00000, 0x0000000089b00000| Complete 
| 156|0x0000000089c00000, 0x0000000089d00000, 0x0000000089d00000|100%| E|CS|TAMS 0x0000000089c00000, 0x0000000089c00000| Complete 
| 157|0x0000000089d00000, 0x0000000089e00000, 0x0000000089e00000|100%| E|CS|TAMS 0x0000000089d00000, 0x0000000089d00000| Complete 
| 158|0x0000000089e00000, 0x0000000089f00000, 0x0000000089f00000|100%| E|CS|TAMS 0x0000000089e00000, 0x0000000089e00000| Complete 
| 159|0x0000000089f00000, 0x000000008a000000, 0x000000008a000000|100%| E|CS|TAMS 0x0000000089f00000, 0x0000000089f00000| Complete 
| 160|0x000000008a000000, 0x000000008a100000, 0x000000008a100000|100%| E|CS|TAMS 0x000000008a000000, 0x000000008a000000| Complete 
| 161|0x000000008a100000, 0x000000008a200000, 0x000000008a200000|100%| E|CS|TAMS 0x000000008a100000, 0x000000008a100000| Complete 
| 162|0x000000008a200000, 0x000000008a300000, 0x000000008a300000|100%| E|CS|TAMS 0x000000008a200000, 0x000000008a200000| Complete 
| 163|0x000000008a300000, 0x000000008a400000, 0x000000008a400000|100%| E|CS|TAMS 0x000000008a300000, 0x000000008a300000| Complete 
| 164|0x000000008a400000, 0x000000008a500000, 0x000000008a500000|100%| E|CS|TAMS 0x000000008a400000, 0x000000008a400000| Complete 
| 165|0x000000008a500000, 0x000000008a600000, 0x000000008a600000|100%| E|CS|TAMS 0x000000008a500000, 0x000000008a500000| Complete 
| 166|0x000000008a600000, 0x000000008a700000, 0x000000008a700000|100%| E|CS|TAMS 0x000000008a600000, 0x000000008a600000| Complete 
| 167|0x000000008a700000, 0x000000008a800000, 0x000000008a800000|100%| E|CS|TAMS 0x000000008a700000, 0x000000008a700000| Complete 
| 168|0x000000008a800000, 0x000000008a900000, 0x000000008a900000|100%| E|CS|TAMS 0x000000008a800000, 0x000000008a800000| Complete 
| 169|0x000000008a900000, 0x000000008aa00000, 0x000000008aa00000|100%| E|CS|TAMS 0x000000008a900000, 0x000000008a900000| Complete 
| 170|0x000000008aa00000, 0x000000008ab00000, 0x000000008ab00000|100%| E|CS|TAMS 0x000000008aa00000, 0x000000008aa00000| Complete 
| 171|0x000000008ab00000, 0x000000008ac00000, 0x000000008ac00000|100%| E|CS|TAMS 0x000000008ab00000, 0x000000008ab00000| Complete 
| 172|0x000000008ac00000, 0x000000008ad00000, 0x000000008ad00000|100%| E|CS|TAMS 0x000000008ac00000, 0x000000008ac00000| Complete 
| 173|0x000000008ad00000, 0x000000008ae00000, 0x000000008ae00000|100%| E|CS|TAMS 0x000000008ad00000, 0x000000008ad00000| Complete 
| 174|0x000000008ae00000, 0x000000008af00000, 0x000000008af00000|100%| E|CS|TAMS 0x000000008ae00000, 0x000000008ae00000| Complete 
| 175|0x000000008af00000, 0x000000008b000000, 0x000000008b000000|100%| E|CS|TAMS 0x000000008af00000, 0x000000008af00000| Complete 
| 176|0x000000008b000000, 0x000000008b100000, 0x000000008b100000|100%| E|CS|TAMS 0x000000008b000000, 0x000000008b000000| Complete 
| 177|0x000000008b100000, 0x000000008b200000, 0x000000008b200000|100%| E|CS|TAMS 0x000000008b100000, 0x000000008b100000| Complete 

Card table byte_map: [0x0000025123640000,0x0000025123a40000] _byte_map_base: 0x0000025123240000

Marking Bits (Prev, Next): (CMBitMap*) 0x000002510c79f140, (CMBitMap*) 0x000002510c79f100
 Prev Bits: [0x0000025125e40000, 0x0000025127e40000)
 Next Bits: [0x0000025123e40000, 0x0000025125e40000)

Polling page: 0x000002510a8c0000

Metaspace:

Usage:
  Non-class:     58.61 MB used.
      Class:      9.67 MB used.
       Both:     68.28 MB used.

Virtual space:
  Non-class space:       64.00 MB reserved,      59.00 MB ( 92%) committed,  1 nodes.
      Class space:      416.00 MB reserved,      10.06 MB (  2%) committed,  1 nodes.
             Both:      480.00 MB reserved,      69.06 MB ( 14%) committed. 

Chunk freelists:
   Non-Class:  4.32 MB
       Class:  6.00 MB
        Both:  10.31 MB

MaxMetaspaceSize: 512.00 MB
CompressedClassSpaceSize: 416.00 MB
Initial GC threshold: 21.00 MB
Current GC threshold: 100.25 MB
CDS: on
MetaspaceReclaimPolicy: balanced
 - commit_granule_bytes: 65536.
 - commit_granule_words: 8192.
 - virtual_space_node_default_size: 8388608.
 - enlarge_chunks_in_place: 1.
 - new_chunks_are_fully_committed: 0.
 - uncommit_free_chunks: 1.
 - use_allocation_guard: 0.
 - handle_deallocations: 1.


Internal statistics:

num_allocs_failed_limit: 8.
num_arena_births: 1040.
num_arena_deaths: 0.
num_vsnodes_births: 2.
num_vsnodes_deaths: 0.
num_space_committed: 1105.
num_space_uncommitted: 0.
num_chunks_returned_to_freelist: 8.
num_chunks_taken_from_freelist: 4103.
num_chunk_merges: 8.
num_chunk_splits: 2621.
num_chunks_enlarged: 1630.
num_inconsistent_stats: 0.

CodeHeap 'non-profiled nmethods': size=120000Kb used=5131Kb max_used=5131Kb free=114868Kb
 bounds [0x000002511bd10000, 0x000002511c220000, 0x0000025123240000]
CodeHeap 'profiled nmethods': size=120000Kb used=19165Kb max_used=19165Kb free=100834Kb
 bounds [0x0000025114240000, 0x0000025115500000, 0x000002511b770000]
CodeHeap 'non-nmethods': size=5760Kb used=2369Kb max_used=2472Kb free=3390Kb
 bounds [0x000002511b770000, 0x000002511b9f0000, 0x000002511bd10000]
 total_blobs=10838 nmethods=9942 adapters=808
 compilation: enabled
              stopped_count=0, restarted_count=0
 full_count=0

Compilation events (20 events):
Event: 45.340 Thread 0x000002512a34c830 10756       3       org.gradle.api.internal.initialization.transform.utils.InstrumentationClasspathMerger$$Lambda$936/0x000002512c5ed638::apply (8 bytes)
Event: 45.340 Thread 0x000002512a34c830 nmethod 10756 0x00000251154eb210 code [0x00000251154eb3c0, 0x00000251154eb638]
Event: 45.340 Thread 0x000002512a34c830 10757       3       org.gradle.api.internal.initialization.transform.utils.InstrumentationClasspathMerger::lambda$mergeToClasspath$2 (5 bytes)
Event: 45.340 Thread 0x000002512a34c830 nmethod 10757 0x00000251154eb790 code [0x00000251154eb920, 0x00000251154eba18]
Event: 45.340 Thread 0x000002512a34c830 10758       3       com.google.common.base.Preconditions::checkArgument (29 bytes)
Event: 45.341 Thread 0x000002512a34c830 nmethod 10758 0x00000251154ebb10 code [0x00000251154ebce0, 0x00000251154ec2b8]
Event: 45.351 Thread 0x000002514cca5840 10759   !   4       java.util.concurrent.FutureTask::run (123 bytes)
Event: 45.351 Thread 0x000002512a304c40 10760       4       org.gradle.cache.internal.ExclusiveCacheAccessingWorker$1::call (10 bytes)
Event: 45.354 Thread 0x000002512a34c830 10761       3       org.gradle.internal.serialize.kryo.KryoBackedEncoder::writeBytes (11 bytes)
Event: 45.354 Thread 0x000002512a34c830 nmethod 10761 0x00000251154ec490 code [0x00000251154ec640, 0x00000251154ec7a8]
Event: 45.369 Thread 0x000002512a34c830 10764       3       com.google.common.collect.AbstractMapEntry::hashCode (36 bytes)
Event: 45.370 Thread 0x000002512a34c830 nmethod 10764 0x00000251154ec890 code [0x00000251154eca60, 0x00000251154ecdf8]
Event: 45.414 Thread 0x000002512a34c830 10768       3       org.codehaus.groovy.runtime.metaclass.MetaMethodIndex::getHeader (38 bytes)
Event: 45.415 Thread 0x000002512a34c830 nmethod 10768 0x00000251154ecf90 code [0x00000251154ed180, 0x00000251154ed7b8]
Event: 45.416 Thread 0x000002512a34c830 10769       3       groovyjarjarasm.asm.Symbol::<init> (38 bytes)
Event: 45.416 Thread 0x000002512a34c830 nmethod 10769 0x00000251154eda10 code [0x00000251154edbc0, 0x00000251154ede58]
Event: 45.416 Thread 0x000002512a34c830 10770       3       groovyjarjarasm.asm.SymbolTable::put (150 bytes)
Event: 45.417 Thread 0x000002512a34c830 nmethod 10770 0x00000251154edf90 code [0x00000251154ee180, 0x00000251154eea18]
Event: 45.420 Thread 0x000002512a34c830 10771       3       jdk.internal.loader.URLClassPath$3::run (172 bytes)
Event: 45.422 Thread 0x000002512a34c830 nmethod 10771 0x00000251154eed10 code [0x00000251154ef040, 0x00000251154f0228]

GC Heap History (20 events):
Event: 21.178 GC heap before
{Heap before GC invocations=19 (full 0):
 garbage-first heap   total 89088K, used 61851K [0x0000000080000000, 0x0000000100000000)
  region size 1024K, 4 young (4096K), 3 survivors (3072K)
 Metaspace       used 56675K, committed 57280K, reserved 491520K
  class space    used 8075K, committed 8384K, reserved 425984K
}
Event: 21.185 GC heap after
{Heap after GC invocations=20 (full 0):
 garbage-first heap   total 89088K, used 61250K [0x0000000080000000, 0x0000000100000000)
  region size 1024K, 1 young (1024K), 1 survivors (1024K)
 Metaspace       used 56675K, committed 57280K, reserved 491520K
  class space    used 8075K, committed 8384K, reserved 425984K
}
Event: 21.604 GC heap before
{Heap before GC invocations=20 (full 0):
 garbage-first heap   total 89088K, used 74562K [0x0000000080000000, 0x0000000100000000)
  region size 1024K, 14 young (14336K), 1 survivors (1024K)
 Metaspace       used 57560K, committed 58176K, reserved 491520K
  class space    used 8190K, committed 8448K, reserved 425984K
}
Event: 21.607 GC heap after
{Heap after GC invocations=21 (full 0):
 garbage-first heap   total 89088K, used 61617K [0x0000000080000000, 0x0000000100000000)
  region size 1024K, 2 young (2048K), 2 survivors (2048K)
 Metaspace       used 57560K, committed 58176K, reserved 491520K
  class space    used 8190K, committed 8448K, reserved 425984K
}
Event: 21.976 GC heap before
{Heap before GC invocations=22 (full 0):
 garbage-first heap   total 111616K, used 73905K [0x0000000080000000, 0x0000000100000000)
  region size 1024K, 15 young (15360K), 2 survivors (2048K)
 Metaspace       used 58748K, committed 59392K, reserved 491520K
  class space    used 8331K, committed 8640K, reserved 425984K
}
Event: 21.980 GC heap after
{Heap after GC invocations=23 (full 0):
 garbage-first heap   total 111616K, used 62807K [0x0000000080000000, 0x0000000100000000)
  region size 1024K, 2 young (2048K), 2 survivors (2048K)
 Metaspace       used 58748K, committed 59392K, reserved 491520K
  class space    used 8331K, committed 8640K, reserved 425984K
}
Event: 22.079 GC heap before
{Heap before GC invocations=23 (full 0):
 garbage-first heap   total 111616K, used 64855K [0x0000000080000000, 0x0000000100000000)
  region size 1024K, 5 young (5120K), 2 survivors (2048K)
 Metaspace       used 58924K, committed 59520K, reserved 491520K
  class space    used 8354K, committed 8640K, reserved 425984K
}
Event: 22.085 GC heap after
{Heap after GC invocations=24 (full 0):
 garbage-first heap   total 111616K, used 62652K [0x0000000080000000, 0x0000000100000000)
  region size 1024K, 1 young (1024K), 1 survivors (1024K)
 Metaspace       used 58924K, committed 59520K, reserved 491520K
  class space    used 8354K, committed 8640K, reserved 425984K
}
Event: 22.858 GC heap before
{Heap before GC invocations=24 (full 0):
 garbage-first heap   total 111616K, used 93372K [0x0000000080000000, 0x0000000100000000)
  region size 1024K, 31 young (31744K), 1 survivors (1024K)
 Metaspace       used 60700K, committed 61312K, reserved 491520K
  class space    used 8609K, committed 8896K, reserved 425984K
}
Event: 22.861 GC heap after
{Heap after GC invocations=25 (full 0):
 garbage-first heap   total 111616K, used 63544K [0x0000000080000000, 0x0000000100000000)
  region size 1024K, 2 young (2048K), 2 survivors (2048K)
 Metaspace       used 60700K, committed 61312K, reserved 491520K
  class space    used 8609K, committed 8896K, reserved 425984K
}
Event: 23.638 GC heap before
{Heap before GC invocations=26 (full 0):
 garbage-first heap   total 116736K, used 92216K [0x0000000080000000, 0x0000000100000000)
  region size 1024K, 31 young (31744K), 2 survivors (2048K)
 Metaspace       used 61858K, committed 62464K, reserved 491520K
  class space    used 8758K, committed 9024K, reserved 425984K
}
Event: 23.644 GC heap after
{Heap after GC invocations=27 (full 0):
 garbage-first heap   total 116736K, used 66471K [0x0000000080000000, 0x0000000100000000)
  region size 1024K, 4 young (4096K), 4 survivors (4096K)
 Metaspace       used 61858K, committed 62464K, reserved 491520K
  class space    used 8758K, committed 9024K, reserved 425984K
}
Event: 23.671 GC heap before
{Heap before GC invocations=27 (full 0):
 garbage-first heap   total 116736K, used 67495K [0x0000000080000000, 0x0000000100000000)
  region size 1024K, 5 young (5120K), 4 survivors (4096K)
 Metaspace       used 61926K, committed 62592K, reserved 491520K
  class space    used 8769K, committed 9088K, reserved 425984K
}
Event: 23.680 GC heap after
{Heap after GC invocations=28 (full 0):
 garbage-first heap   total 182272K, used 66669K [0x0000000080000000, 0x0000000100000000)
  region size 1024K, 1 young (1024K), 1 survivors (1024K)
 Metaspace       used 61926K, committed 62592K, reserved 491520K
  class space    used 8769K, committed 9088K, reserved 425984K
}
Event: 26.436 GC heap before
{Heap before GC invocations=28 (full 0):
 garbage-first heap   total 182272K, used 151661K [0x0000000080000000, 0x0000000100000000)
  region size 1024K, 84 young (86016K), 1 survivors (1024K)
 Metaspace       used 67135K, committed 67840K, reserved 491520K
  class space    used 9598K, committed 9984K, reserved 425984K
}
Event: 26.454 GC heap after
{Heap after GC invocations=29 (full 0):
 garbage-first heap   total 182272K, used 73454K [0x0000000080000000, 0x0000000100000000)
  region size 1024K, 8 young (8192K), 8 survivors (8192K)
 Metaspace       used 67135K, committed 67840K, reserved 491520K
  class space    used 9598K, committed 9984K, reserved 425984K
}
Event: 42.689 GC heap before
{Heap before GC invocations=29 (full 0):
 garbage-first heap   total 182272K, used 148206K [0x0000000080000000, 0x0000000100000000)
  region size 1024K, 81 young (82944K), 8 survivors (8192K)
 Metaspace       used 69772K, committed 70528K, reserved 491520K
  class space    used 9894K, committed 10240K, reserved 425984K
}
Event: 42.709 GC heap after
{Heap after GC invocations=30 (full 0):
 garbage-first heap   total 182272K, used 80781K [0x0000000080000000, 0x0000000100000000)
  region size 1024K, 9 young (9216K), 9 survivors (9216K)
 Metaspace       used 69772K, committed 70528K, reserved 491520K
  class space    used 9894K, committed 10240K, reserved 425984K
}
Event: 44.221 GC heap before
{Heap before GC invocations=30 (full 0):
 garbage-first heap   total 182272K, used 145293K [0x0000000080000000, 0x0000000100000000)
  region size 1024K, 73 young (74752K), 9 survivors (9216K)
 Metaspace       used 69881K, committed 70656K, reserved 491520K
  class space    used 9895K, committed 10240K, reserved 425984K
}
Event: 44.235 GC heap after
{Heap after GC invocations=31 (full 0):
 garbage-first heap   total 182272K, used 83778K [0x0000000080000000, 0x0000000100000000)
  region size 1024K, 5 young (5120K), 5 survivors (5120K)
 Metaspace       used 69881K, committed 70656K, reserved 491520K
  class space    used 9895K, committed 10240K, reserved 425984K
}

Dll operation events (14 events):
Event: 0.150 Loaded shared library C:\Program Files\Microsoft\jdk-17.0.8.7-hotspot\bin\java.dll
Event: 0.345 Loaded shared library C:\Program Files\Microsoft\jdk-17.0.8.7-hotspot\bin\jsvml.dll
Event: 0.531 Loaded shared library C:\Program Files\Microsoft\jdk-17.0.8.7-hotspot\bin\zip.dll
Event: 0.537 Loaded shared library C:\Program Files\Microsoft\jdk-17.0.8.7-hotspot\bin\instrument.dll
Event: 0.549 Loaded shared library C:\Program Files\Microsoft\jdk-17.0.8.7-hotspot\bin\net.dll
Event: 0.553 Loaded shared library C:\Program Files\Microsoft\jdk-17.0.8.7-hotspot\bin\nio.dll
Event: 0.580 Loaded shared library C:\Program Files\Microsoft\jdk-17.0.8.7-hotspot\bin\zip.dll
Event: 1.368 Loaded shared library C:\Program Files\Microsoft\jdk-17.0.8.7-hotspot\bin\jimage.dll
Event: 1.631 Loaded shared library C:\Program Files\Microsoft\jdk-17.0.8.7-hotspot\bin\verify.dll
Event: 1.965 Loaded shared library C:\Users\Hissam\.gradle\native\c067742578af261105cb4f569cf0c3c89f3d7b1fecec35dd04571415982c5e48\windows-amd64\native-platform.dll
Event: 1.992 Loaded shared library C:\Users\Hissam\.gradle\native\100fb08df4bc3b14c8652ba06237920a3bd2aa13389f12d3474272988ae205f9\windows-amd64\native-platform-file-events.dll
Event: 4.468 Loaded shared library C:\Program Files\Microsoft\jdk-17.0.8.7-hotspot\bin\management.dll
Event: 4.471 Loaded shared library C:\Program Files\Microsoft\jdk-17.0.8.7-hotspot\bin\management_ext.dll
Event: 5.286 Loaded shared library C:\Program Files\Microsoft\jdk-17.0.8.7-hotspot\bin\sunmscapi.dll

Deoptimization events (20 events):
Event: 44.795 Thread 0x000002514b290850 Uncommon trap: trap_request=0xffffffd6 fr.pc=0x000002511c1ed8c4 relative=0x0000000000001a84
Event: 44.795 Thread 0x000002514b290850 Uncommon trap: reason=array_check action=maybe_recompile pc=0x000002511c1ed8c4 method=java.util.TimSort.reverseRange([Ljava/lang/Object;II)V @ 20 c2
Event: 44.796 Thread 0x000002514b290850 DEOPT PACKING pc=0x000002511c1ed8c4 sp=0x000000b5edef73b0
Event: 44.796 Thread 0x000002514b290850 DEOPT UNPACKING pc=0x000002511b7c69a3 sp=0x000000b5edef71e0 mode 2
Event: 44.894 Thread 0x000002514c6f7c60 Uncommon trap: trap_request=0xffffffd6 fr.pc=0x000002511c1f7028 relative=0x0000000000001a68
Event: 44.894 Thread 0x000002514b290850 Uncommon trap: trap_request=0xffffffd6 fr.pc=0x000002511c1f7028 relative=0x0000000000001a68
Event: 44.894 Thread 0x000002514c6f7c60 Uncommon trap: reason=array_check action=maybe_recompile pc=0x000002511c1f7028 method=java.util.TimSort.reverseRange([Ljava/lang/Object;II)V @ 27 c2
Event: 44.894 Thread 0x000002514c6f7c60 DEOPT PACKING pc=0x000002511c1f7028 sp=0x000000b5efafd340
Event: 44.894 Thread 0x000002514c6f7c60 DEOPT UNPACKING pc=0x000002511b7c69a3 sp=0x000000b5efafd180 mode 2
Event: 44.894 Thread 0x000002514b290850 Uncommon trap: reason=array_check action=maybe_recompile pc=0x000002511c1f7028 method=java.util.TimSort.reverseRange([Ljava/lang/Object;II)V @ 27 c2
Event: 44.894 Thread 0x000002514b290850 DEOPT PACKING pc=0x000002511c1f7028 sp=0x000000b5edef73a0
Event: 44.895 Thread 0x000002514b290850 DEOPT UNPACKING pc=0x000002511b7c69a3 sp=0x000000b5edef71e0 mode 2
Event: 45.359 Thread 0x000002514b290850 DEOPT PACKING pc=0x0000025114afa6d9 sp=0x000000b5edef92d0
Event: 45.359 Thread 0x000002514b290850 DEOPT UNPACKING pc=0x000002511b7c7143 sp=0x000000b5edef87c8 mode 0
Event: 45.363 Thread 0x000002514b290850 DEOPT PACKING pc=0x0000025114afa6d9 sp=0x000000b5edef92d0
Event: 45.364 Thread 0x000002514b290850 DEOPT UNPACKING pc=0x000002511b7c7143 sp=0x000000b5edef87c8 mode 0
Event: 45.368 Thread 0x000002514b290850 DEOPT PACKING pc=0x0000025114afa6d9 sp=0x000000b5edef92d0
Event: 45.368 Thread 0x000002514b290850 DEOPT UNPACKING pc=0x000002511b7c7143 sp=0x000000b5edef87c8 mode 0
Event: 45.433 Thread 0x000002514b290850 DEOPT PACKING pc=0x00000251144b6561 sp=0x000000b5edef7c90
Event: 45.433 Thread 0x000002514b290850 DEOPT UNPACKING pc=0x000002511b7c7143 sp=0x000000b5edef7210 mode 0

Classes unloaded (0 events):
No events

Classes redefined (0 events):
No events

Internal exceptions (20 events):
Event: 41.165 Thread 0x000002514b290850 Exception <a 'java/lang/ClassNotFoundException'{0x0000000088232318}: java/util/AbstractCollectionBeanInfo> (0x0000000088232318) 
thrown [s\src\hotspot\share\classfile\systemDictionary.cpp, line 256]
Event: 41.165 Thread 0x000002514b290850 Exception <a 'java/lang/ClassNotFoundException'{0x000000008823a0c8}: java/util/AbstractCollectionCustomizer> (0x000000008823a0c8) 
thrown [s\src\hotspot\share\classfile\systemDictionary.cpp, line 256]
Event: 41.177 Thread 0x000002514b290850 Exception <a 'java/lang/ClassNotFoundException'{0x0000000088259be8}: org/gradle/api/internal/DefaultDomainObjectCollectionCustomizer> (0x0000000088259be8) 
thrown [s\src\hotspot\share\classfile\systemDictionary.cpp, line 256]
Event: 41.182 Thread 0x000002514b290850 Exception <a 'java/lang/ClassNotFoundException'{0x0000000088290380}: org/gradle/api/internal/DefaultNamedDomainObjectCollectionCustomizer> (0x0000000088290380) 
thrown [s\src\hotspot\share\classfile\systemDictionary.cpp, line 256]
Event: 41.188 Thread 0x000002514b290850 Exception <a 'java/lang/ClassNotFoundException'{0x00000000882cf268}: org/gradle/api/internal/DefaultNamedDomainObjectListCustomizer> (0x00000000882cf268) 
thrown [s\src\hotspot\share\classfile\systemDictionary.cpp, line 256]
Event: 41.193 Thread 0x000002514b290850 Exception <a 'java/lang/ClassNotFoundException'{0x0000000088105c58}: org/gradle/api/internal/artifacts/DefaultArtifactRepositoryContainerCustomizer> (0x0000000088105c58) 
thrown [s\src\hotspot\share\classfile\systemDictionary.cpp, line 256]
Event: 41.196 Thread 0x000002514b290850 Exception <a 'java/lang/ClassNotFoundException'{0x0000000088130578}: org/gradle/api/internal/artifacts/dsl/DefaultRepositoryHandlerCustomizer> (0x0000000088130578) 
thrown [s\src\hotspot\share\classfile\systemDictionary.cpp, line 256]
Event: 41.204 Thread 0x000002514b290850 Exception <a 'java/lang/ClassNotFoundException'{0x0000000088168a28}: org/gradle/api/internal/artifacts/dsl/DefaultRepositoryHandler_DecoratedCustomizer> (0x0000000088168a28) 
thrown [s\src\hotspot\share\classfile\systemDictionary.cpp, line 256]
Event: 41.228 Thread 0x000002514b290850 Exception <a 'java/lang/ClassNotFoundException'{0x0000000088011c60}: org/gradle/api/internal/artifacts/dsl/dependencies/DefaultDependencyHandler_DecoratedBeanInfo> (0x0000000088011c60) 
thrown [s\src\hotspot\share\classfile\systemDictionary.cpp, line 256]
Event: 41.229 Thread 0x000002514b290850 Exception <a 'java/lang/ClassNotFoundException'{0x0000000088029cf0}: org/gradle/api/internal/artifacts/dsl/dependencies/DefaultDependencyHandlerBeanInfo> (0x0000000088029cf0) 
thrown [s\src\hotspot\share\classfile\systemDictionary.cpp, line 256]
Event: 41.231 Thread 0x000002514b290850 Exception <a 'java/lang/ClassNotFoundException'{0x00000000880417f0}: org/gradle/api/internal/artifacts/dsl/dependencies/DefaultDependencyHandlerCustomizer> (0x00000000880417f0) 
thrown [s\src\hotspot\share\classfile\systemDictionary.cpp, line 256]
Event: 41.235 Thread 0x000002514b290850 Exception <a 'java/lang/ClassNotFoundException'{0x0000000088081700}: org/gradle/api/internal/artifacts/dsl/dependencies/DefaultDependencyHandler_DecoratedCustomizer> (0x0000000088081700) 
thrown [s\src\hotspot\share\classfile\systemDictionary.cpp, line 256]
Event: 42.439 Thread 0x000002514c6fb410 Exception <a 'sun/nio/fs/WindowsException'{0x0000000086c1de48}> (0x0000000086c1de48) 
thrown [s\src\hotspot\share\prims\jni.cpp, line 516]
Event: 42.440 Thread 0x000002514c6fb410 Exception <a 'sun/nio/fs/WindowsException'{0x0000000086c20ba8}> (0x0000000086c20ba8) 
thrown [s\src\hotspot\share\prims\jni.cpp, line 516]
Event: 42.441 Thread 0x000002514c6fb410 Exception <a 'sun/nio/fs/WindowsException'{0x0000000086c234c8}> (0x0000000086c234c8) 
thrown [s\src\hotspot\share\prims\jni.cpp, line 516]
Event: 42.442 Thread 0x000002514c6fb410 Exception <a 'sun/nio/fs/WindowsException'{0x0000000086c25a30}> (0x0000000086c25a30) 
thrown [s\src\hotspot\share\prims\jni.cpp, line 516]
Event: 42.734 Thread 0x000002514b774f10 Implicit null exception at 0x000002511c15d860 to 0x000002511c15d8f8
Event: 43.195 Thread 0x000002514c6f9fd0 Implicit null exception at 0x000002511c190d4a to 0x000002511c191440
Event: 45.408 Thread 0x000002514b290850 Exception <a 'java/lang/ClassNotFoundException'{0x0000000087b049a8}: build_41ylaudn0pewvaw08lbuelsbsBeanInfo> (0x0000000087b049a8) 
thrown [s\src\hotspot\share\classfile\systemDictionary.cpp, line 256]
Event: 45.408 Thread 0x000002514b290850 Exception <a 'java/lang/ClassNotFoundException'{0x0000000087b0bc30}: build_41ylaudn0pewvaw08lbuelsbsCustomizer> (0x0000000087b0bc30) 
thrown [s\src\hotspot\share\classfile\systemDictionary.cpp, line 256]

VM Operations (20 events):
Event: 41.313 Executing VM operation: HandshakeAllThreads
Event: 41.313 Executing VM operation: HandshakeAllThreads done
Event: 41.484 Executing VM operation: HandshakeAllThreads
Event: 41.484 Executing VM operation: HandshakeAllThreads done
Event: 41.497 Executing VM operation: ICBufferFull
Event: 41.497 Executing VM operation: ICBufferFull done
Event: 42.002 Executing VM operation: ICBufferFull
Event: 42.003 Executing VM operation: ICBufferFull done
Event: 42.106 Executing VM operation: ICBufferFull
Event: 42.106 Executing VM operation: ICBufferFull done
Event: 42.535 Executing VM operation: ICBufferFull
Event: 42.536 Executing VM operation: ICBufferFull done
Event: 42.689 Executing VM operation: G1CollectForAllocation
Event: 42.709 Executing VM operation: G1CollectForAllocation done
Event: 43.399 Executing VM operation: ICBufferFull
Event: 43.399 Executing VM operation: ICBufferFull done
Event: 44.221 Executing VM operation: G1CollectForAllocation
Event: 44.236 Executing VM operation: G1CollectForAllocation done
Event: 45.245 Executing VM operation: Cleanup
Event: 45.245 Executing VM operation: Cleanup done

Events (20 events):
Event: 41.165 loading class java/util/AbstractCollectionBeanInfo done
Event: 41.165 loading class java/util/AbstractCollectionCustomizer
Event: 41.165 loading class java/util/AbstractCollectionCustomizer done
Event: 41.165 loading class java/util/AbstractCollectionCustomizer
Event: 41.165 loading class java/util/AbstractCollectionCustomizer done
Event: 41.166 loading class sun/reflect/generics/reflectiveObjects/GenericArrayTypeImpl
Event: 41.175 loading class sun/reflect/generics/reflectiveObjects/GenericArrayTypeImpl done
Event: 41.487 Thread 0x000002512a480800 flushing nmethod 0x00000251142d2810
Event: 41.493 Thread 0x000002512a480800 flushing nmethod 0x0000025114841e90
Event: 41.496 Thread 0x000002512a480800 flushing nmethod 0x0000025114a9e110
Event: 41.496 Thread 0x000002512a480800 flushing nmethod 0x0000025114b2c010
Event: 41.790 loading class java/util/Collections$ReverseComparator
Event: 41.791 loading class java/util/Collections$ReverseComparator done
Event: 41.791 loading class java/util/Collections$ReverseComparator2
Event: 41.791 loading class java/util/Collections$ReverseComparator2 done
Event: 42.243 Thread 0x000002514dc99d10 Thread added: 0x000002514dc99d10
Event: 42.243 Thread 0x000002514dc9b660 Thread added: 0x000002514dc9b660
Event: 42.244 Thread 0x000002514dc96f80 Thread added: 0x000002514dc96f80
Event: 42.287 Thread 0x000002514dc96050 Thread added: 0x000002514dc96050
Event: 45.378 Thread 0x000002514dc9bb70 Thread added: 0x000002514dc9bb70


Dynamic libraries:
0x00007ff7b4360000 - 0x00007ff7b436e000 	C:\Program Files\Microsoft\jdk-17.0.8.7-hotspot\bin\java.exe
0x00007fffc60f0000 - 0x00007fffc62e8000 	C:\Windows\SYSTEM32\ntdll.dll
0x00007fffc5b10000 - 0x00007fffc5bd1000 	C:\Windows\System32\KERNEL32.DLL
0x00007fffc3e20000 - 0x00007fffc411d000 	C:\Windows\System32\KERNELBASE.dll
0x00007fffc3af0000 - 0x00007fffc3bf0000 	C:\Windows\System32\ucrtbase.dll
0x00007fff8cfb0000 - 0x00007fff8cfc7000 	C:\Program Files\Microsoft\jdk-17.0.8.7-hotspot\bin\jli.dll
0x00007fff8cc80000 - 0x00007fff8cc9b000 	C:\Program Files\Microsoft\jdk-17.0.8.7-hotspot\bin\VCRUNTIME140.dll
0x00007fffc5340000 - 0x00007fffc54dd000 	C:\Windows\System32\USER32.dll
0x00007fffa8130000 - 0x00007fffa83ca000 	C:\Windows\WinSxS\amd64_microsoft.windows.common-controls_6595b64144ccf1df_6.0.19041.4355_none_60b8b9eb71f62e16\COMCTL32.dll
0x00007fffc3840000 - 0x00007fffc3862000 	C:\Windows\System32\win32u.dll
0x00007fffc4120000 - 0x00007fffc41be000 	C:\Windows\System32\msvcrt.dll
0x00007fffc41c0000 - 0x00007fffc41eb000 	C:\Windows\System32\GDI32.dll
0x00007fffc3870000 - 0x00007fffc3987000 	C:\Windows\System32\gdi32full.dll
0x00007fffc37a0000 - 0x00007fffc383d000 	C:\Windows\System32\msvcp_win.dll
0x00007fffc5ae0000 - 0x00007fffc5b0f000 	C:\Windows\System32\IMM32.DLL
0x00007fffb8de0000 - 0x00007fffb8dec000 	C:\Program Files\Microsoft\jdk-17.0.8.7-hotspot\bin\vcruntime140_1.dll
0x00007fff50160000 - 0x00007fff501ed000 	C:\Program Files\Microsoft\jdk-17.0.8.7-hotspot\bin\msvcp140.dll
0x00007fff38a50000 - 0x00007fff396b5000 	C:\Program Files\Microsoft\jdk-17.0.8.7-hotspot\bin\server\jvm.dll
0x00007fffc5290000 - 0x00007fffc5340000 	C:\Windows\System32\ADVAPI32.dll
0x00007fffc4aa0000 - 0x00007fffc4b40000 	C:\Windows\System32\sechost.dll
0x00007fffc4fc0000 - 0x00007fffc50e3000 	C:\Windows\System32\RPCRT4.dll
0x00007fffc3cd0000 - 0x00007fffc3cf7000 	C:\Windows\System32\bcrypt.dll
0x00007fffc35f0000 - 0x00007fffc363b000 	C:\Windows\SYSTEM32\POWRPROF.dll
0x00007fffab6c0000 - 0x00007fffab6c9000 	C:\Windows\SYSTEM32\WSOCK32.dll
0x00007fffc4da0000 - 0x00007fffc4e0b000 	C:\Windows\System32\WS2_32.dll
0x00007fffaa970000 - 0x00007fffaa997000 	C:\Windows\SYSTEM32\WINMM.dll
0x00007fffb9380000 - 0x00007fffb938a000 	C:\Windows\SYSTEM32\VERSION.dll
0x00007fffc35d0000 - 0x00007fffc35e2000 	C:\Windows\SYSTEM32\UMPDC.dll
0x00007fffc1fb0000 - 0x00007fffc1fc2000 	C:\Windows\SYSTEM32\kernel.appcore.dll
0x00007fffb80e0000 - 0x00007fffb80ea000 	C:\Program Files\Microsoft\jdk-17.0.8.7-hotspot\bin\jimage.dll
0x00007fffc15f0000 - 0x00007fffc17d4000 	C:\Windows\SYSTEM32\DBGHELP.DLL
0x00007fffb7e50000 - 0x00007fffb7e84000 	C:\Windows\SYSTEM32\dbgcore.DLL
0x00007fffc3bf0000 - 0x00007fffc3c72000 	C:\Windows\System32\bcryptPrimitives.dll
0x00007fffac960000 - 0x00007fffac96e000 	C:\Program Files\Microsoft\jdk-17.0.8.7-hotspot\bin\instrument.dll
0x00007fff3e960000 - 0x00007fff3e985000 	C:\Program Files\Microsoft\jdk-17.0.8.7-hotspot\bin\java.dll
0x00007fff38970000 - 0x00007fff38a47000 	C:\Program Files\Microsoft\jdk-17.0.8.7-hotspot\bin\jsvml.dll
0x00007fffc4250000 - 0x00007fffc49bf000 	C:\Windows\System32\SHELL32.dll
0x00007fffc17e0000 - 0x00007fffc1f7f000 	C:\Windows\SYSTEM32\windows.storage.dll
0x00007fffc54f0000 - 0x00007fffc5843000 	C:\Windows\System32\combase.dll
0x00007fffc30f0000 - 0x00007fffc311e000 	C:\Windows\SYSTEM32\Wldp.dll
0x00007fffc5a10000 - 0x00007fffc5add000 	C:\Windows\System32\OLEAUT32.dll
0x00007fffc5850000 - 0x00007fffc58fd000 	C:\Windows\System32\SHCORE.dll
0x00007fffc5be0000 - 0x00007fffc5c35000 	C:\Windows\System32\shlwapi.dll
0x00007fffc36d0000 - 0x00007fffc36f4000 	C:\Windows\SYSTEM32\profapi.dll
0x00007fff5dd60000 - 0x00007fff5dd78000 	C:\Program Files\Microsoft\jdk-17.0.8.7-hotspot\bin\zip.dll
0x00007fff7d950000 - 0x00007fff7d969000 	C:\Program Files\Microsoft\jdk-17.0.8.7-hotspot\bin\net.dll
0x00007fffb4900000 - 0x00007fffb4a0d000 	C:\Windows\SYSTEM32\WINHTTP.dll
0x00007fffc2e50000 - 0x00007fffc2eba000 	C:\Windows\system32\mswsock.dll
0x00007fff5e130000 - 0x00007fff5e146000 	C:\Program Files\Microsoft\jdk-17.0.8.7-hotspot\bin\nio.dll
0x00007fffb8dc0000 - 0x00007fffb8dd0000 	C:\Program Files\Microsoft\jdk-17.0.8.7-hotspot\bin\verify.dll
0x00007fffa2ca0000 - 0x00007fffa2cc7000 	C:\Users\Hissam\.gradle\native\c067742578af261105cb4f569cf0c3c89f3d7b1fecec35dd04571415982c5e48\windows-amd64\native-platform.dll
0x00007fff8bc70000 - 0x00007fff8bdb4000 	C:\Users\Hissam\.gradle\native\100fb08df4bc3b14c8652ba06237920a3bd2aa13389f12d3474272988ae205f9\windows-amd64\native-platform-file-events.dll
0x00007fffb0a60000 - 0x00007fffb0a69000 	C:\Program Files\Microsoft\jdk-17.0.8.7-hotspot\bin\management.dll
0x00007fffae850000 - 0x00007fffae85b000 	C:\Program Files\Microsoft\jdk-17.0.8.7-hotspot\bin\management_ext.dll
0x00007fffc4bd0000 - 0x00007fffc4bd8000 	C:\Windows\System32\PSAPI.DLL
0x00007fffc3050000 - 0x00007fffc3068000 	C:\Windows\SYSTEM32\CRYPTSP.dll
0x00007fffc2770000 - 0x00007fffc27a4000 	C:\Windows\system32\rsaenh.dll
0x00007fffc3640000 - 0x00007fffc366e000 	C:\Windows\SYSTEM32\USERENV.dll
0x00007fffc3040000 - 0x00007fffc304c000 	C:\Windows\SYSTEM32\CRYPTBASE.dll
0x00007fffc2b30000 - 0x00007fffc2b6b000 	C:\Windows\SYSTEM32\IPHLPAPI.DLL
0x00007fffc54e0000 - 0x00007fffc54e8000 	C:\Windows\System32\NSI.dll
0x00007fffb6230000 - 0x00007fffb6247000 	C:\Windows\SYSTEM32\dhcpcsvc6.DLL
0x00007fffb7cb0000 - 0x00007fffb7ccd000 	C:\Windows\SYSTEM32\dhcpcsvc.DLL
0x00007fffc2b70000 - 0x00007fffc2c3a000 	C:\Windows\SYSTEM32\DNSAPI.dll
0x00007fffadd90000 - 0x00007fffadd9e000 	C:\Program Files\Microsoft\jdk-17.0.8.7-hotspot\bin\sunmscapi.dll
0x00007fffc3990000 - 0x00007fffc3aee000 	C:\Windows\System32\CRYPT32.dll
0x00007fffc3160000 - 0x00007fffc3189000 	C:\Windows\SYSTEM32\ncrypt.dll
0x00007fffc3120000 - 0x00007fffc315b000 	C:\Windows\SYSTEM32\NTASN1.dll
0x00007fffb0af0000 - 0x00007fffb0af7000 	C:\Windows\system32\wshunix.dll
0x00007fffa7f40000 - 0x00007fffa7f57000 	C:\Windows\system32\napinsp.dll
0x00007fffa7f20000 - 0x00007fffa7f3b000 	C:\Windows\system32\pnrpnsp.dll
0x00007fffbca30000 - 0x00007fffbca45000 	C:\Windows\system32\wshbth.dll
0x00007fffb8a80000 - 0x00007fffb8a9d000 	C:\Windows\system32\NLAapi.dll
0x00007fffa7ee0000 - 0x00007fffa7ef2000 	C:\Windows\System32\winrnr.dll
0x000000005b2a0000 - 0x000000005b2c6000 	C:\Program Files\Bonjour\mdnsNSP.dll
0x00007fffb8370000 - 0x00007fffb837a000 	C:\Windows\System32\rasadhlp.dll
0x00007fffafbb0000 - 0x00007fffafc30000 	C:\Windows\System32\fwpuclnt.dll

dbghelp: loaded successfully - version: 4.0.5 - missing functions: none
symbol engine: initialized successfully - sym options: 0x614 - pdb path: .;C:\Program Files\Microsoft\jdk-17.0.8.7-hotspot\bin;C:\Windows\SYSTEM32;C:\Windows\WinSxS\amd64_microsoft.windows.common-controls_6595b64144ccf1df_6.0.19041.4355_none_60b8b9eb71f62e16;C:\Program Files\Microsoft\jdk-17.0.8.7-hotspot\bin\server;C:\Users\Hissam\.gradle\native\c067742578af261105cb4f569cf0c3c89f3d7b1fecec35dd04571415982c5e48\windows-amd64;C:\Users\Hissam\.gradle\native\100fb08df4bc3b14c8652ba06237920a3bd2aa13389f12d3474272988ae205f9\windows-amd64;C:\Program Files\Bonjour

VM Arguments:
jvm_args: -XX:MaxMetaspaceSize=512m --add-opens=java.base/java.util=ALL-UNNAMED --add-opens=java.base/java.lang=ALL-UNNAMED --add-opens=java.base/java.lang.invoke=ALL-UNNAMED --add-opens=java.prefs/java.util.prefs=ALL-UNNAMED --add-opens=java.base/java.nio.charset=ALL-UNNAMED --add-opens=java.base/java.net=ALL-UNNAMED --add-opens=java.base/java.util.concurrent.atomic=ALL-UNNAMED -Xmx2048m -Dfile.encoding=windows-1252 -Duser.country=US -Duser.language=en -Duser.variant -javaagent:C:\Users\Hissam\.gradle\wrapper\dists\gradle-8.8-all\6gdy1pgp427xkqcjbxw3ylt6h\gradle-8.8\lib\agents\gradle-instrumentation-agent-8.8.jar 
java_command: org.gradle.launcher.daemon.bootstrap.GradleDaemon 8.8
java_class_path (initial): C:\Users\Hissam\.gradle\wrapper\dists\gradle-8.8-all\6gdy1pgp427xkqcjbxw3ylt6h\gradle-8.8\lib\gradle-launcher-8.8.jar
Launcher Type: SUN_STANDARD

[Global flags]
     intx CICompilerCount                          = 3                                         {product} {ergonomic}
   size_t CompressedClassSpaceSize                 = 436207616                                 {product} {ergonomic}
     uint ConcGCThreads                            = 1                                         {product} {ergonomic}
     uint G1ConcRefinementThreads                  = 4                                         {product} {ergonomic}
   size_t G1HeapRegionSize                         = 1048576                                   {product} {ergonomic}
    uintx GCDrainStackTargetSize                   = 64                                        {product} {ergonomic}
   size_t InitialHeapSize                          = 134217728                                 {product} {ergonomic}
   size_t MarkStackSize                            = 4194304                                   {product} {ergonomic}
   size_t MaxHeapSize                              = 2147483648                                {product} {command line}
   size_t MaxMetaspaceSize                         = 536870912                                 {product} {command line}
   size_t MaxNewSize                               = 1287651328                                {product} {ergonomic}
   size_t MinHeapDeltaBytes                        = 1048576                                   {product} {ergonomic}
   size_t MinHeapSize                              = 8388608                                   {product} {ergonomic}
    uintx NonNMethodCodeHeapSize                   = 5832780                                {pd product} {ergonomic}
    uintx NonProfiledCodeHeapSize                  = 122912730                              {pd product} {ergonomic}
    uintx ProfiledCodeHeapSize                     = 122912730                              {pd product} {ergonomic}
    uintx ReservedCodeCacheSize                    = 251658240                              {pd product} {ergonomic}
     bool SegmentedCodeCache                       = true                                      {product} {ergonomic}
   size_t SoftMaxHeapSize                          = 2147483648                             {manageable} {ergonomic}
     bool UseCompressedClassPointers               = true                           {product lp64_product} {ergonomic}
     bool UseCompressedOops                        = true                           {product lp64_product} {ergonomic}
     bool UseG1GC                                  = true                                      {product} {ergonomic}
     bool UseLargePagesIndividualAllocation        = false                                  {pd product} {ergonomic}

Logging:
Log output configuration:
 #0: stdout all=warning uptime,level,tags
 #1: stderr all=off uptime,level,tags

Environment Variables:
JAVA_HOME=C:\Program Files\Microsoft\jdk-17.0.8.7-hotspot\
CLASSPATH=C:\Users\Hissam\Downloads\nymvp-main\android\\gradle\wrapper\gradle-wrapper.jar
PATH=C:\Users\Hissam\Downloads\nymvp-main\node_modules\.bin;C:\Users\Hissam\Downloads\node_modules\.bin;C:\Users\Hissam\node_modules\.bin;C:\Users\node_modules\.bin;C:\node_modules\.bin;C:\Users\Hissam\AppData\Roaming\npm\node_modules\npm\node_modules\@npmcli\run-script\lib\node-gyp-bin;C:\oraclexe\app\oracle\product\11.2.0\server\bin;;C:\Program Files\Microsoft\jdk-17.0.8.7-hotspot\bin;C:\Windows\system32;C:\Windows;C:\Windows\System32\Wbem;C:\Windows\System32\WindowsPowerShell\v1.0\;C:\Windows\System32\OpenSSH\;C:\ProgramData\chocolatey\bin;C:\Program Files\nodejs\;C:\Program Files\Git\cmd;C:\Users\Hissam\AppData\Local\Android\Sdk\tools;C:\Users\Hissam\AppData\Local\Microsoft\WindowsApps;C:\Users\Hissam\AppData\Local\Programs\Microsoft VS Code\bin;C:\Users\Hissam\AppData\Roaming\npm;C:\Users\Hissam\AppData\Local\Android\Sdk\platform-tools;
USERNAME=Hissam
LANG=en_US.UTF-8
OS=Windows_NT
PROCESSOR_IDENTIFIER=Intel64 Family 6 Model 78 Stepping 3, GenuineIntel
TMP=C:\Users\Hissam\AppData\Local\Temp
TEMP=C:\Users\Hissam\AppData\Local\Temp



---------------  S Y S T E M  ---------------

OS:
 Windows 10 , 64 bit Build 19041 (10.0.19041.4717)
OS uptime: 0 days 21:10 hours

CPU: total 4 (initial active 4) (2 cores per cpu, 2 threads per core) family 6 model 78 stepping 3 microcode 0xf0, cx8, cmov, fxsr, ht, mmx, 3dnowpref, sse, sse2, sse3, ssse3, sse4.1, sse4.2, popcnt, lzcnt, tsc, tscinvbit, avx, avx2, aes, erms, clmul, bmi1, bmi2, adx, fma, vzeroupper, clflush, clflushopt
Processor Information for all 4 processors :
  Max Mhz: 2400, Current Mhz: 2300, Mhz Limit: 2280

Memory: 4k page, system-wide physical 8071M (317M free)
TotalPageFile size 28551M (AvailPageFile size 17674M)
current process WorkingSet (physical memory assigned to process): 398M, peak: 399M
current process commit charge ("private bytes"): 433M, peak: 435M

vm_info: OpenJDK 64-Bit Server VM (17.0.8+7-LTS) for windows-amd64 JRE (17.0.8+7-LTS), built on Jul  7 2023 17:21:55 by "MicrosoftCorporation" with MS VC++ 16.10 / 16.11 (VS2019)

END.
